Script started on 2020-10-17 23:21:17-04:00 [TERM="xterm-256color" TTY="/dev/pts/4" COLUMNS="120" LINES="30"]
bhogan9@remote02:~/projects/i220a/submit/lab7$ [Kbhogan9@remote02:~/projects/i220a/submit/lab7$ ls
exercises  lab7.LOG
bhogan9@remote02:~/projects/i220a/submit/lab7$ emac[K[K[K[Kcd exercises/
bhogan9@remote02:~/projects/i220a/submit/lab7/exercises$ ls
hello.c  Makefile  mystery.o
bhogan9@remote02:~/projects/i220a/submit/lab7/exercises$ make
cc -g -Wall  -std=c11    hello.c   -o hello
cc -g -Wall  -std=c11 -S hello.c
bhogan9@remote02:~/projects/i220a/submit/lab7/exercises$ ./hello Ben
hello Ben
bhogan9@remote02:~/projects/i220a/submit/lab7/exercises$ size hello
   text	   data	    bss	    dec	    hex	filename
   1874	    592	     48	   2514	    9d2	hello
bhogan9@remote02:~/projects/i220a/submit/lab7/exercises$ size -A hello
hello  :
section              size    addr
.interp                28     680
.note.ABI-tag          32     708
.note.gnu.build-id     36     740
.gnu.hash              48     776
.dynsym               240     824
.dynstr               152    1064
.gnu.version           20    1216
.gnu.version_r         32    1240
.rela.dyn             240    1272
.rela.plt              48    1512
.init                  23    4096
.plt                   48    4128
.plt.got                8    4176
.text                 513    4192
.fini                   9    4708
.rodata                33    8192
.eh_frame_hdr          68    8228
.eh_frame             296    8296
.init_array             8   15848
.fini_array             8   15856
.dynamic              480   15864
.got                   40   16344
.got.plt               40   16384
.data                  16   16424
.bss                   48   16448
.comment               28       0
.debug_aranges         48       0
.debug_info           860       0
.debug_abbrev         287       0
.debug_line           308       0
.debug_str            606       0
Total                4651


bhogan9@remote02:~/projects/i220a/submit/lab7/exercises$ objk[Kdump -d hello > hello.objdump
bhogan9@remote02:~/projects/i220a/submit/lab7/exercises$ emacs hello.objdump 
[?1049h[22;0;0t[?12;25h[?1h=[H[2J[63d[K[?1l>[?12l[?25h[?1049l[23;0;0t[39;49m[?1049h[22;0;0t[?12;25h[?1h=[H[2J[62d[?25l[30m[47m-UUU:----F1  [39;49m[1m[30m[47m*scratch*   [0m[39;49m[30m[47m   All L1     (Fundamental) ----------------------------------------------------------------[39;49m
[A[2d[?12l[?25h[?12;25h[63d[?25lLoading /etc/emacs/site-start.d/00debian.el (source)...done[K[H
[?12l[?25h[?12;25h[63;33H[?25l50a2ps.el (source)...[K[H
[?12l[?25h[?12;25h[63;54H[?25ldone[H
[?12l[?25h[?12;25h[63;36H[?25lsymptote.el (source)...[H
[?12l[?25h[?12;25h[63;59H[?25ldone[H
[?12l[?25h[?12;25h[63;36H[?25lutoconf.el (source)...[K[H
[?12l[?25h[?12;25h[63;58H[?25ldone[H
[?12l[?25h[?12;25h[63;35H[?25lcmake-data.el (source)...[K[H
[?12l[?25h[?12;25h[63;60H[?25ldone[H
[?12l[?25h[?12;25h[63;35H[?25ldevhelp.el (source)...[K[H
[?12l[?25h[?12;25h[63;57H[?25ldone[H
[?12l[?25h[?12;25h[63;36H[?25lictionaries-common.el (source)...[H
[?12l[?25h[?12;25h[63;9H[?25ldebian-ispell...[K[H
[?12l[?25h[?12;25h[63;9H[?25l/var/cache/dictionaries-common/emacsen-ispell-default.el (source)...[H
[?12l[?25h[?12;25h[63;77H[?25ldone[H
[?12l[?25h[?12;25h[63;9H[?25ldebian-ispell...done[K[H
[?12l[?25h[?12;25h[63;9H[?25l/var/cache/dictionaries-common/emacsen-ispell-dicts.el (source)...[H
[?12l[?25h[?12;25h[63;75H[?25ldone[H
[?12l[?25h[?12;25h[63;10H[?25letc/emacs/site-start.d/50dictionaries-common[6P[H
[?12l[?25h[?12;25h[63;35H[?25lerlang-mode.el (source)...[K[H
[?12l[?25h[?12;25h[63;61H[?25ldone[H
[?12l[?25h[?12;25h[63;35H[?25lhaskell-mode.el (source)...[K[H
[?12l[?25h[?12;25h[63;10H[?25lusr/share/emacs/site-lisp/elpa/haskel[34@l-mode-16.1/haskell-mode-autoloads[H
[?12l[?25h[?12;25h[63;96H[?25ldone[H
[?12l[?25h[?12;25h[63;10H[?25letc/emacs/site-start.d/50haskell-mode[34P[H
[?12l[?25h[?12;25h[63;35H[?25llatex-cjk-common.el (source)...[H
[?12l[?25h[?12;25h[63;10H[?25lusr/share/emacs/site-lisp/latex-cjk-commo[9@n/cjk-enc[H
[?12l[?25h[?12;25h[63;75H[?25ldone[H
[?12l[?25h[?12;25h[63;10H[?25letc/emacs/site-start.d/50latex-cjk-common[9P[H
[?12l[?25h[?12;25h[63;45H[?25lthai.el (source)...[K[H
[?12l[?25h[?12;25h[63;64H[?25ldone[H
[?12l[?25h[?12;25h[63;35H[?25lpsvn.el (source)...[K[H
[?12l[?25h[?12;25h[63;54H[?25ldone[H
[?12l[?25h[?12;25h[63;36H[?25lython-docutils.el (source)...[H
[?12l[?25h[?12;25h[63;65H[?25ldone[H
[?12l[?25h[?12;25h[63;35H[?25ltcsh.el (source)...[K[H
[?12l[?25h[?12;25h[63;54H[?25ldone[H
[?12l[?25h[?12;25h[63;36H[?25lexlive-lang-english.el (source)...[H
[?12l[?25h[?12;25h[63;70H[?25ldone[H
[?12l[?25h[?12;25h[>0c[63d[?25lLoading /etc/emacs/site-start.d/50texlive-lang-english.el (source)...done[K[H[7mFile Edit Options Buffers Tools Lisp-Interaction Help                                                                [0m[39;49m[27m
[A
[K
[K
[K
[K
[K
[K
[K
[K
[K
[K
[K
[K
[K
[K
[K
[K
[K
[K
[K
[K
[K
[K
[K
[K
[K
[K
[K
[K
[K
[K
[K
[K
[K
[K
[K
[K
[K
[K
[K
[K
[K
[K
[K
[K
[K
[K
[K
[K
[K
[K
[K
[K
[K
[K
[K
[K
[K
[K
[K
[K
[30m[48;5;250m-UUU:----F1  [39;49m[1m[30m[48;5;250m*scratch*   [0m[39;49m[30m[48;5;250m   All L1     (Lisp Interaction ElDoc) -----------------------------------------------------[39;49m
[A[2d[?12l[?25h[?12;25h[?2004h[63d[?25lFor information about GNU Emacs and the GNU system, type C-h C-a.[K[H
[?12l[?25h[?12;25h[63d[?25lFor information about GNU Emacs and the GNU system, type C-h C-a.[K[H[7mFile Edit Options Buffers Tools Help                                                                                 [0m[39;49m[27m
[A
[K
hello:     file format elf64-x86-64[K
[K
[K
Disassembly of section .init:[K
[K
0000000000001000 <_init>:[K
    1000:       48 83 ec 08             sub    $0x8,%rsp[K
    1004:       48 8b 05 dd 2f 00 00    mov    0x2fdd(%rip),%rax        # 3fe8 <__gmon_start__>[K
    100b:       48 85 c0                test   %rax,%rax[K
    100e:       74 02                   je     1012 <_init+0x12>[K
    1010:       ff d0                   callq  *%rax[K
    1012:       48 83 c4 08             add    $0x8,%rsp[K
    1016:       c3                      retq[K
[K
Disassembly of section .plt:[K
[K
0000000000001020 <.plt>:[K
    1020:       ff 35 e2 2f 00 00       pushq  0x2fe2(%rip)        # 4008 <_GLOBAL_OFFSET_TABLE_+0x8>[K
    1026:       ff 25 e4 2f 00 00       jmpq   *0x2fe4(%rip)        # 4010 <_GLOBAL_OFFSET_TABLE_+0x10>[K
    102c:       0f 1f 40 00             nopl   0x0(%rax)[K
[K
0000000000001030 <fprintf@plt>:[K
    1030:       ff 25 e2 2f 00 00       jmpq   *0x2fe2(%rip)        # 4018 <fprintf@GLIBC_2.2.5>[K
    1036:       68 00 00 00 00          pushq  $0x0[K
    103b:       e9 e0 ff ff ff          jmpq   1020 <.plt>[K
[K
0000000000001040 <exit@plt>:[K
    1040:       ff 25 da 2f 00 00       jmpq   *0x2fda(%rip)        # 4020 <exit@GLIBC_2.2.5>[K
    1046:       68 01 00 00 00          pushq  $0x1[K
    104b:       e9 d0 ff ff ff          jmpq   1020 <.plt>[K
[K
Disassembly of section .plt.got:[K
[K
0000000000001050 <__cxa_finalize@plt>:[K
    1050:       ff 25 a2 2f 00 00       jmpq   *0x2fa2(%rip)        # 3ff8 <__cxa_finalize@GLIBC_2.2.5>[K
    1056:       66 90                   xchg   %ax,%ax[K
[K
Disassembly of section .text:[K
[K
0000000000001060 <_start>:[K
    1060:       31 ed                   xor    %ebp,%ebp[K
    1062:       49 89 d1                mov    %rdx,%r9[K
    1065:       5e                      pop    %rsi[K
    1066:       48 89 e2                mov    %rsp,%rdx[K
    1069:       48 83 e4 f0             and    $0xfffffffffffffff0,%rsp[K
    106d:       50                      push   %rax[K
    106e:       54                      push   %rsp[K
    106f:       4c 8d 05 ea 01 00 00    lea    0x1ea(%rip),%r8        # 1260 <__libc_csu_fini>[K
    1076:       48 8d 0d 83 01 00 00    lea    0x183(%rip),%rcx        # 1200 <__libc_csu_init>[K
    107d:       48 8d 3d f0 00 00 00    lea    0xf0(%rip),%rdi        # 1174 <main>[K
    1084:       ff 15 56 2f 00 00       callq  *0x2f56(%rip)        # 3fe0 <__libc_start_main@GLIBC_2.2.5>[K
    108a:       f4                      hlt[K
    108b:       0f 1f 44 00 00          nopl   0x0(%rax,%rax,1)[K
[K
0000000000001090 <deregister_tm_clones>:[K
    1090:       48 8d 3d a1 2f 00 00    lea    0x2fa1(%rip),%rdi        # 4038 <__TMC_END__>[K
    1097:       48 8d 05 9a 2f 00 00    lea    0x2f9a(%rip),%rax        # 4038 <__TMC_END__>[K
    109e:       48 39 f8                cmp    %rdi,%rax[K
    10a1:       74 15                   je     10b8 <deregister_tm_clones+0x28>[K
[30m[48;5;250m-UU-:----F1  [39;49m[1m[30m[48;5;250mhello.objdump[0m[39;49m[30m[48;5;250m   Top L1     (Fundamental) ---------------------------------------------------------------[39;49m
[A[2d[?12l[?25h[?12;25h[63d[K[62;35H[?25l[30m[48;5;250m2[39;49m[H

[?12l[?25h[?12;25h[62;35H[?25l[30m[48;5;250m3[39;49m[4;1H[?12l[?25h[?12;25h[62;35H[?25l[30m[48;5;250m4[39;49m[5;1H[?12l[?25h[?12;25h[62;35H[?25l[30m[48;5;250m5[39;49m[6;1H[?12l[?25h[?12;25h[62;35H[?25l[30m[48;5;250m6[39;49m[7;1H[?12l[?25h[?12;25h[62;35H[?25l[30m[48;5;250m7[39;49m[8;1H[?12l[?25h[?12;25h[62;35H[?25l[30m[48;5;250m8[39;49m[9;1H[?12l[?25h[?12;25h[62;35H[?25l[30m[48;5;250m9[39;49m[10;1H[?12l[?25h[?12;25h[62;35H[?25l[30m[48;5;250m10[39;49m[11;1H[?12l[?25h[?12;25h[62;36H[?25l[30m[48;5;250m1[39;49m[12;1H[?12l[?25h[?12;25h[62;36H[?25l[30m[48;5;250m2[39;49m[13;1H[?12l[?25h[?12;25h[62;36H[?25l[30m[48;5;250m3[39;49m[14;1H[?12l[?25h[?12;25h[62;36H[?25l[30m[48;5;250m4[39;49m[15;1H[?12l[?25h[?12;25h[62;36H[?25l[30m[48;5;250m5[39;49m[16;1H[?12l[?25h[?12;25h[62;36H[?25l[30m[48;5;250m6[39;49m[17;1H[?12l[?25h[?12;25h[62;36H[?25l[30m[48;5;250m7[39;49m[18;1H[?12l[?25h[?12;25h[62;36H[?25l[30m[48;5;250m8[39;49m[19;1H[?12l[?25h[?12;25h[62;36H[?25l[30m[48;5;250m9[39;49m[20;1H[?12l[?25h[?12;25h[62;35H[?25l[30m[48;5;250m20[39;49m[21;1H[?12l[?25h[?12;25h[62;36H[?25l[30m[48;5;250m1[39;49m[22;1H[?12l[?25h[?12;25h[62;36H[?25l[30m[48;5;250m2[39;49m[23;1H[?12l[?25h[?12;25h[62;36H[?25l[30m[48;5;250m3[39;49m[24;1H[?12l[?25h[?12;25h[62;36H[?25l[30m[48;5;250m4[39;49m[25;1H[?12l[?25h[?12;25h[62;36H[?25l[30m[48;5;250m5[39;49m[26;1H[?12l[?25h[?12;25h[62;36H[?25l[30m[48;5;250m6[39;49m[27;1H[?12l[?25h[?12;25h[62;36H[?25l[30m[48;5;250m7[39;49m[28;1H[?12l[?25h[?12;25h[62;36H[?25l[30m[48;5;250m8[39;49m[29;1H[?12l[?25h[?12;25h[62;36H[?25l[30m[48;5;250m9[39;49m[30;1H[?12l[?25h[?12;25h[62;35H[?25l[30m[48;5;250m30[39;49m[31;1H[?12l[?25h[?12;25h[62;36H[?25l[30m[48;5;250m1[39;49m[32;1H[?12l[?25h[?12;25h[62;36H[?25l[30m[48;5;250m2[39;49m[33;1H[?12l[?25h[?12;25h[62;36H[?25l[30m[48;5;250m3[39;49m[34;1H[?12l[?25h[?12;25h[62;36H[?25l[30m[48;5;250m4[39;49m[35;1H[?12l[?25h[?12;25h[62;36H[?25l[30m[48;5;250m5[39;49m[36;1H[?12l[?25h[?12;25h[62;36H[?25l[30m[48;5;250m6[39;49m[37;1H[?12l[?25h[?12;25h[62;36H[?25l[30m[48;5;250m7[39;49m[38;1H[?12l[?25h[?12;25h[62;36H[?25l[30m[48;5;250m8[39;49m[39;1H[?12l[?25h[?12;25h[62;36H[?25l[30m[48;5;250m9[39;49m[40;1H[?12l[?25h[?12;25h[62;35H[?25l[30m[48;5;250m40[39;49m[41;1H[?12l[?25h[?12;25h[62;36H[?25l[30m[48;5;250m1[39;49m[42;1H[?12l[?25h[?12;25h[62;36H[?25l[30m[48;5;250m2[39;49m[43;1H[?12l[?25h[?12;25h[62;36H[?25l[30m[48;5;250m3[39;49m[44;1H[?12l[?25h[?12;25h[62;36H[?25l[30m[48;5;250m4[39;49m[45;1H[?12l[?25h[?12;25h[62;36H[?25l[30m[48;5;250m5[39;49m[46;1H[?12l[?25h[?12;25h[62;36H[?25l[30m[48;5;250m6[39;49m[47;1H[?12l[?25h[?12;25h[62;36H[?25l[30m[48;5;250m7[39;49m[48;1H[?12l[?25h[?12;25h[62;36H[?25l[30m[48;5;250m8[39;49m[49;1H[?12l[?25h[?12;25h[62;36H[?25l[30m[48;5;250m9[39;49m[50;1H[?12l[?25h[?12;25h[62;35H[?25l[30m[48;5;250m50[39;49m[51;1H[?12l[?25h[?12;25h[62;36H[?25l[30m[48;5;250m2[39;49m[53;1H[?12l[?25h[?12;25h[62;36H[?25l[30m[48;5;250m3[39;49m[54;1H[?12l[?25h[?12;25h[62;36H[?25l[30m[48;5;250m4[39;49m[55;1H[?12l[?25h[?12;25h[62;36H[?25l[30m[48;5;250m8[39;49m[59;1H[?12l[?25h[?12;25h[62;36H[?25l[30m[48;5;250m9[39;49m[60;1H[?12l[?25h[?12;25h[1;61r[2;1H[38M[1;63r[24;1H[?25l    10a3:       48 8b 05 2e 2f 00 00    mov    0x2f2e(%rip),%rax        # 3fd8 <_ITM_deregisterTMCloneTable>[K
    10aa:       48 85 c0                test   %rax,%rax[K
    10ad:       74 09                   je     10b8 <deregister_tm_clones+0x28>[K
    10af:       ff e0                   jmpq   *%rax[K
    10b1:       0f 1f 80 00 00 00 00    nopl   0x0(%rax)[K
    10b8:       c3                      retq[K
    10b9:       0f 1f 80 00 00 00 00    nopl   0x0(%rax)[K
[K
00000000000010c0 <register_tm_clones>:[K
    10c0:       48 8d 3d 71 2f 00 00    lea    0x2f71(%rip),%rdi        # 4038 <__TMC_END__>[K
    10c7:       48 8d 35 6a 2f 00 00    lea    0x2f6a(%rip),%rsi        # 4038 <__TMC_END__>[K
    10ce:       48 29 fe                sub    %rdi,%rsi[K
    10d1:       48 c1 fe 03             sar    $0x3,%rsi[K
    10d5:       48 89 f0                mov    %rsi,%rax[K
    10d8:       48 c1 e8 3f             shr    $0x3f,%rax[K
    10dc:       48 01 c6                add    %rax,%rsi[K
    10df:       48 d1 fe                sar    %rsi[K
    10e2:       74 14                   je     10f8 <register_tm_clones+0x38>[K
    10e4:       48 8b 05 05 2f 00 00    mov    0x2f05(%rip),%rax        # 3ff0 <_ITM_registerTMCloneTable>[K
    10eb:       48 85 c0                test   %rax,%rax[K
    10ee:       74 08                   je     10f8 <register_tm_clones+0x38>[K
    10f0:       ff e0                   jmpq   *%rax[K
    10f2:       66 0f 1f 44 00 00       nopw   0x0(%rax,%rax,1)[K
    10f8:       c3                      retq[K
    10f9:       0f 1f 80 00 00 00 00    nopl   0x0(%rax)[K
[K
0000000000001100 <__do_global_dtors_aux>:[K
    1100:       80 3d 61 2f 00 00 00    cmpb   $0x0,0x2f61(%rip)        # 4068 <completed.7325>[K
    1107:       75 2f                   jne    1138 <__do_global_dtors_aux+0x38>[K
    1109:       55                      push   %rbp[K
    110a:       48 83 3d e6 2e 00 00    cmpq   $0x0,0x2ee6(%rip)        # 3ff8 <__cxa_finalize@GLIBC_2.2.5>[K
    1111:       00[K
    1112:       48 89 e5                mov    %rsp,%rbp[K
    1115:       74 0c                   je     1123 <__do_global_dtors_aux+0x23>[K
    1117:       48 8b 3d 12 2f 00 00    mov    0x2f12(%rip),%rdi        # 4030 <__dso_handle>[K
    111e:       e8 2d ff ff ff          callq  1050 <__cxa_finalize@plt>[K
    1123:       e8 68 ff ff ff          callq  1090 <deregister_tm_clones>[K
    1128:       c6 05 39 2f 00 00 01    movb   $0x1,0x2f39(%rip)        # 4068 <completed.7325>[K[62;30H[30m[48;5;250m15% L6[39;49m[32;1H[?12l[?25h[?12;25h[62;35H[?25l[30m[48;5;250m71[39;49m[34;1H[?12l[?25h[?12;25h[62;36H[?25l[30m[48;5;250m2[39;49m[35;1H[?12l[?25h[?12;25h[62;36H[?25l[30m[48;5;250m4[39;49m[37;1H[?12l[?25h[?12;25h[62;36H[?25l[30m[48;5;250m5[39;49m[38;1H[?12l[?25h[?12;25h[62;36H[?25l[30m[48;5;250m6[39;49m[39;1H[?12l[?25h[?12;25h[62;36H[?25l[30m[48;5;250m7[39;49m[40;1H[?12l[?25h[?12;25h[62;36H[?25l[30m[48;5;250m8[39;49m[41;1H[?12l[?25h[?12;25h[62;36H[?25l[30m[48;5;250m9[39;49m[42;1H[?12l[?25h[?12;25h[62;35H[?25l[30m[48;5;250m80[39;49m[43;1H[?12l[?25h[?12;25h[62;36H[?25l[30m[48;5;250m1[39;49m[44;1H[?12l[?25h[?12;25h[62;36H[?25l[30m[48;5;250m2[39;49m[45;1H[?12l[?25h[?12;25h[62;36H[?25l[30m[48;5;250m3[39;49m[46;1H[?12l[?25h[?12;25h[62;36H[?25l[30m[48;5;250m4[39;49m[47;1H[?12l[?25h[?12;25h[62;36H[?25l[30m[48;5;250m5[39;49m[48;1H[?12l[?25h[?12;25h[62;36H[?25l[30m[48;5;250m9[39;49m[52;1H[?12l[?25h[?12;25h[62;35H[?25l[30m[48;5;250m90[39;49m[53;1H[?12l[?25h[?12;25h[62;36H[?25l[30m[48;5;250m1[39;49m[54;1H[?12l[?25h[?12;25h[62;36H[?25l[30m[48;5;250m2[39;49m[55;1H[?12l[?25h[?12;25h[62;36H[?25l[30m[48;5;250m3[39;49m[56;1H[?12l[?25h[?12;25h[62;36H[?25l[30m[48;5;250m4[39;49m[57;1H[?12l[?25h[?12;25h[62;36H[?25l[30m[48;5;250m5[39;49m[58;1H[?12l[?25h[?12;25h[62;36H[?25l[30m[48;5;250m6[39;49m[59;1H[?12l[?25h[?12;25h[62;36H[?25l[30m[48;5;250m7[39;49m[60;1H[?12l[?25h[?12;25h[62;36H[?25l[30m[48;5;250m8[39;49m[A[?12l[?25h[?12;25h[1;61r[2;1H[30M[1;63r[32;1H[?25l    112f:       5d                      pop    %rbp[K
    1130:       c3                      retq[K
    1131:       0f 1f 80 00 00 00 00    nopl   0x0(%rax)[K
    1138:       c3                      retq[K
    1139:       0f 1f 80 00 00 00 00    nopl   0x0(%rax)[K
[K
0000000000001140 <frame_dummy>:[K
    1140:       e9 7b ff ff ff          jmpq   10c0 <register_tm_clones>[K
[K
0000000000001145 <hello>:[K
    1145:       55                      push   %rbp[K
    1146:       48 89 e5                mov    %rsp,%rbp[K
    1149:       48 83 ec 10             sub    $0x10,%rsp[K
    114d:       48 89 7d f8             mov    %rdi,-0x8(%rbp)[K
    1151:       48 89 75 f0             mov    %rsi,-0x10(%rbp)[K
    1155:       48 8b 55 f0             mov    -0x10(%rbp),%rdx[K
    1159:       48 8b 45 f8             mov    -0x8(%rbp),%rax[K
    115d:       48 8d 35 a0 0e 00 00    lea    0xea0(%rip),%rsi        # 2004 <_IO_stdin_used+0x4>[K
    1164:       48 89 c7                mov    %rax,%rdi[K
    1167:       b8 00 00 00 00          mov    $0x0,%eax[K
    116c:       e8 bf fe ff ff          callq  1030 <fprintf@plt>[K
    1171:       90                      nop[K
    1172:       c9                      leaveq[K
    1173:       c3                      retq[K
[K
0000000000001174 <main>:[K
    1174:       55                      push   %rbp[K
    1175:       48 89 e5                mov    %rsp,%rbp[K
    1178:       48 83 ec 20             sub    $0x20,%rsp[K
    117c:       89 7d ec                mov    %edi,-0x14(%rbp)[K[62;30H[30m[48;5;250m31% L99[39;49m[32;1H[?12l[?25h[?12;25h[62;35H[?25l[30m[48;5;250m100[39;49m[33;1H[?12l[?25h[?12;25h[62;37H[?25l[30m[48;5;250m1[39;49m[34;1H[?12l[?25h[?12;25h[62;37H[?25l[30m[48;5;250m2[39;49m[35;1H[?12l[?25h[?12;25h[62;37H[?25l[30m[48;5;250m3[39;49m[36;1H[?12l[?25h[?12;25h[62;37H[?25l[30m[48;5;250m4[39;49m[37;1H[?12l[?25h[?12;25h[62;37H[?25l[30m[48;5;250m5[39;49m[38;1H[?12l[?25h[?12;25h[62;37H[?25l[30m[48;5;250m6[39;49m[39;1H[?12l[?25h[?12;25h[62;37H[?25l[30m[48;5;250m7[39;49m[40;1H[?12l[?25h[?12;25h[62;37H[?25l[30m[48;5;250m8[39;49m[41;1H[?12l[?25h[?12;25h[62;37H[?25l[30m[48;5;250m9[39;49m[42;1H[?12l[?25h[?12;25h[62;36H[?25l[30m[48;5;250m10[39;49m[43;1H[?12l[?25h[?12;25h[62;37H[?25l[30m[48;5;250m1[39;49m[44;1H[?12l[?25h[?12;25h[62;37H[?25l[30m[48;5;250m2[39;49m[45;1H[?12l[?25h[?12;25h[62;37H[?25l[30m[48;5;250m4[39;49m[47;1H[?12l[?25h[?12;25h[62;37H[?25l[30m[48;5;250m5[39;49m[48;1H[?12l[?25h[?12;25h[62;37H[?25l[30m[48;5;250m6[39;49m[49;1H[?12l[?25h[?12;25h[62;37H[?25l[30m[48;5;250m7[39;49m[50;1H[?12l[?25h[?12;25h[62;37H[?25l[30m[48;5;250m8[39;49m[51;1H[?12l[?25h[?12;25h[62;37H[?25l[30m[48;5;250m9[39;49m[52;1H[?12l[?25h[?12;25h[62;36H[?25l[30m[48;5;250m20[39;49m[53;1H[?12l[?25h[?12;25h[62;37H[?25l[30m[48;5;250m1[39;49m[54;1H[?12l[?25h[?12;25h[62;37H[?25l[30m[48;5;250m2[39;49m[55;1H[?12l[?25h[?12;25h[62;37H[?25l[30m[48;5;250m3[39;49m[56;1H[?12l[?25h[?12;25h[62;37H[?25l[30m[48;5;250m4[39;49m[57;1H[?12l[?25h[?12;25h[62;37H[?25l[30m[48;5;250m5[39;49m[58;1H[?12l[?25h[?12;25h[62;37H[?25l[30m[48;5;250m6[39;49m[59;1H[?12l[?25h[?12;25h[62;37H[?25l[30m[48;5;250m7[39;49m[60;1H[?12l[?25h[?12;25h[62;37H[?25l[30m[48;5;250m8[39;49m[A[?12l[?25h[?12;25h[1;61r[2;1H[30M[1;63r[32;1H[?25l    117f:       48 89 75 e0             mov    %rsi,-0x20(%rbp)[K
    1183:       83 7d ec 01             cmpl   $0x1,-0x14(%rbp)[K
    1187:       75 2c                   jne    11b5 <main+0x41>[K
    1189:       48 8b 45 e0             mov    -0x20(%rbp),%rax[K
    118d:       48 8b 10                mov    (%rax),%rdx[K
    1190:       48 8b 05 c9 2e 00 00    mov    0x2ec9(%rip),%rax        # 4060 <stderr@@GLIBC_2.2.5>[K
    1197:       48 8d 35 70 0e 00 00    lea    0xe70(%rip),%rsi        # 200e <_IO_stdin_used+0xe>[K
    119e:       48 89 c7                mov    %rax,%rdi[K
    11a1:       b8 00 00 00 00          mov    $0x0,%eax[K
    11a6:       e8 85 fe ff ff          callq  1030 <fprintf@plt>[K
    11ab:       bf ef be ad de          mov    $0xdeadbeef,%edi[K
    11b0:       e8 8b fe ff ff          callq  1040 <exit@plt>[K
    11b5:       c7 45 fc 01 00 00 00    movl   $0x1,-0x4(%rbp)[K
    11bc:       eb 2d                   jmp    11eb <main+0x77>[K
    11be:       8b 45 fc                mov    -0x4(%rbp),%eax[K
    11c1:       48 98                   cltq[K
    11c3:       48 8d 14 c5 00 00 00    lea    0x0(,%rax,8),%rdx[K
    11ca:       00[K
    11cb:       48 8b 45 e0             mov    -0x20(%rbp),%rax[K
    11cf:       48 01 d0                add    %rdx,%rax[K
    11d2:       48 8b 10                mov    (%rax),%rdx[K
    11d5:       48 8b 05 64 2e 00 00    mov    0x2e64(%rip),%rax        # 4040 <stdout@@GLIBC_2.2.5>[K
    11dc:       48 89 d6                mov    %rdx,%rsi[K
    11df:       48 89 c7                mov    %rax,%rdi[K
    11e2:       e8 5e ff ff ff          callq  1145 <hello>[K
    11e7:       83 45 fc 01             addl   $0x1,-0x4(%rbp)[K
    11eb:       8b 45 fc                mov    -0x4(%rbp),%eax[K
    11ee:       3b 45 ec                cmp    -0x14(%rbp),%eax[K
    11f1:       7c cb                   jl     11be <main+0x4a>[K
    11f3:       b8 00 00 00 00          mov    $0x0,%eax[K[62;30H[30m[48;5;250m49% L129[39;49m[32;1H[?12l[?25h[?12;25h[62;36H[?25l[30m[48;5;250m30[39;49m[33;1H[?12l[?25h[?12;25h[62;37H[?25l[30m[48;5;250m1[39;49m[34;1H[?12l[?25h[?12;25h[62;37H[?25l[30m[48;5;250m2[39;49m[35;1H[?12l[?25h[?12;25h[62;37H[?25l[30m[48;5;250m3[39;49m[36;1H[?12l[?25h[?12;25h[62;37H[?25l[30m[48;5;250m4[39;49m[37;1H[?12l[?25h[?12;25h[62;37H[?25l[30m[48;5;250m5[39;49m[38;1H[?12l[?25h[?12;25h[62;37H[?25l[30m[48;5;250m6[39;49m[39;1H[?12l[?25h[?12;25h[62;37H[?25l[30m[48;5;250m7[39;49m[40;1H[?12l[?25h[?12;25h[62;37H[?25l[30m[48;5;250m8[39;49m[41;1H[?12l[?25h[?12;25h[62;37H[?25l[30m[48;5;250m9[39;49m[42;1H[?12l[?25h[?12;25h[62;36H[?25l[30m[48;5;250m40[39;49m[43;1H[?12l[?25h[?12;25h[62;37H[?25l[30m[48;5;250m1[39;49m[44;1H[?12l[?25h[?12;25h[62;37H[?25l[30m[48;5;250m2[39;49m[45;1H[?12l[?25h[?12;25h[62;37H[?25l[30m[48;5;250m3[39;49m[46;1H[?12l[?25h[?12;25h[62;37H[?25l[30m[48;5;250m4[39;49m[47;1H[?12l[?25h[?12;25h[62;37H[?25l[30m[48;5;250m5[39;49m[48;1H[?12l[?25h[?12;25h[62;37H[?25l[30m[48;5;250m6[39;49m[49;1H[?12l[?25h[?12;25h[62;37H[?25l[30m[48;5;250m7[39;49m[50;1H[?12l[?25h[?12;25h[62;37H[?25l[30m[48;5;250m8[39;49m[51;1H[?12l[?25h[?12;25h[62;37H[?25l[30m[48;5;250m9[39;49m[52;1H[?12l[?25h[?12;25h[62;36H[?25l[30m[48;5;250m50[39;49m[53;1H[?12l[?25h[?12;25h[62;37H[?25l[30m[48;5;250m1[39;49m[54;1H[?12l[?25h[?12;25h[62;37H[?25l[30m[48;5;250m2[39;49m[55;1H[?12l[?25h[?12;25h[62;37H[?25l[30m[48;5;250m3[39;49m[56;1H[?12l[?25h[?12;25h[62;37H[?25l[30m[48;5;250m4[39;49m[57;1H[?12l[?25h[?12;25h[62;37H[?25l[30m[48;5;250m5[39;49m[58;1H[?12l[?25h[?12;25h[62;37H[?25l[30m[48;5;250m6[39;49m[59;1H[?12l[?25h[?12;25h[62;37H[?25l[30m[48;5;250m7[39;49m[60;1H[?12l[?25h[?12;25h[62;37H[?25l[30m[48;5;250m8[39;49m[A[?12l[?25h[?12;25h[1;61r[2;1H[30M[1;63r[32;1H[?25l    11f8:       c9                      leaveq[K
    11f9:       c3                      retq[K
    11fa:       66 0f 1f 44 00 00       nopw   0x0(%rax,%rax,1)[K
[K
0000000000001200 <__libc_csu_init>:[K
    1200:       41 57                   push   %r15[K
    1202:       49 89 d7                mov    %rdx,%r15[K
    1205:       41 56                   push   %r14[K
    1207:       49 89 f6                mov    %rsi,%r14[K
    120a:       41 55                   push   %r13[K
    120c:       41 89 fd                mov    %edi,%r13d[K
    120f:       41 54                   push   %r12[K
    1211:       4c 8d 25 d0 2b 00 00    lea    0x2bd0(%rip),%r12        # 3de8 <__frame_dummy_init_array_entry>[K
    1218:       55                      push   %rbp[K
    1219:       48 8d 2d d0 2b 00 00    lea    0x2bd0(%rip),%rbp        # 3df0 <__init_array_end>[K
    1220:       53                      push   %rbx[K
    1221:       4c 29 e5                sub    %r12,%rbp[K
    1224:       48 83 ec 08             sub    $0x8,%rsp[K
    1228:       e8 d3 fd ff ff          callq  1000 <_init>[K
    122d:       48 c1 fd 03             sar    $0x3,%rbp[K
    1231:       74 1b                   je     124e <__libc_csu_init+0x4e>[K
    1233:       31 db                   xor    %ebx,%ebx[K
    1235:       0f 1f 00                nopl   (%rax)[K
    1238:       4c 89 fa                mov    %r15,%rdx[K
    123b:       4c 89 f6                mov    %r14,%rsi[K
    123e:       44 89 ef                mov    %r13d,%edi[K
    1241:       41 ff 14 dc             callq  *(%r12,%rbx,8)[K
    1245:       48 83 c3 01             add    $0x1,%rbx[K
    1249:       48 39 dd                cmp    %rbx,%rbp[K
    124c:       75 ea                   jne    1238 <__libc_csu_init+0x38>[K[62;30H[30m[48;5;250m62% L159[39;49m[32;1H[?12l[?25h[?12;25h[62;36H[?25l[30m[48;5;250m60[39;49m[33;1H[?12l[?25h[?12;25h[62;37H[?25l[30m[48;5;250m1[39;49m[34;1H[?12l[?25h[?12;25h[62;37H[?25l[30m[48;5;250m2[39;49m[35;1H[?12l[?25h[?12;25h[62;37H[?25l[30m[48;5;250m3[39;49m[36;1H[?12l[?25h[?12;25h[62;37H[?25l[30m[48;5;250m4[39;49m[37;1H[?12l[?25h[?12;25h[62;37H[?25l[30m[48;5;250m5[39;49m[38;1H[?12l[?25h[?12;25h[62;37H[?25l[30m[48;5;250m6[39;49m[39;1H[?12l[?25h[?12;25h[62;37H[?25l[30m[48;5;250m7[39;49m[40;1H[?12l[?25h[?12;25h[62;37H[?25l[30m[48;5;250m8[39;49m[41;1H[?12l[?25h[?12;25h[62;37H[?25l[30m[48;5;250m9[39;49m[42;1H[?12l[?25h[?12;25h[62;36H[?25l[30m[48;5;250m70[39;49m[43;1H[?12l[?25h[?12;25h[62;37H[?25l[30m[48;5;250m1[39;49m[44;1H[?12l[?25h[?12;25h[62;37H[?25l[30m[48;5;250m2[39;49m[45;1H[?12l[?25h[?12;25h[62;37H[?25l[30m[48;5;250m3[39;49m[46;1H[?12l[?25h[?12;25h[62;37H[?25l[30m[48;5;250m4[39;49m[47;1H[?12l[?25h[?12;25h[62;37H[?25l[30m[48;5;250m5[39;49m[48;1H[?12l[?25h[?12;25h[62;37H[?25l[30m[48;5;250m6[39;49m[49;1H[?12l[?25h[?12;25h[62;37H[?25l[30m[48;5;250m7[39;49m[50;1H[?12l[?25h[?12;25h[62;37H[?25l[30m[48;5;250m8[39;49m[51;1H[?12l[?25h[?12;25h[62;37H[?25l[30m[48;5;250m9[39;49m[52;1H[?12l[?25h[?12;25h[62;36H[?25l[30m[48;5;250m80[39;49m[53;1H[?12l[?25h[?12;25h[62;37H[?25l[30m[48;5;250m1[39;49m[54;1H[?12l[?25h[?12;25h[62;37H[?25l[30m[48;5;250m2[39;49m[55;1H[?12l[?25h[?12;25h[62;37H[?25l[30m[48;5;250m3[39;49m[56;1H[?12l[?25h[?12;25h[62;37H[?25l[30m[48;5;250m4[39;49m[57;1H[?12l[?25h[?12;25h[62;37H[?25l[30m[48;5;250m5[39;49m[58;1H[?12l[?25h[?12;25h[62;37H[?25l[30m[48;5;250m6[39;49m[59;1H[?12l[?25h[?12;25h[62;37H[?25l[30m[48;5;250m7[39;49m[60;1H[?12l[?25h[?12;25h[62;37H[?25l[30m[48;5;250m8[39;49m[A[?12l[?25h[?12;25h[1;61r[2;1H[30M[1;63r[32;1H[?25l    124e:       48 83 c4 08             add    $0x8,%rsp[K
    1252:       5b                      pop    %rbx[K
    1253:       5d                      pop    %rbp[K
    1254:       41 5c                   pop    %r12[K
    1256:       41 5d                   pop    %r13[K
    1258:       41 5e                   pop    %r14[K
    125a:       41 5f                   pop    %r15[K
    125c:       c3                      retq[K
    125d:       0f 1f 00                nopl   (%rax)[K
[K
0000000000001260 <__libc_csu_fini>:[K
    1260:       c3                      retq[K
[K
Disassembly of section .fini:[K
[K
0000000000001264 <_fini>:[K
    1264:       48 83 ec 08             sub    $0x8,%rsp[K
    1268:       48 83 c4 08             add    $0x8,%rsp[K
    126c:       c3                      retq[K
[K
[K
[K
[K
[K
[K
[K
[K
[K
[K
[K[62;30H[30m[48;5;250mBot L189[39;49m[32;1H[?12l[?25h[?12;25h[62;36H[?25l[30m[48;5;250m90[39;49m[33;1H[?12l[?25h[?12;25h[62;37H[?25l[30m[48;5;250m1[39;49m[34;1H[?12l[?25h[?12;25h[62;37H[?25l[30m[48;5;250m2[39;49m[35;1H[?12l[?25h[?12;25h[62;37H[?25l[30m[48;5;250m3[39;49m[36;1H[?12l[?25h[?12;25h[62;37H[?25l[30m[48;5;250m4[39;49m[37;1H[?12l[?25h[?12;25h[62;37H[?25l[30m[48;5;250m5[39;49m[38;1H[?12l[?25h[?12;25h[62;37H[?25l[30m[48;5;250m6[39;49m[39;1H[?12l[?25h[?12;25h[62;37H[?25l[30m[48;5;250m7[39;49m[40;1H[?12l[?25h[?12;25h[62;37H[?25l[30m[48;5;250m8[39;49m[41;1H[?12l[?25h[?12;25h[62;37H[?25l[30m[48;5;250m9[39;49m[42;1H[?12l[?25h[?12;25h[62;35H[?25l[30m[48;5;250m200[39;49m[43;1H[?12l[?25h[?12;25h[62;37H[?25l[30m[48;5;250m1[39;49m[44;1H[?12l[?25h[?12;25h[62;37H[?25l[30m[48;5;250m2[39;49m[45;1H[?12l[?25h[?12;25h[62;37H[?25l[30m[48;5;250m3[39;49m[46;1H[?12l[?25h[?12;25h[62;37H[?25l[30m[48;5;250m4[39;49m[47;1H[?12l[?25h[?12;25h[62;37H[?25l[30m[48;5;250m5[39;49m[48;1H[?12l[?25h[?12;25h[62;37H[?25l[30m[48;5;250m6[39;49m[49;1H[?12l[?25h[?12;25h[62;37H[?25l[30m[48;5;250m7[39;49m[50;1H[?12l[?25h[?12;25h[62;37H[?25l[30m[48;5;250m8[39;49m[51;1H[?12l[?25h[?12;25h[63d[?25lEnd of buffer[51;1H[?12l[?25h[?12;25h[63d[K[51d[63d[K[?2004l[?1l>[?12l[?25h[?1049l[23;0;0t[39;49mbhogan9@remote02:~/projects/i220a/submit/lab7/exercises$ objdump -d -s -x hello > hello.objdump
bhogan9@remote02:~/projects/i220a/submit/lab7/exercises$ emacs hello.objdump 
[?1049h[22;0;0t[?12;25h[?1h=[H[2J[63d[K[?1l>[?12l[?25h[?1049l[23;0;0t[39;49m[?1049h[22;0;0t[?12;25h[?1h=[H[2J[62d[?25l[30m[47m-UUU:----F1  [39;49m[1m[30m[47m*scratch*   [0m[39;49m[30m[47m   All L1     (Fundamental) ----------------------------------------------------------------[39;49m
[A[2d[?12l[?25h[?12;25h[63d[?25lLoading /etc/emacs/site-start.d/00debian.el (source)...done[K[H
[?12l[?25h[?12;25h[63;33H[?25l50a2ps.el (source)...[K[H
[?12l[?25h[?12;25h[63;54H[?25ldone[H
[?12l[?25h[?12;25h[63;36H[?25lsymptote.el (source)...[H
[?12l[?25h[?12;25h[63;59H[?25ldone[H
[?12l[?25h[?12;25h[63;36H[?25lutoconf.el (source)...[K[H
[?12l[?25h[?12;25h[63;58H[?25ldone[H
[?12l[?25h[?12;25h[63;35H[?25lcmake-data.el (source)...[K[H
[?12l[?25h[?12;25h[63;60H[?25ldone[H
[?12l[?25h[?12;25h[63;35H[?25ldevhelp.el (source)...[K[H
[?12l[?25h[?12;25h[63;57H[?25ldone[H
[?12l[?25h[?12;25h[63;36H[?25lictionaries-common.el (source)...[H
[?12l[?25h[?12;25h[63;9H[?25ldebian-ispell...[K[H
[?12l[?25h[?12;25h[63;9H[?25l/var/cache/dictionaries-common/emacsen-ispell-default.el (source)...[H
[?12l[?25h[?12;25h[63;77H[?25ldone[H
[?12l[?25h[?12;25h[63;9H[?25ldebian-ispell...done[K[H
[?12l[?25h[?12;25h[63;9H[?25l/var/cache/dictionaries-common/emacsen-ispell-dicts.el (source)...[H
[?12l[?25h[?12;25h[63;75H[?25ldone[H
[?12l[?25h[?12;25h[63;10H[?25letc/emacs/site-start.d/50dictionaries-common[6P[H
[?12l[?25h[?12;25h[63;35H[?25lerlang-mode.el (source)...[K[H
[?12l[?25h[?12;25h[63;61H[?25ldone[H
[?12l[?25h[?12;25h[63;35H[?25lhaskell-mode.el (source)...[K[H
[?12l[?25h[?12;25h[63;10H[?25lusr/share/emacs/site-lisp/elpa/haskel[34@l-mode-16.1/haskell-mode-autoloads[H
[?12l[?25h[?12;25h[63;96H[?25ldone[H
[?12l[?25h[?12;25h[63;10H[?25letc/emacs/site-start.d/50haskell-mode[34P[H
[?12l[?25h[?12;25h[63;35H[?25llatex-cjk-common.el (source)...[H
[?12l[?25h[?12;25h[63;10H[?25lusr/share/emacs/site-lisp/latex-cjk-commo[9@n/cjk-enc[H
[?12l[?25h[?12;25h[63;75H[?25ldone[H
[?12l[?25h[?12;25h[63;10H[?25letc/emacs/site-start.d/50latex-cjk-common[9P[H
[?12l[?25h[?12;25h[63;45H[?25lthai.el (source)...[K[H
[?12l[?25h[?12;25h[63;64H[?25ldone[H
[?12l[?25h[?12;25h[63;35H[?25lpsvn.el (source)...[K[H
[?12l[?25h[?12;25h[63;54H[?25ldone[H
[?12l[?25h[?12;25h[63;36H[?25lython-docutils.el (source)...[H
[?12l[?25h[?12;25h[63;65H[?25ldone[H
[?12l[?25h[?12;25h[63;35H[?25ltcsh.el (source)...[K[H
[?12l[?25h[?12;25h[63;54H[?25ldone[H
[?12l[?25h[?12;25h[63;36H[?25lexlive-lang-english.el (source)...[H
[?12l[?25h[?12;25h[63;70H[?25ldone[H
[?12l[?25h[?12;25h[>0c[63d[?25lLoading /etc/emacs/site-start.d/50texlive-lang-english.el (source)...done[K[H[7mFile Edit Options Buffers Tools Lisp-Interaction Help                                                                [0m[39;49m[27m
[A
[K
[K
[K
[K
[K
[K
[K
[K
[K
[K
[K
[K
[K
[K
[K
[K
[K
[K
[K
[K
[K
[K
[K
[K
[K
[K
[K
[K
[K
[K
[K
[K
[K
[K
[K
[K
[K
[K
[K
[K
[K
[K
[K
[K
[K
[K
[K
[K
[K
[K
[K
[K
[K
[K
[K
[K
[K
[K
[K
[K
[30m[48;5;250m-UUU:----F1  [39;49m[1m[30m[48;5;250m*scratch*   [0m[39;49m[30m[48;5;250m   All L1     (Lisp Interaction ElDoc) -----------------------------------------------------[39;49m
[A[2d[?12l[?25h[?12;25h[?2004h[63d[?25lFor information about GNU Emacs and the GNU system, type C-h C-a.[K[H
[?12l[?25h[?12;25h[63d[?25lFor information about GNU Emacs and the GNU system, type C-h C-a.[K[H[7mFile Edit Options Buffers Tools Help                                                                                 [0m[39;49m[27m
[A
[K
hello:     file format elf64-x86-64[K
hello[K
architecture: i386:x86-64, flags 0x00000150:[K
HAS_SYMS, DYNAMIC, D_PAGED[K
start address 0x0000000000001060[K
[K
Program Header:[K
    PHDR off    0x0000000000000040 vaddr 0x0000000000000040 paddr 0x0000000000000040 align 2**3[K
         filesz 0x0000000000000268 memsz 0x0000000000000268 flags r--[K
  INTERP off    0x00000000000002a8 vaddr 0x00000000000002a8 paddr 0x00000000000002a8 align 2**0[K
         filesz 0x000000000000001c memsz 0x000000000000001c flags r--[K
    LOAD off    0x0000000000000000 vaddr 0x0000000000000000 paddr 0x0000000000000000 align 2**12[K
         filesz 0x0000000000000618 memsz 0x0000000000000618 flags r--[K
    LOAD off    0x0000000000001000 vaddr 0x0000000000001000 paddr 0x0000000000001000 align 2**12[K
         filesz 0x000000000000026d memsz 0x000000000000026d flags r-x[K
    LOAD off    0x0000000000002000 vaddr 0x0000000000002000 paddr 0x0000000000002000 align 2**12[K
         filesz 0x0000000000000190 memsz 0x0000000000000190 flags r--[K
    LOAD off    0x0000000000002de8 vaddr 0x0000000000003de8 paddr 0x0000000000003de8 align 2**12[K
         filesz 0x0000000000000250 memsz 0x0000000000000288 flags rw-[K
 DYNAMIC off    0x0000000000002df8 vaddr 0x0000000000003df8 paddr 0x0000000000003df8 align 2**3[K
         filesz 0x00000000000001e0 memsz 0x00000000000001e0 flags rw-[K
    NOTE off    0x00000000000002c4 vaddr 0x00000000000002c4 paddr 0x00000000000002c4 align 2**2[K
         filesz 0x0000000000000044 memsz 0x0000000000000044 flags r--[K
EH_FRAME off    0x0000000000002024 vaddr 0x0000000000002024 paddr 0x0000000000002024 align 2**2[K
         filesz 0x0000000000000044 memsz 0x0000000000000044 flags r--[K
   STACK off    0x0000000000000000 vaddr 0x0000000000000000 paddr 0x0000000000000000 align 2**4[K
         filesz 0x0000000000000000 memsz 0x0000000000000000 flags rw-[K
   RELRO off    0x0000000000002de8 vaddr 0x0000000000003de8 paddr 0x0000000000003de8 align 2**0[K
         filesz 0x0000000000000218 memsz 0x0000000000000218 flags r--[K
[K
Dynamic Section:[K
  NEEDED               libc.so.6[K
  INIT                 0x0000000000001000[K
  FINI                 0x0000000000001264[K
  INIT_ARRAY           0x0000000000003de8[K
  INIT_ARRAYSZ         0x0000000000000008[K
  FINI_ARRAY           0x0000000000003df0[K
  FINI_ARRAYSZ         0x0000000000000008[K
  GNU_HASH             0x0000000000000308[K
  STRTAB               0x0000000000000428[K
  SYMTAB               0x0000000000000338[K
  STRSZ                0x0000000000000098[K
  SYMENT               0x0000000000000018[K
  DEBUG                0x0000000000000000[K
  PLTGOT               0x0000000000004000[K
  PLTRELSZ             0x0000000000000030[K
  PLTREL               0x0000000000000007[K
  JMPREL               0x00000000000005e8[K
  RELA                 0x00000000000004f8[K
  RELASZ               0x00000000000000f0[K
  RELAENT              0x0000000000000018[K
  FLAGS_1              0x0000000008000000[K
  VERNEED              0x00000000000004d8[K
  VERNEEDNUM           0x0000000000000001[K
  VERSYM               0x00000000000004c0[K
  RELACOUNT            0x0000000000000003[K
[K
Version References:[K
  required from libc.so.6:[K
[30m[48;5;250m-UU-:----F1  [39;49m[1m[30m[48;5;250mhello.objdump[0m[39;49m[30m[48;5;250m   Top L1     (Fundamental) ---------------------------------------------------------------[39;49m
[A[2d[?12l[?25h[?12;25h[63d[K[62;35H[?25l[30m[48;5;250m2[39;49m[H

[?12l[?25h[?12;25h[62;35H[?25l[30m[48;5;250m3[39;49m[4;1H[?12l[?25h[?12;25h[62;35H[?25l[30m[48;5;250m4[39;49m[5;1H[?12l[?25h[?12;25h[62;35H[?25l[30m[48;5;250m5[39;49m[6;1H[?12l[?25h[?12;25h[62;35H[?25l[30m[48;5;250m6[39;49m[7;1H[?12l[?25h[?12;25h[62;35H[?25l[30m[48;5;250m7[39;49m[8;1H[?12l[?25h[?12;25h[62;35H[?25l[30m[48;5;250m8[39;49m[9;1H[?12l[?25h[?12;25h[62;35H[?25l[30m[48;5;250m9[39;49m[10;1H[?12l[?25h[?12;25h[62;35H[?25l[30m[48;5;250m10[39;49m[11;1H[?12l[?25h[?12;25h[62;36H[?25l[30m[48;5;250m1[39;49m[12;1H[?12l[?25h[?12;25h[62;36H[?25l[30m[48;5;250m2[39;49m[13;1H[?12l[?25h[?12;25h[62;36H[?25l[30m[48;5;250m3[39;49m[14;1H[?12l[?25h[?12;25h[62;36H[?25l[30m[48;5;250m4[39;49m[15;1H[?12l[?25h[?12;25h[62;36H[?25l[30m[48;5;250m5[39;49m[16;1H[?12l[?25h[?12;25h[62;36H[?25l[30m[48;5;250m6[39;49m[17;1H[?12l[?25h[?12;25h[62;36H[?25l[30m[48;5;250m7[39;49m[18;1H[?12l[?25h[?12;25h[62;36H[?25l[30m[48;5;250m8[39;49m[19;1H[?12l[?25h[?12;25h[62;36H[?25l[30m[48;5;250m9[39;49m[20;1H[?12l[?25h[?12;25h[62;35H[?25l[30m[48;5;250m20[39;49m[21;1H[?12l[?25h[?12;25h[62;36H[?25l[30m[48;5;250m1[39;49m[22;1H[?12l[?25h[?12;25h[62;36H[?25l[30m[48;5;250m2[39;49m[23;1H[?12l[?25h[?12;25h[62;36H[?25l[30m[48;5;250m3[39;49m[24;1H[?12l[?25h[?12;25h[62;36H[?25l[30m[48;5;250m4[39;49m[25;1H[?12l[?25h[?12;25h[62;36H[?25l[30m[48;5;250m5[39;49m[26;1H[?12l[?25h[?12;25h[62;36H[?25l[30m[48;5;250m6[39;49m[27;1H[?12l[?25h[?12;25h[62;36H[?25l[30m[48;5;250m7[39;49m[28;1H[?12l[?25h[?12;25h[62;36H[?25l[30m[48;5;250m8[39;49m[29;1H[?12l[?25h[?12;25h[62;36H[?25l[30m[48;5;250m9[39;49m[30;1H[?12l[?25h[?12;25h[62;35H[?25l[30m[48;5;250m30[39;49m[31;1H[?12l[?25h[?12;25h[62;36H[?25l[30m[48;5;250m1[39;49m[32;1H[?12l[?25h[?12;25h[62;36H[?25l[30m[48;5;250m2[39;49m[33;1H[?12l[?25h[?12;25h[62;36H[?25l[30m[48;5;250m3[39;49m[34;1H[?12l[?25h[?12;25h[62;36H[?25l[30m[48;5;250m4[39;49m[35;1H[?12l[?25h[?12;25h[62;36H[?25l[30m[48;5;250m5[39;49m[36;1H[?12l[?25h[?12;25h[62;36H[?25l[30m[48;5;250m6[39;49m[37;1H[?12l[?25h[?12;25h[62;36H[?25l[30m[48;5;250m7[39;49m[38;1H[?12l[?25h[?12;25h[62;36H[?25l[30m[48;5;250m8[39;49m[39;1H[?12l[?25h[?12;25h[62;36H[?25l[30m[48;5;250m9[39;49m[40;1H[?12l[?25h[?12;25h[62;35H[?25l[30m[48;5;250m40[39;49m[41;1H[?12l[?25h[?12;25h[62;36H[?25l[30m[48;5;250m1[39;49m[42;1H[?12l[?25h[?12;25h[62;36H[?25l[30m[48;5;250m2[39;49m[43;1H[?12l[?25h[?12;25h[62;36H[?25l[30m[48;5;250m3[39;49m[44;1H[?12l[?25h[?12;25h[62;36H[?25l[30m[48;5;250m4[39;49m[45;1H[?12l[?25h[?12;25h[62;36H[?25l[30m[48;5;250m5[39;49m[46;1H[?12l[?25h[?12;25h[62;36H[?25l[30m[48;5;250m6[39;49m[47;1H[?12l[?25h[?12;25h[62;36H[?25l[30m[48;5;250m7[39;49m[48;1H[?12l[?25h[?12;25h[62;36H[?25l[30m[48;5;250m8[39;49m[49;1H[?12l[?25h[?12;25h[62;36H[?25l[30m[48;5;250m9[39;49m[50;1H[?12l[?25h[?12;25h[62;35H[?25l[30m[48;5;250m50[39;49m[51;1H[?12l[?25h[?12;25h[62;36H[?25l[30m[48;5;250m1[39;49m[52;1H[?12l[?25h[?12;25h[62;36H[?25l[30m[48;5;250m2[39;49m[53;1H[?12l[?25h[?12;25h[62;36H[?25l[30m[48;5;250m3[39;49m[54;1H[?12l[?25h[?12;25h[62;36H[?25l[30m[48;5;250m4[39;49m[55;1H[?12l[?25h[?12;25h[62;36H[?25l[30m[48;5;250m5[39;49m[56;1H[?12l[?25h[?12;25h[62;36H[?25l[30m[48;5;250m6[39;49m[57;1H[?12l[?25h[?12;25h[62;36H[?25l[30m[48;5;250m7[39;49m[58;1H[?12l[?25h[?12;25h[62;36H[?25l[30m[48;5;250m8[39;49m[59;1H[?12l[?25h[?12;25h[62;36H[?25l[30m[48;5;250m9[39;49m[60;1H[?12l[?25h[?12;25h[62;35H[?25l[30m[48;5;250m60[39;49m[A[?12l[?25h[?12;25h[1;61r[3;1H[30M[1;63r[32;1H[?25l    0x09691a75 0x00 02 GLIBC_2.2.5[K
[K
Sections:[K
Idx Name          Size      VMA               LMA               File off  Algn[K
  0 .interp       0000001c  00000000000002a8  00000000000002a8  000002a8  2**0[K
                  CONTENTS, ALLOC, LOAD, READONLY, DATA[K
  1 .note.ABI-tag 00000020  00000000000002c4  00000000000002c4  000002c4  2**2[K
                  CONTENTS, ALLOC, LOAD, READONLY, DATA[K
  2 .note.gnu.build-id 00000024  00000000000002e4  00000000000002e4  000002e4  2**2[K
                  CONTENTS, ALLOC, LOAD, READONLY, DATA[K
  3 .gnu.hash     00000030  0000000000000308  0000000000000308  00000308  2**3[K
                  CONTENTS, ALLOC, LOAD, READONLY, DATA[K
  4 .dynsym       000000f0  0000000000000338  0000000000000338  00000338  2**3[K
                  CONTENTS, ALLOC, LOAD, READONLY, DATA[K
  5 .dynstr       00000098  0000000000000428  0000000000000428  00000428  2**0[K
                  CONTENTS, ALLOC, LOAD, READONLY, DATA[K
  6 .gnu.version  00000014  00000000000004c0  00000000000004c0  000004c0  2**1[K
                  CONTENTS, ALLOC, LOAD, READONLY, DATA[K
  7 .gnu.version_r 00000020  00000000000004d8  00000000000004d8  000004d8  2**3[K
                  CONTENTS, ALLOC, LOAD, READONLY, DATA[K
  8 .rela.dyn     000000f0  00000000000004f8  00000000000004f8  000004f8  2**3[K
                  CONTENTS, ALLOC, LOAD, READONLY, DATA[K
  9 .rela.plt     00000030  00000000000005e8  00000000000005e8  000005e8  2**3[K
                  CONTENTS, ALLOC, LOAD, READONLY, DATA[K
 10 .init         00000017  0000000000001000  0000000000001000  00001000  2**2[K
                  CONTENTS, ALLOC, LOAD, READONLY, CODE[K
 11 .plt          00000030  0000000000001020  0000000000001020  00001020  2**4[K
                  CONTENTS, ALLOC, LOAD, READONLY, CODE[K
 12 .plt.got      00000008  0000000000001050  0000000000001050  00001050  2**3[K
                  CONTENTS, ALLOC, LOAD, READONLY, CODE[K[62;30H[30m[48;5;250m 5% L61[39;49m[32;1H[?12l[?25h[?12;25h[62;36H[?25l[30m[48;5;250m2[39;49m[33;1H[?12l[?25h[?12;25h[62;36H[?25l[30m[48;5;250m3[39;49m[34;1H[?12l[?25h[?12;25h[62;36H[?25l[30m[48;5;250m4[39;49m[35;1H[?12l[?25h[?12;25h[62;36H[?25l[30m[48;5;250m5[39;49m[36;1H[?12l[?25h[?12;25h[62;36H[?25l[30m[48;5;250m6[39;49m[37;1H[?12l[?25h[?12;25h[62;36H[?25l[30m[48;5;250m7[39;49m[38;1H[?12l[?25h[?12;25h[62;36H[?25l[30m[48;5;250m8[39;49m[39;1H[?12l[?25h[?12;25h[62;36H[?25l[30m[48;5;250m9[39;49m[40;1H[?12l[?25h[?12;25h[62;35H[?25l[30m[48;5;250m70[39;49m[41;1H[?12l[?25h[?12;25h[62;36H[?25l[30m[48;5;250m1[39;49m[42;1H[?12l[?25h[?12;25h[62;36H[?25l[30m[48;5;250m2[39;49m[43;1H[?12l[?25h[?12;25h[62;36H[?25l[30m[48;5;250m3[39;49m[44;1H[?12l[?25h[?12;25h[62;36H[?25l[30m[48;5;250m4[39;49m[45;1H[?12l[?25h[?12;25h[62;36H[?25l[30m[48;5;250m5[39;49m[46;1H[?12l[?25h[?12;25h[62;36H[?25l[30m[48;5;250m6[39;49m[47;1H[?12l[?25h[?12;25h[62;36H[?25l[30m[48;5;250m7[39;49m[48;1H[?12l[?25h[?12;25h[62;36H[?25l[30m[48;5;250m8[39;49m[49;1H[?12l[?25h[?12;25h[62;36H[?25l[30m[48;5;250m9[39;49m[50;1H[?12l[?25h[?12;25h[62;35H[?25l[30m[48;5;250m80[39;49m[51;1H[?12l[?25h[?12;25h[62;36H[?25l[30m[48;5;250m1[39;49m[52;1H[?12l[?25h[?12;25h[62;36H[?25l[30m[48;5;250m2[39;49m[53;1H[?12l[?25h[?12;25h[62;36H[?25l[30m[48;5;250m3[39;49m[54;1H[?12l[?25h[?12;25h[62;36H[?25l[30m[48;5;250m4[39;49m[55;1H[?12l[?25h[?12;25h[62;36H[?25l[30m[48;5;250m5[39;49m[56;1H[?12l[?25h[?12;25h[62;36H[?25l[30m[48;5;250m6[39;49m[57;1H[?12l[?25h[?12;25h[62;36H[?25l[30m[48;5;250m7[39;49m[58;1H[?12l[?25h[?12;25h[62;36H[?25l[30m[48;5;250m8[39;49m[59;1H[?12l[?25h[?12;25h[62;36H[?25l[30m[48;5;250m9[39;49m[60;1H[?12l[?25h[?12;25h[62;35H[?25l[30m[48;5;250m90[39;49m[A[?12l[?25h[?12;25h[1;61r[2;1H[30M[1;63r[32;1H[?25l 13 .text         00000201  0000000000001060  0000000000001060  00001060  2**4[K
                  CONTENTS, ALLOC, LOAD, READONLY, CODE[K
 14 .fini         00000009  0000000000001264  0000000000001264  00001264  2**2[K
                  CONTENTS, ALLOC, LOAD, READONLY, CODE[K
 15 .rodata       00000021  0000000000002000  0000000000002000  00002000  2**2[K
                  CONTENTS, ALLOC, LOAD, READONLY, DATA[K
 16 .eh_frame_hdr 00000044  0000000000002024  0000000000002024  00002024  2**2[K
                  CONTENTS, ALLOC, LOAD, READONLY, DATA[K
 17 .eh_frame     00000128  0000000000002068  0000000000002068  00002068  2**3[K
                  CONTENTS, ALLOC, LOAD, READONLY, DATA[K
 18 .init_array   00000008  0000000000003de8  0000000000003de8  00002de8  2**3[K
                  CONTENTS, ALLOC, LOAD, DATA[K
 19 .fini_array   00000008  0000000000003df0  0000000000003df0  00002df0  2**3[K
                  CONTENTS, ALLOC, LOAD, DATA[K
 20 .dynamic      000001e0  0000000000003df8  0000000000003df8  00002df8  2**3[K
                  CONTENTS, ALLOC, LOAD, DATA[K
 21 .got          00000028  0000000000003fd8  0000000000003fd8  00002fd8  2**3[K
                  CONTENTS, ALLOC, LOAD, DATA[K
 22 .got.plt      00000028  0000000000004000  0000000000004000  00003000  2**3[K
                  CONTENTS, ALLOC, LOAD, DATA[K
 23 .data         00000010  0000000000004028  0000000000004028  00003028  2**3[K
                  CONTENTS, ALLOC, LOAD, DATA[K
 24 .bss          00000030  0000000000004040  0000000000004040  00003038  2**5[K
                  ALLOC[K
 25 .comment      0000001c  0000000000000000  0000000000000000  00003038  2**0[K
                  CONTENTS, READONLY[K
 26 .debug_aranges 00000030  0000000000000000  0000000000000000  00003054  2**0[K
                  CONTENTS, READONLY, DEBUGGING[K
 27 .debug_info   0000035c  0000000000000000  0000000000000000  00003084  2**0[K
                  CONTENTS, READONLY, DEBUGGING[K[62;31H[30m[48;5;250m8% L91[39;49m[32;1H[?12l[?25h[?12;25h[62;36H[?25l[30m[48;5;250m2[39;49m[33;1H[?12l[?25h[?12;25h[62;36H[?25l[30m[48;5;250m3[39;49m[34;1H[?12l[?25h[?12;25h[62;36H[?25l[30m[48;5;250m4[39;49m[35;1H[?12l[?25h[?12;25h[62;36H[?25l[30m[48;5;250m5[39;49m[36;1H[?12l[?25h[?12;25h[62;36H[?25l[30m[48;5;250m6[39;49m[37;1H[?12l[?25h[?12;25h[62;36H[?25l[30m[48;5;250m7[39;49m[38;1H[?12l[?25h[?12;25h[62;36H[?25l[30m[48;5;250m8[39;49m[39;1H[?12l[?25h[?12;25h[62;36H[?25l[30m[48;5;250m9[39;49m[40;1H[?12l[?25h[?12;25h[62;35H[?25l[30m[48;5;250m100[39;49m[41;1H[?12l[?25h[?12;25h[62;37H[?25l[30m[48;5;250m1[39;49m[42;1H[?12l[?25h[?12;25h[62;37H[?25l[30m[48;5;250m2[39;49m[43;1H[?12l[?25h[?12;25h[62;37H[?25l[30m[48;5;250m3[39;49m[44;1H[?12l[?25h[?12;25h[62;37H[?25l[30m[48;5;250m4[39;49m[45;1H[?12l[?25h[?12;25h[62;37H[?25l[30m[48;5;250m5[39;49m[46;1H[?12l[?25h[?12;25h[62;37H[?25l[30m[48;5;250m6[39;49m[47;1H[?12l[?25h[?12;25h[62;37H[?25l[30m[48;5;250m7[39;49m[48;1H[?12l[?25h[?12;25h[62;37H[?25l[30m[48;5;250m8[39;49m[49;1H[?12l[?25h[?12;25h[62;37H[?25l[30m[48;5;250m9[39;49m[50;1H[?12l[?25h[?12;25h[62;36H[?25l[30m[48;5;250m10[39;49m[51;1H[?12l[?25h[?12;25h[62;37H[?25l[30m[48;5;250m1[39;49m[52;1H[?12l[?25h[?12;25h[62;37H[?25l[30m[48;5;250m2[39;49m[53;1H[?12l[?25h[?12;25h[62;37H[?25l[30m[48;5;250m3[39;49m[54;1H[?12l[?25h[?12;25h[62;37H[?25l[30m[48;5;250m4[39;49m[55;1H[?12l[?25h[?12;25h[62;37H[?25l[30m[48;5;250m5[39;49m[56;1H[?12l[?25h[?12;25h[62;37H[?25l[30m[48;5;250m6[39;49m[57;1H[?12l[?25h[?12;25h[62;37H[?25l[30m[48;5;250m7[39;49m[58;1H[?12l[?25h[?12;25h[62;37H[?25l[30m[48;5;250m8[39;49m[59;1H[?12l[?25h[?12;25h[62;37H[?25l[30m[48;5;250m9[39;49m[60;1H[?12l[?25h[?12;25h[62;36H[?25l[30m[48;5;250m20[39;49m[A[?12l[?25h[?12;25h[1;61r[2;1H[30M[1;63r[32;1H[?25l 28 .debug_abbrev 0000011f  0000000000000000  0000000000000000  000033e0  2**0[K
                  CONTENTS, READONLY, DEBUGGING[K
 29 .debug_line   00000134  0000000000000000  0000000000000000  000034ff  2**0[K
                  CONTENTS, READONLY, DEBUGGING[K
 30 .debug_str    0000025e  0000000000000000  0000000000000000  00003633  2**0[K
                  CONTENTS, READONLY, DEBUGGING[K
SYMBOL TABLE:[K
00000000000002a8 l    d  .interp        0000000000000000              .interp[K
00000000000002c4 l    d  .note.ABI-tag  0000000000000000              .note.ABI-tag[K
00000000000002e4 l    d  .note.gnu.build-id     0000000000000000              .note.gnu.build-id[K
0000000000000308 l    d  .gnu.hash      0000000000000000              .gnu.hash[K
0000000000000338 l    d  .dynsym        0000000000000000              .dynsym[K
0000000000000428 l    d  .dynstr        0000000000000000              .dynstr[K
00000000000004c0 l    d  .gnu.version   0000000000000000              .gnu.version[K
00000000000004d8 l    d  .gnu.version_r 0000000000000000              .gnu.version_r[K
00000000000004f8 l    d  .rela.dyn      0000000000000000              .rela.dyn[K
00000000000005e8 l    d  .rela.plt      0000000000000000              .rela.plt[K
0000000000001000 l    d  .init  0000000000000000              .init[K
0000000000001020 l    d  .plt   0000000000000000              .plt[K
0000000000001050 l    d  .plt.got       0000000000000000              .plt.got[K
0000000000001060 l    d  .text  0000000000000000              .text[K
0000000000001264 l    d  .fini  0000000000000000              .fini[K
0000000000002000 l    d  .rodata        0000000000000000              .rodata[K
0000000000002024 l    d  .eh_frame_hdr  0000000000000000              .eh_frame_hdr[K
0000000000002068 l    d  .eh_frame      0000000000000000              .eh_frame[K
0000000000003de8 l    d  .init_array    0000000000000000              .init_array[K
0000000000003df0 l    d  .fini_array    0000000000000000              .fini_array[K
0000000000003df8 l    d  .dynamic       0000000000000000              .dynamic[K
0000000000003fd8 l    d  .got   0000000000000000              .got[K
0000000000004000 l    d  .got.plt       0000000000000000              .got.plt[K[62;30H[30m[48;5;250m13% L121[39;49m[32;1H[?12l[?25h[?12;25h[62;37H[?25l[30m[48;5;250m2[39;49m[33;1H[?12l[?25h[?12;25h[62;37H[?25l[30m[48;5;250m3[39;49m[34;1H[?12l[?25h[?12;25h[62;37H[?25l[30m[48;5;250m4[39;49m[35;1H[?12l[?25h[?12;25h[62;37H[?25l[30m[48;5;250m5[39;49m[36;1H[?12l[?25h[?12;25h[62;37H[?25l[30m[48;5;250m6[39;49m[37;1H[?12l[?25h[?12;25h[62;37H[?25l[30m[48;5;250m7[39;49m[38;1H[?12l[?25h[?12;25h[62;37H[?25l[30m[48;5;250m8[39;49m[39;1H[?12l[?25h[?12;25h[62;37H[?25l[30m[48;5;250m9[39;49m[40;1H[?12l[?25h[?12;25h[62;36H[?25l[30m[48;5;250m30[39;49m[41;1H[?12l[?25h[?12;25h[62;37H[?25l[30m[48;5;250m1[39;49m[42;1H[?12l[?25h[?12;25h[62;37H[?25l[30m[48;5;250m2[39;49m[43;1H[?12l[?25h[?12;25h[62;37H[?25l[30m[48;5;250m4[39;49m[45;1H[?12l[?25h[?12;25h[62;37H[?25l[30m[48;5;250m5[39;49m[46;1H[?12l[?25h[?12;25h[62;37H[?25l[30m[48;5;250m6[39;49m[47;1H[?12l[?25h[?12;25h[62;37H[?25l[30m[48;5;250m7[39;49m[48;1H[?12l[?25h[?12;25h[62;37H[?25l[30m[48;5;250m8[39;49m[49;1H[?12l[?25h[?12;25h[62;37H[?25l[30m[48;5;250m9[39;49m[50;1H[?12l[?25h[?12;25h[62;36H[?25l[30m[48;5;250m40[39;49m[51;1H[?12l[?25h[?12;25h[62;37H[?25l[30m[48;5;250m1[39;49m[52;1H[?12l[?25h[?12;25h[62;37H[?25l[30m[48;5;250m2[39;49m[53;1H[?12l[?25h[?12;25h[62;37H[?25l[30m[48;5;250m3[39;49m[54;1H[?12l[?25h[?12;25h[62;37H[?25l[30m[48;5;250m4[39;49m[55;1H[?12l[?25h[?12;25h[62;37H[?25l[30m[48;5;250m5[39;49m[56;1H[?12l[?25h[?12;25h[62;37H[?25l[30m[48;5;250m6[39;49m[57;1H[?12l[?25h[?12;25h[62;37H[?25l[30m[48;5;250m7[39;49m[58;1H[?12l[?25h[?12;25h[62;37H[?25l[30m[48;5;250m8[39;49m[59;1H[?12l[?25h[?12;25h[62;37H[?25l[30m[48;5;250m9[39;49m[60;1H[?12l[?25h[?12;25h[62;36H[?25l[30m[48;5;250m50[39;49m[A[?12l[?25h[?12;25h[1;61r[2;1H[30M[1;63r[32;1H[?25l0000000000004028 l    d  .data  0000000000000000              .data[K
0000000000004040 l    d  .bss   0000000000000000              .bss[K
0000000000000000 l    d  .comment       0000000000000000              .comment[K
0000000000000000 l    d  .debug_aranges 0000000000000000              .debug_aranges[K
0000000000000000 l    d  .debug_info    0000000000000000              .debug_info[K
0000000000000000 l    d  .debug_abbrev  0000000000000000              .debug_abbrev[K
0000000000000000 l    d  .debug_line    0000000000000000              .debug_line[K
0000000000000000 l    d  .debug_str     0000000000000000              .debug_str[K
0000000000000000 l    df *ABS*  0000000000000000              crtstuff.c[K
0000000000001090 l     F .text  0000000000000000              deregister_tm_clones[K
00000000000010c0 l     F .text  0000000000000000              register_tm_clones[K
0000000000001100 l     F .text  0000000000000000              __do_global_dtors_aux[K
0000000000004068 l     O .bss   0000000000000001              completed.7325[K
0000000000003df0 l     O .fini_array    0000000000000000              __do_global_dtors_aux_fini_array_entry[K
0000000000001140 l     F .text  0000000000000000              frame_dummy[K
0000000000003de8 l     O .init_array    0000000000000000              __frame_dummy_init_array_entry[K
0000000000000000 l    df *ABS*  0000000000000000              hello.c[K
0000000000001145 l     F .text  000000000000002f              hello[K
0000000000000000 l    df *ABS*  0000000000000000              crtstuff.c[K
000000000000218c l     O .eh_frame      0000000000000000              __FRAME_END__[K
0000000000000000 l    df *ABS*  0000000000000000[K
0000000000003df0 l       .init_array    0000000000000000              __init_array_end[K
0000000000003df8 l     O .dynamic       0000000000000000              _DYNAMIC[K
0000000000003de8 l       .init_array    0000000000000000              __init_array_start[K
0000000000002024 l       .eh_frame_hdr  0000000000000000              __GNU_EH_FRAME_HDR[K
0000000000004000 l     O .got.plt       0000000000000000              _GLOBAL_OFFSET_TABLE_[K
0000000000001000 l     F .init  0000000000000000              _init[K
0000000000001260 g     F .text  0000000000000001              __libc_csu_fini[K
0000000000000000  w      *UND*  0000000000000000              _ITM_deregisterTMCloneTable[K
0000000000004040 g     O .bss   0000000000000008              stdout@@GLIBC_2.2.5[K[62;31H[30m[48;5;250m7% L151[39;49m[32;1H[?12l[?25h[?12;25h[62;37H[?25l[30m[48;5;250m2[39;49m[33;1H[?12l[?25h[?12;25h[62;37H[?25l[30m[48;5;250m3[39;49m[34;1H[?12l[?25h[?12;25h[62;37H[?25l[30m[48;5;250m4[39;49m[35;1H[?12l[?25h[?12;25h[62;37H[?25l[30m[48;5;250m5[39;49m[36;1H[?12l[?25h[?12;25h[62;37H[?25l[30m[48;5;250m6[39;49m[37;1H[?12l[?25h[?12;25h[62;37H[?25l[30m[48;5;250m7[39;49m[38;1H[?12l[?25h[?12;25h[62;37H[?25l[30m[48;5;250m8[39;49m[39;1H[?12l[?25h[?12;25h[62;37H[?25l[30m[48;5;250m9[39;49m[40;1H[?12l[?25h[?12;25h[62;36H[?25l[30m[48;5;250m60[39;49m[41;1H[?12l[?25h[?12;25h[62;37H[?25l[30m[48;5;250m1[39;49m[42;1H[?12l[?25h[?12;25h[62;37H[?25l[30m[48;5;250m2[39;49m[43;1H[?12l[?25h[?12;25h[62;37H[?25l[30m[48;5;250m3[39;49m[44;1H[?12l[?25h[?12;25h[62;37H[?25l[30m[48;5;250m4[39;49m[45;1H[?12l[?25h[?12;25h[62;37H[?25l[30m[48;5;250m5[39;49m[46;1H[?12l[?25h[?12;25h[62;37H[?25l[30m[48;5;250m6[39;49m[47;1H[?12l[?25h[?12;25h[62;37H[?25l[30m[48;5;250m7[39;49m[48;1H[?12l[?25h[?12;25h[62;37H[?25l[30m[48;5;250m8[39;49m[49;1H[?12l[?25h[?12;25h[62;37H[?25l[30m[48;5;250m9[39;49m[50;1H[?12l[?25h[?12;25h[62;36H[?25l[30m[48;5;250m70[39;49m[51;1H[?12l[?25h[?12;25h[62;37H[?25l[30m[48;5;250m1[39;49m[52;1H[?12l[?25h[?12;25h[62;37H[?25l[30m[48;5;250m2[39;49m[53;1H[?12l[?25h[?12;25h[62;37H[?25l[30m[48;5;250m3[39;49m[54;1H[?12l[?25h[?12;25h[62;37H[?25l[30m[48;5;250m4[39;49m[55;1H[?12l[?25h[?12;25h[62;37H[?25l[30m[48;5;250m5[39;49m[56;1H[?12l[?25h[?12;25h[62;37H[?25l[30m[48;5;250m6[39;49m[57;1H[?12l[?25h[?12;25h[62;37H[?25l[30m[48;5;250m7[39;49m[58;1H[?12l[?25h[?12;25h[62;37H[?25l[30m[48;5;250m8[39;49m[59;1H[?12l[?25h[?12;25h[62;37H[?25l[30m[48;5;250m9[39;49m[60;1H[?12l[?25h[?12;25h[62;36H[?25l[30m[48;5;250m80[39;49m[A[?12l[?25h[?12;25h[1;61r[2;1H[30M[1;63r[32;1H[?25l0000000000004028  w      .data  0000000000000000              data_start[K
0000000000004038 g       .data  0000000000000000              _edata[K
0000000000001264 g     F .fini  0000000000000000              .hidden _fini[K
0000000000000000       F *UND*  0000000000000000              __libc_start_main@@GLIBC_2.2.5[K
0000000000004028 g       .data  0000000000000000              __data_start[K
0000000000000000       F *UND*  0000000000000000              fprintf@@GLIBC_2.2.5[K
0000000000000000  w      *UND*  0000000000000000              __gmon_start__[K
0000000000004030 g     O .data  0000000000000000              .hidden __dso_handle[K
0000000000002000 g     O .rodata        0000000000000004              _IO_stdin_used[K
0000000000001200 g     F .text  000000000000005d              __libc_csu_init[K
0000000000004070 g       .bss   0000000000000000              _end[K
0000000000001060 g     F .text  000000000000002b              _start[K
0000000000004038 g       .bss   0000000000000000              __bss_start[K
0000000000001174 g     F .text  0000000000000086              main[K
0000000000000000       F *UND*  0000000000000000              exit@@GLIBC_2.2.5[K
0000000000004038 g     O .data  0000000000000000              .hidden __TMC_END__[K
0000000000000000  w      *UND*  0000000000000000              _ITM_registerTMCloneTable[K
0000000000000000  w    F *UND*  0000000000000000              __cxa_finalize@@GLIBC_2.2.5[K
0000000000004060 g     O .bss   0000000000000008              stderr@@GLIBC_2.2.5[K
[K
[K
Contents of section .interp:[K
 02a8 2f6c6962 36342f6c 642d6c69 6e75782d  /lib64/ld-linux-[K
 02b8 7838362d 36342e73 6f2e3200           x86-64.so.2.[K
Contents of section .note.ABI-tag:[K
 02c4 04000000 10000000 01000000 474e5500  ............GNU.[K
 02d4 00000000 03000000 02000000 00000000  ................[K
Contents of section .note.gnu.build-id:[K
 02e4 04000000 14000000 03000000 474e5500  ............GNU.[K
 02f4 b0627a13 61d9a76c 84b399d3 37e2296d  .bz.a..l....7.)m[K[62;30H[30m[48;5;250m22% L181[39;49m[32;1H[?12l[?25h[?12;25h[62;37H[?25l[30m[48;5;250m2[39;49m[33;1H[?12l[?25h[?12;25h[62;37H[?25l[30m[48;5;250m3[39;49m[34;1H[?12l[?25h[?12;25h[62;37H[?25l[30m[48;5;250m4[39;49m[35;1H[?12l[?25h[?12;25h[62;37H[?25l[30m[48;5;250m5[39;49m[36;1H[?12l[?25h[?12;25h[62;37H[?25l[30m[48;5;250m6[39;49m[37;1H[?12l[?25h[?12;25h[62;37H[?25l[30m[48;5;250m7[39;49m[38;1H[?12l[?25h[?12;25h[62;37H[?25l[30m[48;5;250m8[39;49m[39;1H[?12l[?25h[?12;25h[62;37H[?25l[30m[48;5;250m9[39;49m[40;1H[?12l[?25h[?12;25h[62;36H[?25l[30m[48;5;250m90[39;49m[41;1H[?12l[?25h[?12;25h[62;37H[?25l[30m[48;5;250m1[39;49m[42;1H[?12l[?25h[?12;25h[62;37H[?25l[30m[48;5;250m2[39;49m[43;1H[?12l[?25h[?12;25h[62;37H[?25l[30m[48;5;250m3[39;49m[44;1H[?12l[?25h[?12;25h[62;37H[?25l[30m[48;5;250m4[39;49m[45;1H[?12l[?25h[?12;25h[62;37H[?25l[30m[48;5;250m5[39;49m[46;1H[?12l[?25h[?12;25h[62;37H[?25l[30m[48;5;250m6[39;49m[47;1H[?12l[?25h[?12;25h[62;37H[?25l[30m[48;5;250m7[39;49m[48;1H[?12l[?25h[?12;25h[62;37H[?25l[30m[48;5;250m8[39;49m[49;1H[?12l[?25h[?12;25h[62;37H[?25l[30m[48;5;250m9[39;49m[50;1H[?12l[?25h[?12;25h[62;35H[?25l[30m[48;5;250m200[39;49m[51;1H[?12l[?25h[?12;25h[62;37H[?25l[30m[48;5;250m1[39;49m[52;1H[?12l[?25h[?12;25h[62;37H[?25l[30m[48;5;250m2[39;49m[53;1H[?12l[?25h[?12;25h[62;37H[?25l[30m[48;5;250m3[39;49m[54;1H[?12l[?25h[?12;25h[62;37H[?25l[30m[48;5;250m4[39;49m[55;1H[?12l[?25h[?12;25h[62;37H[?25l[30m[48;5;250m5[39;49m[56;1H[?12l[?25h[?12;25h[62;37H[?25l[30m[48;5;250m6[39;49m[57;1H[?12l[?25h[?12;25h[62;37H[?25l[30m[48;5;250m7[39;49m[58;1H[?12l[?25h[?12;25h[62;37H[?25l[30m[48;5;250m8[39;49m[59;1H[?12l[?25h[?12;25h[62;37H[?25l[30m[48;5;250m9[39;49m[60;1H[?12l[?25h[?12;25h[62;36H[?25l[30m[48;5;250m10[39;49m[A[?12l[?25h[?12;25h[1;61r[2;1H[30M[1;63r[32;1H[?25l 0304 348fd471                             4..q[K
Contents of section .gnu.hash:[K
 0308 03000000 07000000 01000000 06000000  ................[K
 0318 00018100 00011002 07000000 09000000  ................[K
 0328 00000000 281d8c1c d165ce6d 39f28b1c  ....(....e.m9...[K
Contents of section .dynsym:[K
 0338 00000000 00000000 00000000 00000000  ................[K
 0348 00000000 00000000 53000000 20000000  ........S... ...[K
 0358 00000000 00000000 00000000 00000000  ................[K
 0368 35000000 12000000 00000000 00000000  5...............[K
 0378 00000000 00000000 1e000000 12000000  ................[K
 0388 00000000 00000000 00000000 00000000  ................[K
 0398 6f000000 20000000 00000000 00000000  o... ...........[K
 03a8 00000000 00000000 0b000000 12000000  ................[K
 03b8 00000000 00000000 00000000 00000000  ................[K
 03c8 7e000000 20000000 00000000 00000000  ~... ...........[K
 03d8 00000000 00000000 10000000 11001900  ................[K
 03e8 40400000 00000000 08000000 00000000  @@..............[K
 03f8 26000000 22000000 00000000 00000000  &..."...........[K
 0408 00000000 00000000 17000000 11001900  ................[K
 0418 60400000 00000000 08000000 00000000  `@..............[K
Contents of section .dynstr:[K
 0428 006c6962 632e736f 2e360065 78697400  .libc.so.6.exit.[K
 0438 7374646f 75740073 74646572 72006670  stdout.stderr.fp[K
 0448 72696e74 66005f5f 6378615f 66696e61  rintf.__cxa_fina[K
 0458 6c697a65 005f5f6c 6962635f 73746172  lize.__libc_star[K
 0468 745f6d61 696e0047 4c494243 5f322e32  t_main.GLIBC_2.2[K
 0478 2e35005f 49544d5f 64657265 67697374  .5._ITM_deregist[K
 0488 6572544d 436c6f6e 65546162 6c65005f  erTMCloneTable._[K
 0498 5f676d6f 6e5f7374 6172745f 5f005f49  _gmon_start__._I[K[62;31H[30m[48;5;250m8% L211[39;49m[32;1H[?12l[?25h[?12;25h[62;37H[?25l[30m[48;5;250m2[39;49m[33;1H[?12l[?25h[?12;25h[62;37H[?25l[30m[48;5;250m3[39;49m[34;1H[?12l[?25h[?12;25h[62;37H[?25l[30m[48;5;250m4[39;49m[35;1H[?12l[?25h[?12;25h[62;37H[?25l[30m[48;5;250m5[39;49m[36;1H[?12l[?25h[?12;25h[62;37H[?25l[30m[48;5;250m6[39;49m[37;1H[?12l[?25h[?12;25h[62;37H[?25l[30m[48;5;250m7[39;49m[38;1H[?12l[?25h[?12;25h[62;37H[?25l[30m[48;5;250m8[39;49m[39;1H[?12l[?25h[?12;25h[62;37H[?25l[30m[48;5;250m9[39;49m[40;1H[?12l[?25h[?12;25h[62;36H[?25l[30m[48;5;250m20[39;49m[41;1H[?12l[?25h[?12;25h[62;37H[?25l[30m[48;5;250m1[39;49m[42;1H[?12l[?25h[?12;25h[62;37H[?25l[30m[48;5;250m2[39;49m[43;1H[?12l[?25h[?12;25h[62;37H[?25l[30m[48;5;250m3[39;49m[44;1H[?12l[?25h[?12;25h[62;37H[?25l[30m[48;5;250m4[39;49m[45;1H[?12l[?25h[?12;25h[62;37H[?25l[30m[48;5;250m5[39;49m[46;1H[?12l[?25h[?12;25h[62;37H[?25l[30m[48;5;250m6[39;49m[47;1H[?12l[?25h[?12;25h[62;37H[?25l[30m[48;5;250m7[39;49m[48;1H[?12l[?25h[?12;25h[62;37H[?25l[30m[48;5;250m8[39;49m[49;1H[?12l[?25h[?12;25h[62;37H[?25l[30m[48;5;250m9[39;49m[50;1H[?12l[?25h[?12;25h[62;36H[?25l[30m[48;5;250m30[39;49m[51;1H[?12l[?25h[?12;25h[62;37H[?25l[30m[48;5;250m1[39;49m[52;1H[?12l[?25h[?12;25h[62;37H[?25l[30m[48;5;250m2[39;49m[53;1H[?12l[?25h[?12;25h[62;37H[?25l[30m[48;5;250m3[39;49m[54;1H[?12l[?25h[?12;25h[62;37H[?25l[30m[48;5;250m4[39;49m[55;1H[?12l[?25h[?12;25h[62;37H[?25l[30m[48;5;250m5[39;49m[56;1H[?12l[?25h[?12;25h[62;37H[?25l[30m[48;5;250m6[39;49m[57;1H[?12l[?25h[?12;25h[62;37H[?25l[30m[48;5;250m7[39;49m[58;1H[?12l[?25h[?12;25h[62;37H[?25l[30m[48;5;250m8[39;49m[59;1H[?12l[?25h[?12;25h[62;37H[?25l[30m[48;5;250m9[39;49m[60;1H[?12l[?25h[?12;25h[62;36H[?25l[30m[48;5;250m40[39;49m[A[?12l[?25h[?12;25h[1;61r[2;1H[30M[1;63r[32;1H[?25l 04a8 544d5f72 65676973 74657254 4d436c6f  TM_registerTMClo[K
 04b8 6e655461 626c6500                    neTable.[K
Contents of section .gnu.version:[K
 04c0 00000000 02000200 00000200 00000200  ................[K
 04d0 02000200                             ....[K
Contents of section .gnu.version_r:[K
 04d8 01000100 01000000 10000000 00000000  ................[K
 04e8 751a6909 00000200 47000000 00000000  u.i.....G.......[K
Contents of section .rela.dyn:[K
 04f8 e83d0000 00000000 08000000 00000000  .=..............[K
 0508 40110000 00000000 f03d0000 00000000  @........=......[K
 0518 08000000 00000000 00110000 00000000  ................[K
 0528 30400000 00000000 08000000 00000000  0@..............[K
 0538 30400000 00000000 d83f0000 00000000  0@.......?......[K
 0548 06000000 01000000 00000000 00000000  ................[K
 0558 e03f0000 00000000 06000000 02000000  .?..............[K
 0568 00000000 00000000 e83f0000 00000000  .........?......[K
 0578 06000000 04000000 00000000 00000000  ................[K
 0588 f03f0000 00000000 06000000 06000000  .?..............[K
 0598 00000000 00000000 f83f0000 00000000  .........?......[K
 05a8 06000000 08000000 00000000 00000000  ................[K
 05b8 40400000 00000000 05000000 07000000  @@..............[K
 05c8 00000000 00000000 60400000 00000000  ........`@......[K
 05d8 05000000 09000000 00000000 00000000  ................[K
Contents of section .rela.plt:[K
 05e8 18400000 00000000 07000000 03000000  .@..............[K
 05f8 00000000 00000000 20400000 00000000  ........ @......[K
 0608 07000000 05000000 00000000 00000000  ................[K
Contents of section .init:[K
 1000 4883ec08 488b05dd 2f000048 85c07402  H...H.../..H..t.[K[62;30H[30m[48;5;250m32% L241[39;49m[32;1H[?12l[?25h[?12;25h[62;37H[?25l[30m[48;5;250m2[39;49m[33;1H[?12l[?25h[?12;25h[62;37H[?25l[30m[48;5;250m3[39;49m[34;1H[?12l[?25h[?12;25h[62;37H[?25l[30m[48;5;250m4[39;49m[35;1H[?12l[?25h[?12;25h[62;37H[?25l[30m[48;5;250m5[39;49m[36;1H[?12l[?25h[?12;25h[62;37H[?25l[30m[48;5;250m6[39;49m[37;1H[?12l[?25h[?12;25h[62;37H[?25l[30m[48;5;250m7[39;49m[38;1H[?12l[?25h[?12;25h[62;37H[?25l[30m[48;5;250m8[39;49m[39;1H[?12l[?25h[?12;25h[62;37H[?25l[30m[48;5;250m9[39;49m[40;1H[?12l[?25h[?12;25h[62;36H[?25l[30m[48;5;250m50[39;49m[41;1H[?12l[?25h[?12;25h[62;37H[?25l[30m[48;5;250m1[39;49m[42;1H[?12l[?25h[?12;25h[62;37H[?25l[30m[48;5;250m2[39;49m[43;1H[?12l[?25h[?12;25h[62;37H[?25l[30m[48;5;250m3[39;49m[44;1H[?12l[?25h[?12;25h[62;37H[?25l[30m[48;5;250m4[39;49m[45;1H[?12l[?25h[?12;25h[62;37H[?25l[30m[48;5;250m5[39;49m[46;1H[?12l[?25h[?12;25h[62;37H[?25l[30m[48;5;250m6[39;49m[47;1H[?12l[?25h[?12;25h[62;37H[?25l[30m[48;5;250m7[39;49m[48;1H[?12l[?25h[?12;25h[62;37H[?25l[30m[48;5;250m8[39;49m[49;1H[?12l[?25h[?12;25h[62;37H[?25l[30m[48;5;250m9[39;49m[50;1H[?12l[?25h[?12;25h[62;36H[?25l[30m[48;5;250m60[39;49m[51;1H[?12l[?25h[?12;25h[62;37H[?25l[30m[48;5;250m1[39;49m[52;1H[?12l[?25h[?12;25h[62;37H[?25l[30m[48;5;250m2[39;49m[53;1H[?12l[?25h[?12;25h[62;37H[?25l[30m[48;5;250m3[39;49m[54;1H[?12l[?25h[?12;25h[62;37H[?25l[30m[48;5;250m4[39;49m[55;1H[?12l[?25h[?12;25h[62;37H[?25l[30m[48;5;250m5[39;49m[56;1H[?12l[?25h[?12;25h[62;37H[?25l[30m[48;5;250m6[39;49m[57;1H[?12l[?25h[?12;25h[62;37H[?25l[30m[48;5;250m7[39;49m[58;1H[?12l[?25h[?12;25h[62;37H[?25l[30m[48;5;250m8[39;49m[59;1H[?12l[?25h[?12;25h[62;37H[?25l[30m[48;5;250m9[39;49m[60;1H[?12l[?25h[?12;25h[62;36H[?25l[30m[48;5;250m70[39;49m[A[?12l[?25h[?12;25h[1;61r[2;1H[30M[1;63r[32;1H[?25l 1010 ffd04883 c408c3                      ..H....[K
Contents of section .plt:[K
 1020 ff35e22f 0000ff25 e42f0000 0f1f4000  .5./...%./....@.[K
 1030 ff25e22f 00006800 000000e9 e0ffffff  .%./..h.........[K
 1040 ff25da2f 00006801 000000e9 d0ffffff  .%./..h.........[K
Contents of section .plt.got:[K
 1050 ff25a22f 00006690                    .%./..f.[K
Contents of section .text:[K
 1060 31ed4989 d15e4889 e24883e4 f050544c  1.I..^H..H...PTL[K
 1070 8d05ea01 0000488d 0d830100 00488d3d  ......H......H.=[K
 1080 f0000000 ff15562f 0000f40f 1f440000  ......V/.....D..[K
 1090 488d3da1 2f000048 8d059a2f 00004839  H.=./..H.../..H9[K
 10a0 f8741548 8b052e2f 00004885 c07409ff  .t.H.../..H..t..[K
 10b0 e00f1f80 00000000 c30f1f80 00000000  ................[K
 10c0 488d3d71 2f000048 8d356a2f 00004829  H.=q/..H.5j/..H)[K
 10d0 fe48c1fe 034889f0 48c1e83f 4801c648  .H...H..H..?H..H[K
 10e0 d1fe7414 488b0505 2f000048 85c07408  ..t.H.../..H..t.[K
 10f0 ffe0660f 1f440000 c30f1f80 00000000  ..f..D..........[K
 1100 803d612f 00000075 2f554883 3de62e00  .=a/...u/UH.=...[K
 1110 00004889 e5740c48 8b3d122f 0000e82d  ..H..t.H.=./...-[K
 1120 ffffffe8 68ffffff c605392f 0000015d  ....h.....9/...][K
 1130 c30f1f80 00000000 c30f1f80 00000000  ................[K
 1140 e97bffff ff554889 e54883ec 1048897d  .{...UH..H...H.}[K
 1150 f8488975 f0488b55 f0488b45 f8488d35  .H.u.H.U.H.E.H.5[K
 1160 a00e0000 4889c7b8 00000000 e8bffeff  ....H...........[K
 1170 ff90c9c3 554889e5 4883ec20 897dec48  ....UH..H.. .}.H[K
 1180 8975e083 7dec0175 2c488b45 e0488b10  .u..}..u,H.E.H..[K
 1190 488b05c9 2e000048 8d35700e 00004889  H......H.5p...H.[K
 11a0 c7b80000 0000e885 feffffbf efbeadde  ................[K
 11b0 e88bfeff ffc745fc 01000000 eb2d8b45  ......E......-.E[K[62;31H[30m[48;5;250m7% L271[39;49m[32;1H[?12l[?25h[?12;25h[62;37H[?25l[30m[48;5;250m2[39;49m[33;1H[?12l[?25h[?12;25h[62;37H[?25l[30m[48;5;250m3[39;49m[34;1H[?12l[?25h[?12;25h[62;37H[?25l[30m[48;5;250m4[39;49m[35;1H[?12l[?25h[?12;25h[62;37H[?25l[30m[48;5;250m5[39;49m[36;1H[?12l[?25h[?12;25h[62;37H[?25l[30m[48;5;250m6[39;49m[37;1H[?12l[?25h[?12;25h[62;37H[?25l[30m[48;5;250m7[39;49m[38;1H[?12l[?25h[?12;25h[62;37H[?25l[30m[48;5;250m8[39;49m[39;1H[?12l[?25h[?12;25h[62;37H[?25l[30m[48;5;250m9[39;49m[40;1H[?12l[?25h[?12;25h[62;36H[?25l[30m[48;5;250m80[39;49m[41;1H[?12l[?25h[?12;25h[62;37H[?25l[30m[48;5;250m1[39;49m[42;1H[?12l[?25h[?12;25h[62;37H[?25l[30m[48;5;250m2[39;49m[43;1H[?12l[?25h[?12;25h[62;37H[?25l[30m[48;5;250m3[39;49m[44;1H[?12l[?25h[?12;25h[62;37H[?25l[30m[48;5;250m4[39;49m[45;1H[?12l[?25h[?12;25h[62;37H[?25l[30m[48;5;250m5[39;49m[46;1H[?12l[?25h[?12;25h[62;37H[?25l[30m[48;5;250m6[39;49m[47;1H[?12l[?25h[?12;25h[62;37H[?25l[30m[48;5;250m7[39;49m[48;1H[?12l[?25h[?12;25h[62;37H[?25l[30m[48;5;250m8[39;49m[49;1H[?12l[?25h[?12;25h[62;37H[?25l[30m[48;5;250m9[39;49m[50;1H[?12l[?25h[?12;25h[62;36H[?25l[30m[48;5;250m90[39;49m[51;1H[?12l[?25h[?12;25h[62;37H[?25l[30m[48;5;250m1[39;49m[52;1H[?12l[?25h[?12;25h[62;37H[?25l[30m[48;5;250m2[39;49m[53;1H[?12l[?25h[?12;25h[62;37H[?25l[30m[48;5;250m3[39;49m[54;1H[?12l[?25h[?12;25h[62;37H[?25l[30m[48;5;250m4[39;49m[55;1H[?12l[?25h[?12;25h[62;37H[?25l[30m[48;5;250m5[39;49m[56;1H[?12l[?25h[?12;25h[62;37H[?25l[30m[48;5;250m6[39;49m[57;1H[?12l[?25h[?12;25h[62;37H[?25l[30m[48;5;250m7[39;49m[58;1H[?12l[?25h[?12;25h[62;37H[?25l[30m[48;5;250m8[39;49m[59;1H[?12l[?25h[?12;25h[62;37H[?25l[30m[48;5;250m9[39;49m[60;1H[?12l[?25h[?12;25h[62;35H[?25l[30m[48;5;250m300[39;49m[A[?12l[?25h[?12;25h[1;61r[2;1H[30M[1;63r[32;1H[?25l 11c0 fc489848 8d14c500 00000048 8b45e048  .H.H.......H.E.H[K
 11d0 01d0488b 10488b05 642e0000 4889d648  ..H..H..d...H..H[K
 11e0 89c7e85e ffffff83 45fc018b 45fc3b45  ...^....E...E.;E[K
 11f0 ec7ccbb8 00000000 c9c3660f 1f440000  .|........f..D..[K
 1200 41574989 d7415649 89f64155 4189fd41  AWI..AVI..AUA..A[K
 1210 544c8d25 d02b0000 55488d2d d02b0000  TL.%.+..UH.-.+..[K
 1220 534c29e5 4883ec08 e8d3fdff ff48c1fd  SL).H........H..[K
 1230 03741b31 db0f1f00 4c89fa4c 89f64489  .t.1....L..L..D.[K
 1240 ef41ff14 dc4883c3 014839dd 75ea4883  .A...H...H9.u.H.[K
 1250 c4085b5d 415c415d 415e415f c30f1f00  ..[]A\A]A^A_....[K
 1260 c3                                   .[K
Contents of section .fini:[K
 1264 4883ec08 4883c408 c3                 H...H....[K
Contents of section .rodata:[K
 2000 01000200 68656c6c 6f202573 0a007573  ....hello %s..us[K
 2010 6167653a 20257320 4e414d45 2e2e2e0a  age: %s NAME....[K
 2020 00                                   .[K
Contents of section .eh_frame_hdr:[K
 2024 011b033b 40000000 07000000 fcefffff  ...;@...........[K
 2034 8c000000 2cf0ffff b4000000 3cf0ffff  ....,.......<...[K
 2044 5c000000 21f1ffff cc000000 50f1ffff  \...!.......P...[K
 2054 ec000000 dcf1ffff 0c010000 3cf2ffff  ............<...[K
 2064 54010000                             T...[K
Contents of section .eh_frame:[K
 2068 14000000 00000000 017a5200 01781001  .........zR..x..[K
 2078 1b0c0708 90010710 14000000 1c000000  ................[K
 2088 d8efffff 2b000000 00000000 00000000  ....+...........[K
 2098 14000000 00000000 017a5200 01781001  .........zR..x..[K
 20a8 1b0c0708 90010000 24000000 1c000000  ........$.......[K
 20b8 68efffff 30000000 000e1046 0e184a0f  h...0......F..J.[K[62;30H[30m[48;5;250m41% L301[39;49m[32;1H[?12l[?25h[?12;25h[62;37H[?25l[30m[48;5;250m2[39;49m[33;1H[?12l[?25h[?12;25h[62;37H[?25l[30m[48;5;250m3[39;49m[34;1H[?12l[?25h[?12;25h[62;37H[?25l[30m[48;5;250m4[39;49m[35;1H[?12l[?25h[?12;25h[62;37H[?25l[30m[48;5;250m5[39;49m[36;1H[?12l[?25h[?12;25h[62;37H[?25l[30m[48;5;250m6[39;49m[37;1H[?12l[?25h[?12;25h[62;37H[?25l[30m[48;5;250m7[39;49m[38;1H[?12l[?25h[?12;25h[62;37H[?25l[30m[48;5;250m8[39;49m[39;1H[?12l[?25h[?12;25h[62;37H[?25l[30m[48;5;250m9[39;49m[40;1H[?12l[?25h[?12;25h[62;36H[?25l[30m[48;5;250m10[39;49m[41;1H[?12l[?25h[?12;25h[62;37H[?25l[30m[48;5;250m1[39;49m[42;1H[?12l[?25h[?12;25h[62;37H[?25l[30m[48;5;250m2[39;49m[43;1H[?12l[?25h[?12;25h[62;37H[?25l[30m[48;5;250m3[39;49m[44;1H[?12l[?25h[?12;25h[62;37H[?25l[30m[48;5;250m4[39;49m[45;1H[?12l[?25h[?12;25h[62;37H[?25l[30m[48;5;250m5[39;49m[46;1H[?12l[?25h[?12;25h[62;37H[?25l[30m[48;5;250m6[39;49m[47;1H[?12l[?25h[?12;25h[62;37H[?25l[30m[48;5;250m7[39;49m[48;1H[?12l[?25h[?12;25h[62;37H[?25l[30m[48;5;250m8[39;49m[49;1H[?12l[?25h[?12;25h[62;37H[?25l[30m[48;5;250m9[39;49m[50;1H[?12l[?25h[?12;25h[62;36H[?25l[30m[48;5;250m20[39;49m[51;1H[?12l[?25h[?12;25h[62;37H[?25l[30m[48;5;250m1[39;49m[52;1H[?12l[?25h[?12;25h[62;37H[?25l[30m[48;5;250m2[39;49m[53;1H[?12l[?25h[?12;25h[62;37H[?25l[30m[48;5;250m3[39;49m[54;1H[?12l[?25h[?12;25h[62;37H[?25l[30m[48;5;250m4[39;49m[55;1H[?12l[?25h[?12;25h[62;37H[?25l[30m[48;5;250m5[39;49m[56;1H[?12l[?25h[?12;25h[62;37H[?25l[30m[48;5;250m6[39;49m[57;1H[?12l[?25h[?12;25h[62;37H[?25l[30m[48;5;250m7[39;49m[58;1H[?12l[?25h[?12;25h[62;37H[?25l[30m[48;5;250m8[39;49m[59;1H[?12l[?25h[?12;25h[62;37H[?25l[30m[48;5;250m9[39;49m[60;1H[?12l[?25h[?12;25h[62;36H[?25l[30m[48;5;250m30[39;49m[A[?12l[?25h[?12;25h[1;61r[2;1H[30M[1;63r[32;1H[?25l 20c8 0b770880 003f1a3b 2a332422 00000000  .w...?.;*3$"....[K
 20d8 14000000 44000000 70efffff 08000000  ....D...p.......[K
 20e8 00000000 00000000 1c000000 5c000000  ............\...[K
 20f8 4df0ffff 2f000000 00410e10 8602430d  M.../....A....C.[K
 2108 066a0c07 08000000 1c000000 7c000000  .j..........|...[K
 2118 5cf0ffff 86000000 00410e10 8602430d  \........A....C.[K
 2128 0602810c 07080000 44000000 9c000000  ........D.......[K
 2138 c8f0ffff 5d000000 00420e10 8f02450e  ....]....B....E.[K
 2148 188e0345 0e208d04 450e288c 05480e30  ...E. ..E.(..H.0[K
 2158 8606480e 38830747 0e406a0e 38410e30  ..H.8..G.@j.8A.0[K
 2168 410e2842 0e20420e 18420e10 420e0800  A.(B. B..B..B...[K
 2178 10000000 e4000000 e0f0ffff 01000000  ................[K
 2188 00000000 00000000                    ........[K
Contents of section .init_array:[K
 3de8 40110000 00000000                    @.......[K
Contents of section .fini_array:[K
 3df0 00110000 00000000                    ........[K
Contents of section .dynamic:[K
 3df8 01000000 00000000 01000000 00000000  ................[K
 3e08 0c000000 00000000 00100000 00000000  ................[K
 3e18 0d000000 00000000 64120000 00000000  ........d.......[K
 3e28 19000000 00000000 e83d0000 00000000  .........=......[K
 3e38 1b000000 00000000 08000000 00000000  ................[K
 3e48 1a000000 00000000 f03d0000 00000000  .........=......[K
 3e58 1c000000 00000000 08000000 00000000  ................[K
 3e68 f5feff6f 00000000 08030000 00000000  ...o............[K
 3e78 05000000 00000000 28040000 00000000  ........(.......[K
 3e88 06000000 00000000 38030000 00000000  ........8.......[K
 3e98 0a000000 00000000 98000000 00000000  ................[K
 3ea8 0b000000 00000000 18000000 00000000  ................[K[62;31H[30m[48;5;250m5% L331[39;49m[32;1H[?12l[?25h[?12;25h[62;37H[?25l[30m[48;5;250m2[39;49m[33;1H[?12l[?25h[?12;25h[62;37H[?25l[30m[48;5;250m3[39;49m[34;1H[?12l[?25h[?12;25h[62;37H[?25l[30m[48;5;250m4[39;49m[35;1H[?12l[?25h[?12;25h[62;37H[?25l[30m[48;5;250m5[39;49m[36;1H[?12l[?25h[?12;25h[62;37H[?25l[30m[48;5;250m6[39;49m[37;1H[?12l[?25h[?12;25h[62;37H[?25l[30m[48;5;250m7[39;49m[38;1H[?12l[?25h[?12;25h[62;37H[?25l[30m[48;5;250m8[39;49m[39;1H[?12l[?25h[?12;25h[62;37H[?25l[30m[48;5;250m9[39;49m[40;1H[?12l[?25h[?12;25h[62;36H[?25l[30m[48;5;250m40[39;49m[41;1H[?12l[?25h[?12;25h[62;37H[?25l[30m[48;5;250m1[39;49m[42;1H[?12l[?25h[?12;25h[62;37H[?25l[30m[48;5;250m2[39;49m[43;1H[?12l[?25h[?12;25h[62;37H[?25l[30m[48;5;250m3[39;49m[44;1H[?12l[?25h[?12;25h[62;37H[?25l[30m[48;5;250m4[39;49m[45;1H[?12l[?25h[?12;25h[62;37H[?25l[30m[48;5;250m5[39;49m[46;1H[?12l[?25h[?12;25h[62;37H[?25l[30m[48;5;250m6[39;49m[47;1H[?12l[?25h[?12;25h[62;37H[?25l[30m[48;5;250m7[39;49m[48;1H[?12l[?25h[?12;25h[62;37H[?25l[30m[48;5;250m8[39;49m[49;1H[?12l[?25h[?12;25h[62;37H[?25l[30m[48;5;250m9[39;49m[50;1H[?12l[?25h[?12;25h[62;36H[?25l[30m[48;5;250m50[39;49m[51;1H[?12l[?25h[?12;25h[62;37H[?25l[30m[48;5;250m1[39;49m[52;1H[?12l[?25h[?12;25h[62;37H[?25l[30m[48;5;250m2[39;49m[53;1H[?12l[?25h[?12;25h[62;37H[?25l[30m[48;5;250m3[39;49m[54;1H[?12l[?25h[?12;25h[62;37H[?25l[30m[48;5;250m4[39;49m[55;1H[?12l[?25h[?12;25h[62;37H[?25l[30m[48;5;250m5[39;49m[56;1H[?12l[?25h[?12;25h[62;37H[?25l[30m[48;5;250m6[39;49m[57;1H[?12l[?25h[?12;25h[62;37H[?25l[30m[48;5;250m7[39;49m[58;1H[?12l[?25h[?12;25h[62;37H[?25l[30m[48;5;250m8[39;49m[59;1H[?12l[?25h[?12;25h[62;37H[?25l[30m[48;5;250m9[39;49m[60;1H[?12l[?25h[?12;25h[62;36H[?25l[30m[48;5;250m60[39;49m[A[?12l[?25h[?12;25h[1;61r[2;1H[30M[1;63r[32;1H[?25l 3eb8 15000000 00000000 00000000 00000000  ................[K
 3ec8 03000000 00000000 00400000 00000000  .........@......[K
 3ed8 02000000 00000000 30000000 00000000  ........0.......[K
 3ee8 14000000 00000000 07000000 00000000  ................[K
 3ef8 17000000 00000000 e8050000 00000000  ................[K
 3f08 07000000 00000000 f8040000 00000000  ................[K
 3f18 08000000 00000000 f0000000 00000000  ................[K
 3f28 09000000 00000000 18000000 00000000  ................[K
 3f38 fbffff6f 00000000 00000008 00000000  ...o............[K
 3f48 feffff6f 00000000 d8040000 00000000  ...o............[K
 3f58 ffffff6f 00000000 01000000 00000000  ...o............[K
 3f68 f0ffff6f 00000000 c0040000 00000000  ...o............[K
 3f78 f9ffff6f 00000000 03000000 00000000  ...o............[K
 3f88 00000000 00000000 00000000 00000000  ................[K
 3f98 00000000 00000000 00000000 00000000  ................[K
 3fa8 00000000 00000000 00000000 00000000  ................[K
 3fb8 00000000 00000000 00000000 00000000  ................[K
 3fc8 00000000 00000000 00000000 00000000  ................[K
Contents of section .got:[K
 3fd8 00000000 00000000 00000000 00000000  ................[K
 3fe8 00000000 00000000 00000000 00000000  ................[K
 3ff8 00000000 00000000                    ........[K
Contents of section .got.plt:[K
 4000 f83d0000 00000000 00000000 00000000  .=..............[K
 4010 00000000 00000000 36100000 00000000  ........6.......[K
 4020 46100000 00000000                    F.......[K
Contents of section .data:[K
 4028 00000000 00000000 30400000 00000000  ........0@......[K
Contents of section .comment:[K
 0000 4743433a 20284465 6269616e 20382e33  GCC: (Debian 8.3[K[62;31H[30m[48;5;250m9% L361[39;49m[32;1H[?12l[?25h[?12;25h[62;37H[?25l[30m[48;5;250m2[39;49m[33;1H[?12l[?25h[?12;25h[62;37H[?25l[30m[48;5;250m3[39;49m[34;1H[?12l[?25h[?12;25h[62;37H[?25l[30m[48;5;250m4[39;49m[35;1H[?12l[?25h[?12;25h[62;37H[?25l[30m[48;5;250m5[39;49m[36;1H[?12l[?25h[?12;25h[62;37H[?25l[30m[48;5;250m6[39;49m[37;1H[?12l[?25h[?12;25h[62;37H[?25l[30m[48;5;250m7[39;49m[38;1H[?12l[?25h[?12;25h[62;37H[?25l[30m[48;5;250m8[39;49m[39;1H[?12l[?25h[?12;25h[62;37H[?25l[30m[48;5;250m9[39;49m[40;1H[?12l[?25h[?12;25h[62;36H[?25l[30m[48;5;250m70[39;49m[41;1H[?12l[?25h[?12;25h[62;37H[?25l[30m[48;5;250m1[39;49m[42;1H[?12l[?25h[?12;25h[62;37H[?25l[30m[48;5;250m2[39;49m[43;1H[?12l[?25h[?12;25h[62;37H[?25l[30m[48;5;250m3[39;49m[44;1H[?12l[?25h[?12;25h[62;37H[?25l[30m[48;5;250m4[39;49m[45;1H[?12l[?25h[?12;25h[62;37H[?25l[30m[48;5;250m5[39;49m[46;1H[?12l[?25h[?12;25h[62;37H[?25l[30m[48;5;250m6[39;49m[47;1H[?12l[?25h[?12;25h[62;37H[?25l[30m[48;5;250m7[39;49m[48;1H[?12l[?25h[?12;25h[62;37H[?25l[30m[48;5;250m8[39;49m[49;1H[?12l[?25h[?12;25h[62;37H[?25l[30m[48;5;250m9[39;49m[50;1H[?12l[?25h[?12;25h[62;36H[?25l[30m[48;5;250m80[39;49m[51;1H[?12l[?25h[?12;25h[62;37H[?25l[30m[48;5;250m1[39;49m[52;1H[?12l[?25h[?12;25h[62;37H[?25l[30m[48;5;250m2[39;49m[53;1H[?12l[?25h[?12;25h[62;37H[?25l[30m[48;5;250m3[39;49m[54;1H[?12l[?25h[?12;25h[62;37H[?25l[30m[48;5;250m4[39;49m[55;1H[?12l[?25h[?12;25h[62;37H[?25l[30m[48;5;250m5[39;49m[56;1H[?12l[?25h[?12;25h[62;37H[?25l[30m[48;5;250m6[39;49m[57;1H[?12l[?25h[?12;25h[62;37H[?25l[30m[48;5;250m7[39;49m[58;1H[?12l[?25h[?12;25h[62;37H[?25l[30m[48;5;250m8[39;49m[59;1H[?12l[?25h[?12;25h[62;37H[?25l[30m[48;5;250m9[39;49m[60;1H[?12l[?25h[?12;25h[62;36H[?25l[30m[48;5;250m90[39;49m[A[?12l[?25h[?12;25h[1;61r[2;1H[30M[1;63r[32;1H[?25l 0010 2e302d36 2920382e 332e3000           .0-6) 8.3.0.[K
Contents of section .debug_aranges:[K
 0000 2c000000 02000000 00000800 00000000  ,...............[K
 0010 45110000 00000000 b5000000 00000000  E...............[K
 0020 00000000 00000000 00000000 00000000  ................[K
Contents of section .debug_info:[K
 0000 58030000 04000000 00000801 b6000000  X...............[K
 0010 0c440200 00000100 00451100 00000000  .D.......E......[K
 0020 00b50000 00000000 00000000 00022f00  ............../.[K
 0030 000002d8 17390000 00030807 a6010000  .....9..........[K
 0040 030407ab 01000004 08030108 ed000000  ................[K
 0050 0302076d 01000003 0106ef00 00000302  ...m............[K
 0060 05250000 00050405 696e7400 0308058d  .%......int.....[K
 0070 00000002 d0010000 0396196c 00000002  ...........l....[K
 0080 c6010000 03971b6c 00000006 08910000  .......l........[K
 0090 00030106 f6000000 07910000 0008ad00  ................[K
 00a0 0000d804 31082402 00000944 00000004  ....1.$....D....[K
 00b0 33076500 00000009 60010000 0436098b  3.e.....`....6..[K
 00c0 00000008 09610000 00043709 8b000000  .....a....7.....[K
 00d0 10091102 00000438 098b0000 00180948  .......8.......H[K
 00e0 01000004 39098b00 00002009 36000000  ....9..... .6...[K
 00f0 043a098b 00000028 09b80100 00043b09  .:.....(......;.[K
 0100 8b000000 30094b00 0000043c 098b0000  ....0.K....<....[K
 0110 00380900 00000004 3d098b00 00004009  .8......=.....@.[K
 0120 2e020000 0440098b 00000048 09ed0100  .....@.....H....[K
 0130 00044109 8b000000 50091800 00000442  ..A.....P......B[K
 0140 098b0000 00580958 00000004 44163d02  .....X.X....D.=.[K
 0150 00006009 d8010000 04461443 02000068  ..`......F.C...h[K
 0160 093c0200 00044807 65000000 70090302  .<....H.e...p...[K
 0170 00000449 07650000 0074090c 00000004  ...I.e...t......[K[62;30H[30m[48;5;250m53% L391[39;49m[32;1H[?12l[?25h[?12;25h[62;37H[?25l[30m[48;5;250m2[39;49m[33;1H[?12l[?25h[?12;25h[62;37H[?25l[30m[48;5;250m3[39;49m[34;1H[?12l[?25h[?12;25h[62;37H[?25l[30m[48;5;250m4[39;49m[35;1H[?12l[?25h[?12;25h[62;37H[?25l[30m[48;5;250m5[39;49m[36;1H[?12l[?25h[?12;25h[62;37H[?25l[30m[48;5;250m6[39;49m[37;1H[?12l[?25h[?12;25h[62;37H[?25l[30m[48;5;250m7[39;49m[38;1H[?12l[?25h[?12;25h[62;37H[?25l[30m[48;5;250m8[39;49m[39;1H[?12l[?25h[?12;25h[62;37H[?25l[30m[48;5;250m9[39;49m[40;1H[?12l[?25h[?12;25h[62;35H[?25l[30m[48;5;250m400[39;49m[41;1H[?12l[?25h[?12;25h[62;37H[?25l[30m[48;5;250m1[39;49m[42;1H[?12l[?25h[?12;25h[62;37H[?25l[30m[48;5;250m2[39;49m[43;1H[?12l[?25h[?12;25h[62;37H[?25l[30m[48;5;250m3[39;49m[44;1H[?12l[?25h[?12;25h[62;37H[?25l[30m[48;5;250m4[39;49m[45;1H[?12l[?25h[?12;25h[62;37H[?25l[30m[48;5;250m5[39;49m[46;1H[?12l[?25h[?12;25h[62;37H[?25l[30m[48;5;250m6[39;49m[47;1H[?12l[?25h[?12;25h[62;37H[?25l[30m[48;5;250m7[39;49m[48;1H[?12l[?25h[?12;25h[62;37H[?25l[30m[48;5;250m8[39;49m[49;1H[?12l[?25h[?12;25h[62;37H[?25l[30m[48;5;250m9[39;49m[50;1H[?12l[?25h[?12;25h[62;36H[?25l[30m[48;5;250m10[39;49m[51;1H[?12l[?25h[?12;25h[62;37H[?25l[30m[48;5;250m1[39;49m[52;1H[?12l[?25h[?12;25h[62;37H[?25l[30m[48;5;250m2[39;49m[53;1H[?12l[?25h[?12;25h[62;37H[?25l[30m[48;5;250m3[39;49m[54;1H[?12l[?25h[?12;25h[62;37H[?25l[30m[48;5;250m4[39;49m[55;1H[?12l[?25h[?12;25h[62;37H[?25l[30m[48;5;250m5[39;49m[56;1H[?12l[?25h[?12;25h[62;37H[?25l[30m[48;5;250m6[39;49m[57;1H[?12l[?25h[?12;25h[62;37H[?25l[30m[48;5;250m7[39;49m[58;1H[?12l[?25h[?12;25h[62;37H[?25l[30m[48;5;250m8[39;49m[59;1H[?12l[?25h[?12;25h[62;37H[?25l[30m[48;5;250m9[39;49m[60;1H[?12l[?25h[?12;25h[62;36H[?25l[30m[48;5;250m20[39;49m[A[?12l[?25h[?12;25h[1;61r[2;1H[30M[1;63r[32;1H[?25l 0180 4a0b7300 00007809 9c000000 044d1250  J.s...x......M.P[K
 0190 00000080 091f0200 00044e0f 57000000  ..........N.W...[K
 01a0 82093e01 0000044f 08490200 00830996  ..>....O.I......[K
 01b0 00000004 510f5902 00008809 10000000  ....Q.Y.........[K
 01c0 04590d7f 00000090 099d0100 00045b17  .Y............[.[K
 01d0 64020000 9809e201 0000045c 196f0200  d..........\.o..[K
 01e0 00a00985 01000004 5d144302 0000a809  ........].C.....[K
 01f0 6e000000 045e0947 000000b0 09930100  n....^.G........[K
 0200 00045f0a 2d000000 b8090b02 00000460  .._.-..........`[K
 0210 07650000 00c00957 01000004 62087502  .e.....W....b.u.[K
 0220 0000c400 02b10000 00050719 9d000000  ................[K
 0230 0a530200 00042b0e 0b330100 00060838  .S....+..3.....8[K
 0240 02000006 089d0000 000c9100 00005902  ..............Y.[K
 0250 00000d39 00000000 00060830 0200000b  ...9.......0....[K
 0260 9a010000 06085f02 00000bdf 01000006  ......_.........[K
 0270 086a0200 000c9100 00008502 00000d39  .j.............9[K
 0280 00000013 000efd01 00000689 0e910200  ................[K
 0290 00060824 0200000e 4c020000 068a0e91  ...$....L.......[K
 02a0 0200000e 81000000 068b0e91 02000003  ................[K
 02b0 08058800 00000f80 01000001 0e016500  ..............e.[K
 02c0 00007411 00000000 00008600 00000000  ..t.............[K
 02d0 0000019c 16030000 10fb0000 00010e0a  ................[K
 02e0 65000000 02915c10 a8000000 010e1c16  e.....\.........[K
 02f0 03000002 915011b5 11000000 0000003e  .....P.........>[K
 0300 00000000 00000012 69000114 0c650000  ........i....e..[K
 0310 0002916c 00000608 1c030000 06089800  ...l............[K
 0320 0000137b 00000001 06014511 00000000  ...{......E.....[K
 0330 00002f00 00000000 0000019c 146f7574  ../..........out[K
 0340 0001060d 91020000 02916814 77686f00  ..........h.who.[K
 0350 01061e1c 03000002 91600000           .........`..[K[62;31H[30m[48;5;250m7% L421[39;49m[32;1H[?12l[?25h[?12;25h[62;37H[?25l[30m[48;5;250m2[39;49m[33;1H[?12l[?25h[?12;25h[62;37H[?25l[30m[48;5;250m3[39;49m[34;1H[?12l[?25h[?12;25h[62;37H[?25l[30m[48;5;250m4[39;49m[35;1H[?12l[?25h[?12;25h[62;37H[?25l[30m[48;5;250m5[39;49m[36;1H[?12l[?25h[?12;25h[62;37H[?25l[30m[48;5;250m6[39;49m[37;1H[?12l[?25h[?12;25h[62;37H[?25l[30m[48;5;250m7[39;49m[38;1H[?12l[?25h[?12;25h[62;37H[?25l[30m[48;5;250m8[39;49m[39;1H[?12l[?25h[?12;25h[62;37H[?25l[30m[48;5;250m9[39;49m[40;1H[?12l[?25h[?12;25h[62;36H[?25l[30m[48;5;250m30[39;49m[41;1H[?12l[?25h[?12;25h[62;37H[?25l[30m[48;5;250m1[39;49m[42;1H[?12l[?25h[?12;25h[62;37H[?25l[30m[48;5;250m2[39;49m[43;1H[?12l[?25h[?12;25h[62;37H[?25l[30m[48;5;250m3[39;49m[44;1H[?12l[?25h[?12;25h[62;37H[?25l[30m[48;5;250m4[39;49m[45;1H[?12l[?25h[?12;25h[62;37H[?25l[30m[48;5;250m5[39;49m[46;1H[?12l[?25h[?12;25h[62;37H[?25l[30m[48;5;250m6[39;49m[47;1H[?12l[?25h[?12;25h[62;37H[?25l[30m[48;5;250m7[39;49m[48;1H[?12l[?25h[?12;25h[62;37H[?25l[30m[48;5;250m8[39;49m[49;1H[?12l[?25h[?12;25h[62;37H[?25l[30m[48;5;250m9[39;49m[50;1H[?12l[?25h[?12;25h[62;36H[?25l[30m[48;5;250m40[39;49m[51;1H[?12l[?25h[?12;25h[62;37H[?25l[30m[48;5;250m1[39;49m[52;1H[?12l[?25h[?12;25h[62;37H[?25l[30m[48;5;250m2[39;49m[53;1H[?12l[?25h[?12;25h[62;37H[?25l[30m[48;5;250m3[39;49m[54;1H[?12l[?25h[?12;25h[62;37H[?25l[30m[48;5;250m4[39;49m[55;1H[?12l[?25h[?12;25h[62;37H[?25l[30m[48;5;250m5[39;49m[56;1H[?12l[?25h[?12;25h[62;37H[?25l[30m[48;5;250m6[39;49m[57;1H[?12l[?25h[?12;25h[62;37H[?25l[30m[48;5;250m7[39;49m[58;1H[?12l[?25h[?12;25h[62;37H[?25l[30m[48;5;250m8[39;49m[59;1H[?12l[?25h[?12;25h[62;37H[?25l[30m[48;5;250m9[39;49m[60;1H[?12l[?25h[?12;25h[62;36H[?25l[30m[48;5;250m50[39;49m[A[?12l[?25h[?12;25h[1;61r[2;1H[30M[1;63r[32;1H[?25lContents of section .debug_abbrev:[K
 0000 01110125 0e130b03 0e1b0e11 01120710  ...%............[K
 0010 17000002 1600030e 3a0b3b0b 390b4913  ........:.;.9.I.[K
 0020 00000324 000b0b3e 0b030e00 00040f00  ...$...>........[K
 0030 0b0b0000 0524000b 0b3e0b03 08000006  .....$...>......[K
 0040 0f000b0b 49130000 07260049 13000008  ....I....&.I....[K
 0050 1301030e 0b0b3a0b 3b0b390b 01130000  ......:.;.9.....[K
 0060 090d0003 0e3a0b3b 0b390b49 13380b00  .....:.;.9.I.8..[K
 0070 000a1600 030e3a0b 3b0b390b 00000b13  ......:.;.9.....[K
 0080 00030e3c 1900000c 01014913 01130000  ...<......I.....[K
 0090 0d210049 132f0b00 000e3400 030e3a0b  .!.I./....4...:.[K
 00a0 3b0b390b 49133f19 3c190000 0f2e013f  ;.9.I.?.<......?[K
 00b0 19030e3a 0b3b0b39 0b271949 13110112  ...:.;.9.'.I....[K
 00c0 07401896 42190113 00001005 00030e3a  .@..B..........:[K
 00d0 0b3b0b39 0b491302 18000011 0b011101  .;.9.I..........[K
 00e0 12070000 12340003 083a0b3b 0b390b49  .....4...:.;.9.I[K
 00f0 13021800 00132e01 030e3a0b 3b0b390b  ..........:.;.9.[K
 0100 27191101 12074018 96421900 00140500  '.....@..B......[K
 0110 03083a0b 3b0b390b 49130218 000000    ..:.;.9.I......[K
Contents of section .debug_line:[K
 0000 30010000 0200dc00 00000101 fb0e0d00  0...............[K
 0010 01010101 00000001 0000012f 7573722f  .........../usr/[K
 0020 6c69622f 6763632f 7838365f 36342d6c  lib/gcc/x86_64-l[K
 0030 696e7578 2d676e75 2f382f69 6e636c75  inux-gnu/8/inclu[K
 0040 6465002f 7573722f 696e636c 7564652f  de./usr/include/[K
 0050 7838365f 36342d6c 696e7578 2d676e75  x86_64-linux-gnu[K
 0060 2f626974 73002f75 73722f69 6e636c75  /bits./usr/inclu[K
 0070 64652f78 38365f36 342d6c69 6e75782d  de/x86_64-linux-[K
 0080 676e752f 62697473 2f747970 6573002f  gnu/bits/types./[K
 0090 7573722f 696e636c 75646500 0068656c  usr/include..hel[K[62;30H[30m[48;5;250m61% L451[39;49m[32;1H[?12l[?25h[?12;25h[62;37H[?25l[30m[48;5;250m2[39;49m[33;1H[?12l[?25h[?12;25h[62;37H[?25l[30m[48;5;250m3[39;49m[34;1H[?12l[?25h[?12;25h[62;37H[?25l[30m[48;5;250m4[39;49m[35;1H[?12l[?25h[?12;25h[62;37H[?25l[30m[48;5;250m5[39;49m[36;1H[?12l[?25h[?12;25h[62;37H[?25l[30m[48;5;250m6[39;49m[37;1H[?12l[?25h[?12;25h[62;37H[?25l[30m[48;5;250m7[39;49m[38;1H[?12l[?25h[?12;25h[62;37H[?25l[30m[48;5;250m8[39;49m[39;1H[?12l[?25h[?12;25h[62;37H[?25l[30m[48;5;250m9[39;49m[40;1H[?12l[?25h[?12;25h[62;36H[?25l[30m[48;5;250m60[39;49m[41;1H[?12l[?25h[?12;25h[62;37H[?25l[30m[48;5;250m1[39;49m[42;1H[?12l[?25h[?12;25h[62;37H[?25l[30m[48;5;250m2[39;49m[43;1H[?12l[?25h[?12;25h[62;37H[?25l[30m[48;5;250m3[39;49m[44;1H[?12l[?25h[?12;25h[62;37H[?25l[30m[48;5;250m4[39;49m[45;1H[?12l[?25h[?12;25h[62;37H[?25l[30m[48;5;250m5[39;49m[46;1H[?12l[?25h[?12;25h[62;37H[?25l[30m[48;5;250m6[39;49m[47;1H[?12l[?25h[?12;25h[62;37H[?25l[30m[48;5;250m7[39;49m[48;1H[?12l[?25h[?12;25h[62;37H[?25l[30m[48;5;250m8[39;49m[49;1H[?12l[?25h[?12;25h[62;37H[?25l[30m[48;5;250m9[39;49m[50;1H[?12l[?25h[?12;25h[62;36H[?25l[30m[48;5;250m70[39;49m[51;1H[?12l[?25h[?12;25h[62;37H[?25l[30m[48;5;250m1[39;49m[52;1H[?12l[?25h[?12;25h[62;37H[?25l[30m[48;5;250m2[39;49m[53;1H[?12l[?25h[?12;25h[62;37H[?25l[30m[48;5;250m3[39;49m[54;1H[?12l[?25h[?12;25h[62;37H[?25l[30m[48;5;250m4[39;49m[55;1H[?12l[?25h[?12;25h[62;37H[?25l[30m[48;5;250m5[39;49m[56;1H[?12l[?25h[?12;25h[62;37H[?25l[30m[48;5;250m6[39;49m[57;1H[?12l[?25h[?12;25h[62;37H[?25l[30m[48;5;250m7[39;49m[58;1H[?12l[?25h[?12;25h[62;37H[?25l[30m[48;5;250m8[39;49m[59;1H[?12l[?25h[?12;25h[62;37H[?25l[30m[48;5;250m9[39;49m[60;1H[?12l[?25h[?12;25h[62;36H[?25l[30m[48;5;250m80[39;49m[A[?12l[?25h[?12;25h[1;61r[2;1H[30M[1;63r[32;1H[?25l 00a0 6c6f2e63 00000000 73746464 65662e68  lo.c....stddef.h[K
 00b0 00010000 74797065 732e6800 02000073  ....types.h....s[K
 00c0 74727563 745f4649 4c452e68 00030000  truct_FILE.h....[K
 00d0 46494c45 2e680003 00007374 64696f2e  FILE.h....stdio.[K
 00e0 68000400 00000501 00090245 11000000  h..........E....[K
 00f0 00000018 0503f305 0108ad42 0506e505  ...........B....[K
 0100 05670222 13050ca0 05037405 17000204  .g."......t.....[K
 0110 032f0505 00020403 083c051e 00020403  ./.......<......[K
 0120 08490503 00020401 4a050a85 05015902  .I......J.....Y.[K
 0130 02000101                             ....[K
Contents of section .debug_str:[K
 0000 5f494f5f 6275665f 656e6400 5f6f6c64  _IO_buf_end._old[K
 0010 5f6f6666 73657400 5f494f5f 73617665  _offset._IO_save[K
 0020 5f656e64 0073686f 72742069 6e740073  _end.short int.s[K
 0030 697a655f 74005f49 4f5f7772 6974655f  ize_t._IO_write_[K
 0040 70747200 5f666c61 6773005f 494f5f62  ptr._flags._IO_b[K
 0050 75665f62 61736500 5f6d6172 6b657273  uf_base._markers[K
 0060 005f494f 5f726561 645f656e 64005f66  ._IO_read_end._f[K
 0070 72656572 65735f62 75660068 656c6c6f  reeres_buf.hello[K
 0080 00737464 65727200 6c6f6e67 206c6f6e  .stderr.long lon[K
 0090 6720696e 74005f6c 6f636b00 5f637572  g int._lock._cur[K
 00a0 5f636f6c 756d6e00 61726776 005f494f  _column.argv._IO[K
 00b0 5f46494c 4500474e 55204331 3120382e  _FILE.GNU C11 8.[K
 00c0 332e3020 2d6d7475 6e653d67 656e6572  3.0 -mtune=gener[K
 00d0 6963202d 6d617263 683d7838 362d3634  ic -march=x86-64[K
 00e0 202d6720 2d737464 3d633131 00756e73   -g -std=c11.uns[K
 00f0 69676e65 64206368 61720061 72676300  igned char.argc.[K
 0100 2f686f6d 652f6268 6f67616e 392f7072  /home/bhogan9/pr[K
 0110 6f6a6563 74732f69 32323061 2f737562  ojects/i220a/sub[K
 0120 6d69742f 6c616237 2f657865 72636973  mit/lab7/exercis[K[62;31H[30m[48;5;250m5% L481[39;49m[32;1H[?12l[?25h[?12;25h[62;37H[?25l[30m[48;5;250m2[39;49m[33;1H[?12l[?25h[?12;25h[62;37H[?25l[30m[48;5;250m3[39;49m[34;1H[?12l[?25h[?12;25h[62;37H[?25l[30m[48;5;250m4[39;49m[35;1H[?12l[?25h[?12;25h[62;37H[?25l[30m[48;5;250m5[39;49m[36;1H[?12l[?25h[?12;25h[62;37H[?25l[30m[48;5;250m6[39;49m[37;1H[?12l[?25h[?12;25h[62;37H[?25l[30m[48;5;250m7[39;49m[38;1H[?12l[?25h[?12;25h[62;37H[?25l[30m[48;5;250m8[39;49m[39;1H[?12l[?25h[?12;25h[62;37H[?25l[30m[48;5;250m9[39;49m[40;1H[?12l[?25h[?12;25h[62;36H[?25l[30m[48;5;250m90[39;49m[41;1H[?12l[?25h[?12;25h[62;37H[?25l[30m[48;5;250m1[39;49m[42;1H[?12l[?25h[?12;25h[62;37H[?25l[30m[48;5;250m2[39;49m[43;1H[?12l[?25h[?12;25h[62;37H[?25l[30m[48;5;250m3[39;49m[44;1H[?12l[?25h[?12;25h[62;37H[?25l[30m[48;5;250m4[39;49m[45;1H[?12l[?25h[?12;25h[62;37H[?25l[30m[48;5;250m5[39;49m[46;1H[?12l[?25h[?12;25h[62;37H[?25l[30m[48;5;250m6[39;49m[47;1H[?12l[?25h[?12;25h[62;37H[?25l[30m[48;5;250m7[39;49m[48;1H[?12l[?25h[?12;25h[62;37H[?25l[30m[48;5;250m8[39;49m[49;1H[?12l[?25h[?12;25h[62;37H[?25l[30m[48;5;250m9[39;49m[50;1H[?12l[?25h[?12;25h[62;35H[?25l[30m[48;5;250m500[39;49m[51;1H[?12l[?25h[?12;25h[62;37H[?25l[30m[48;5;250m1[39;49m[52;1H[?12l[?25h[?12;25h[62;37H[?25l[30m[48;5;250m2[39;49m[53;1H[?12l[?25h[?12;25h[62;37H[?25l[30m[48;5;250m3[39;49m[54;1H[?12l[?25h[?12;25h[62;37H[?25l[30m[48;5;250m4[39;49m[55;1H[?12l[?25h[?12;25h[62;37H[?25l[30m[48;5;250m5[39;49m[56;1H[?12l[?25h[?12;25h[62;37H[?25l[30m[48;5;250m6[39;49m[57;1H[?12l[?25h[?12;25h[62;37H[?25l[30m[48;5;250m7[39;49m[58;1H[?12l[?25h[?12;25h[62;37H[?25l[30m[48;5;250m8[39;49m[59;1H[?12l[?25h[?12;25h[62;37H[?25l[30m[48;5;250m9[39;49m[60;1H[?12l[?25h[?12;25h[62;36H[?25l[30m[48;5;250m10[39;49m[A[?12l[?25h[?12;25h[1;61r[2;1H[30M[1;63r[32;1H[?25l 0130 6573005f 494f5f6d 61726b65 72005f73  es._IO_marker._s[K
 0140 686f7274 62756600 5f494f5f 77726974  hortbuf._IO_writ[K
 0150 655f6261 7365005f 756e7573 65643200  e_base._unused2.[K
 0160 5f494f5f 72656164 5f707472 0073686f  _IO_read_ptr.sho[K
 0170 72742075 6e736967 6e656420 696e7400  rt unsigned int.[K
 0180 6d61696e 005f6672 65657265 735f6c69  main._freeres_li[K
 0190 7374005f 5f706164 35005f49 4f5f636f  st.__pad5._IO_co[K
 01a0 64656376 74006c6f 6e672075 6e736967  decvt.long unsig[K
 01b0 6e656420 696e7400 5f494f5f 77726974  ned int._IO_writ[K
 01c0 655f656e 64005f5f 6f666636 345f7400  e_end.__off64_t.[K
 01d0 5f5f6f66 665f7400 5f636861 696e005f  __off_t._chain._[K
 01e0 494f5f77 6964655f 64617461 005f494f  IO_wide_data._IO[K
 01f0 5f626163 6b75705f 62617365 00737464  _backup_base.std[K
 0200 696e005f 666c6167 7332005f 6d6f6465  in._flags2._mode[K
 0210 005f494f 5f726561 645f6261 7365005f  ._IO_read_base._[K
 0220 76746162 6c655f6f 66667365 74005f49  vtable_offset._I[K
 0230 4f5f7361 76655f62 61736500 5f66696c  O_save_base._fil[K
 0240 656e6f00 68656c6c 6f2e6300 7374646f  eno.hello.c.stdo[K
 0250 7574005f 494f5f6c 6f636b5f 7400      ut._IO_lock_t.[K
[K
Disassembly of section .init:[K
[K
0000000000001000 <_init>:[K
    1000:       48 83 ec 08             sub    $0x8,%rsp[K
    1004:       48 8b 05 dd 2f 00 00    mov    0x2fdd(%rip),%rax        # 3fe8 <__gmon_start__>[K
    100b:       48 85 c0                test   %rax,%rax[K
    100e:       74 02                   je     1012 <_init+0x12>[K
    1010:       ff d0                   callq  *%rax[K
    1012:       48 83 c4 08             add    $0x8,%rsp[K
    1016:       c3                      retq[K[62;30H[30m[48;5;250m70% L511[39;49m[32;1H[?12l[?25h[?12;25h[62;37H[?25l[30m[48;5;250m2[39;49m[33;1H[?12l[?25h[?12;25h[62;37H[?25l[30m[48;5;250m3[39;49m[34;1H[?12l[?25h[?12;25h[62;37H[?25l[30m[48;5;250m4[39;49m[35;1H[?12l[?25h[?12;25h[62;37H[?25l[30m[48;5;250m5[39;49m[36;1H[?12l[?25h[?12;25h[62;37H[?25l[30m[48;5;250m6[39;49m[37;1H[?12l[?25h[?12;25h[62;37H[?25l[30m[48;5;250m7[39;49m[38;1H[?12l[?25h[?12;25h[62;37H[?25l[30m[48;5;250m8[39;49m[39;1H[?12l[?25h[?12;25h[62;37H[?25l[30m[48;5;250m9[39;49m[40;1H[?12l[?25h[?12;25h[62;36H[?25l[30m[48;5;250m20[39;49m[41;1H[?12l[?25h[?12;25h[62;37H[?25l[30m[48;5;250m1[39;49m[42;1H[?12l[?25h[?12;25h[62;37H[?25l[30m[48;5;250m2[39;49m[43;1H[?12l[?25h[?12;25h[62;37H[?25l[30m[48;5;250m3[39;49m[44;1H[?12l[?25h[?12;25h[62;37H[?25l[30m[48;5;250m4[39;49m[45;1H[?12l[?25h[?12;25h[62;37H[?25l[30m[48;5;250m5[39;49m[46;1H[?12l[?25h[?12;25h[62;37H[?25l[30m[48;5;250m6[39;49m[47;1H[?12l[?25h[?12;25h[62;37H[?25l[30m[48;5;250m7[39;49m[48;1H[?12l[?25h[?12;25h[62;37H[?25l[30m[48;5;250m8[39;49m[49;1H[?12l[?25h[?12;25h[62;37H[?25l[30m[48;5;250m9[39;49m[50;1H[?12l[?25h[?12;25h[62;36H[?25l[30m[48;5;250m30[39;49m[51;1H[?12l[?25h[?12;25h[62;37H[?25l[30m[48;5;250m1[39;49m[52;1H[?12l[?25h[?12;25h[62;37H[?25l[30m[48;5;250m2[39;49m[53;1H[?12l[?25h[?12;25h[62;37H[?25l[30m[48;5;250m3[39;49m[54;1H[?12l[?25h[?12;25h[62;37H[?25l[30m[48;5;250m4[39;49m[55;1H[?12l[?25h[?12;25h[62;37H[?25l[30m[48;5;250m5[39;49m[56;1H[?12l[?25h[?12;25h[62;37H[?25l[30m[48;5;250m6[39;49m[57;1H[?12l[?25h[?12;25h[62;37H[?25l[30m[48;5;250m7[39;49m[58;1H[?12l[?25h[?12;25h[62;37H[?25l[30m[48;5;250m8[39;49m[59;1H[?12l[?25h[?12;25h[62;37H[?25l[30m[48;5;250m9[39;49m[60;1H[?12l[?25h[?12;25h[62;36H[?25l[30m[48;5;250m40[39;49m[A[?12l[?25h[?12;25h[1;61r[2;1H[30M[1;63r[32;1H[K
[?25lDisassembly of section .plt:[K
[K
0000000000001020 <.plt>:[K
    1020:       ff 35 e2 2f 00 00       pushq  0x2fe2(%rip)        # 4008 <_GLOBAL_OFFSET_TABLE_+0x8>[K
    1026:       ff 25 e4 2f 00 00       jmpq   *0x2fe4(%rip)        # 4010 <_GLOBAL_OFFSET_TABLE_+0x10>[K
    102c:       0f 1f 40 00             nopl   0x0(%rax)[K
[K
0000000000001030 <fprintf@plt>:[K
    1030:       ff 25 e2 2f 00 00       jmpq   *0x2fe2(%rip)        # 4018 <fprintf@GLIBC_2.2.5>[K
    1036:       68 00 00 00 00          pushq  $0x0[K
    103b:       e9 e0 ff ff ff          jmpq   1020 <.plt>[K
[K
0000000000001040 <exit@plt>:[K
    1040:       ff 25 da 2f 00 00       jmpq   *0x2fda(%rip)        # 4020 <exit@GLIBC_2.2.5>[K
    1046:       68 01 00 00 00          pushq  $0x1[K
    104b:       e9 d0 ff ff ff          jmpq   1020 <.plt>[K
[K
Disassembly of section .plt.got:[K
[K
0000000000001050 <__cxa_finalize@plt>:[K
    1050:       ff 25 a2 2f 00 00       jmpq   *0x2fa2(%rip)        # 3ff8 <__cxa_finalize@GLIBC_2.2.5>[K
    1056:       66 90                   xchg   %ax,%ax[K
[K
Disassembly of section .text:[K
[K
0000000000001060 <_start>:[K
    1060:       31 ed                   xor    %ebp,%ebp[K
    1062:       49 89 d1                mov    %rdx,%r9[K
    1065:       5e                      pop    %rsi[K[62;31H[30m[48;5;250m4% L541[39;49m[32;1H[?12l[?25h[?12;25h[62;37H[?25l[30m[48;5;250m2[39;49m[33;1H[?12l[?25h[?12;25h[62;37H[?25l[30m[48;5;250m3[39;49m[34;1H[?12l[?25h[?12;25h[62;37H[?25l[30m[48;5;250m4[39;49m[35;1H[?12l[?25h[?12;25h[62;37H[?25l[30m[48;5;250m5[39;49m[36;1H[?12l[?25h[?12;25h[62;37H[?25l[30m[48;5;250m6[39;49m[37;1H[?12l[?25h[?12;25h[62;37H[?25l[30m[48;5;250m7[39;49m[38;1H[?12l[?25h[?12;25h[62;37H[?25l[30m[48;5;250m8[39;49m[39;1H[?12l[?25h[?12;25h[62;37H[?25l[30m[48;5;250m9[39;49m[40;1H[?12l[?25h[?12;25h[62;36H[?25l[30m[48;5;250m50[39;49m[41;1H[?12l[?25h[?12;25h[62;37H[?25l[30m[48;5;250m1[39;49m[42;1H[?12l[?25h[?12;25h[62;37H[?25l[30m[48;5;250m2[39;49m[43;1H[?12l[?25h[?12;25h[62;37H[?25l[30m[48;5;250m3[39;49m[44;1H[?12l[?25h[?12;25h[62;37H[?25l[30m[48;5;250m4[39;49m[45;1H[?12l[?25h[?12;25h[62;37H[?25l[30m[48;5;250m5[39;49m[46;1H[?12l[?25h[?12;25h[62;37H[?25l[30m[48;5;250m6[39;49m[47;1H[?12l[?25h[?12;25h[62;37H[?25l[30m[48;5;250m7[39;49m[48;1H[?12l[?25h[?12;25h[62;37H[?25l[30m[48;5;250m8[39;49m[49;1H[?12l[?25h[?12;25h[62;37H[?25l[30m[48;5;250m9[39;49m[50;1H[?12l[?25h[?12;25h[62;36H[?25l[30m[48;5;250m60[39;49m[51;1H[?12l[?25h[?12;25h[62;37H[?25l[30m[48;5;250m1[39;49m[52;1H[?12l[?25h[?12;25h[62;37H[?25l[30m[48;5;250m2[39;49m[53;1H[?12l[?25h[?12;25h[62;37H[?25l[30m[48;5;250m3[39;49m[54;1H[?12l[?25h[?12;25h[62;37H[?25l[30m[48;5;250m4[39;49m[55;1H[?12l[?25h[?12;25h[62;37H[?25l[30m[48;5;250m5[39;49m[56;1H[?12l[?25h[?12;25h[62;37H[?25l[30m[48;5;250m6[39;49m[57;1H[?12l[?25h[?12;25h[62;37H[?25l[30m[48;5;250m7[39;49m[58;1H[?12l[?25h[?12;25h[62;37H[?25l[30m[48;5;250m8[39;49m[59;1H[?12l[?25h[?12;25h[62;37H[?25l[30m[48;5;250m9[39;49m[60;1H[?12l[?25h[?12;25h[62;36H[?25l[30m[48;5;250m70[39;49m[A[?12l[?25h[?12;25h[1;61r[3;1H[30M[1;63r[2;1H[K[32d[?25l    1066:       48 89 e2                mov    %rsp,%rdx[K
    1069:       48 83 e4 f0             and    $0xfffffffffffffff0,%rsp[K
    106d:       50                      push   %rax[K
    106e:       54                      push   %rsp[K
    106f:       4c 8d 05 ea 01 00 00    lea    0x1ea(%rip),%r8        # 1260 <__libc_csu_fini>[K
    1076:       48 8d 0d 83 01 00 00    lea    0x183(%rip),%rcx        # 1200 <__libc_csu_init>[K
    107d:       48 8d 3d f0 00 00 00    lea    0xf0(%rip),%rdi        # 1174 <main>[K
    1084:       ff 15 56 2f 00 00       callq  *0x2f56(%rip)        # 3fe0 <__libc_start_main@GLIBC_2.2.5>[K
    108a:       f4                      hlt[K
    108b:       0f 1f 44 00 00          nopl   0x0(%rax,%rax,1)[K
[K
0000000000001090 <deregister_tm_clones>:[K
    1090:       48 8d 3d a1 2f 00 00    lea    0x2fa1(%rip),%rdi        # 4038 <__TMC_END__>[K
    1097:       48 8d 05 9a 2f 00 00    lea    0x2f9a(%rip),%rax        # 4038 <__TMC_END__>[K
    109e:       48 39 f8                cmp    %rdi,%rax[K
    10a1:       74 15                   je     10b8 <deregister_tm_clones+0x28>[K
    10a3:       48 8b 05 2e 2f 00 00    mov    0x2f2e(%rip),%rax        # 3fd8 <_ITM_deregisterTMCloneTable>[K
    10aa:       48 85 c0                test   %rax,%rax[K
    10ad:       74 09                   je     10b8 <deregister_tm_clones+0x28>[K
    10af:       ff e0                   jmpq   *%rax[K
    10b1:       0f 1f 80 00 00 00 00    nopl   0x0(%rax)[K
    10b8:       c3                      retq[K
    10b9:       0f 1f 80 00 00 00 00    nopl   0x0(%rax)[K
[K
00000000000010c0 <register_tm_clones>:[K
    10c0:       48 8d 3d 71 2f 00 00    lea    0x2f71(%rip),%rdi        # 4038 <__TMC_END__>[K
    10c7:       48 8d 35 6a 2f 00 00    lea    0x2f6a(%rip),%rsi        # 4038 <__TMC_END__>[K
    10ce:       48 29 fe                sub    %rdi,%rsi[K
    10d1:       48 c1 fe 03             sar    $0x3,%rsi[K
    10d5:       48 89 f0                mov    %rsi,%rax[K[62;31H[30m[48;5;250m8% L571[39;49m[32;1H[?12l[?25h[?12;25h[62;37H[?25l[30m[48;5;250m2[39;49m[33;1H[?12l[?25h[?12;25h[62;37H[?25l[30m[48;5;250m3[39;49m[34;1H[?12l[?25h[?12;25h[62;37H[?25l[30m[48;5;250m4[39;49m[35;1H[?12l[?25h[?12;25h[62;37H[?25l[30m[48;5;250m5[39;49m[36;1H[?12l[?25h[?12;25h[62;37H[?25l[30m[48;5;250m6[39;49m[37;1H[?12l[?25h[?12;25h[62;37H[?25l[30m[48;5;250m7[39;49m[38;1H[?12l[?25h[?12;25h[62;37H[?25l[30m[48;5;250m8[39;49m[39;1H[?12l[?25h[?12;25h[62;37H[?25l[30m[48;5;250m9[39;49m[40;1H[?12l[?25h[?12;25h[62;36H[?25l[30m[48;5;250m80[39;49m[41;1H[?12l[?25h[?12;25h[62;37H[?25l[30m[48;5;250m1[39;49m[42;1H[?12l[?25h[?12;25h[62;37H[?25l[30m[48;5;250m2[39;49m[43;1H[?12l[?25h[?12;25h[62;37H[?25l[30m[48;5;250m3[39;49m[44;1H[?12l[?25h[?12;25h[62;37H[?25l[30m[48;5;250m4[39;49m[45;1H[?12l[?25h[?12;25h[62;37H[?25l[30m[48;5;250m5[39;49m[46;1H[?12l[?25h[?12;25h[62;37H[?25l[30m[48;5;250m6[39;49m[47;1H[?12l[?25h[?12;25h[62;37H[?25l[30m[48;5;250m7[39;49m[48;1H[?12l[?25h[?12;25h[62;37H[?25l[30m[48;5;250m8[39;49m[49;1H[?12l[?25h[?12;25h[62;37H[?25l[30m[48;5;250m9[39;49m[50;1H[?12l[?25h[?12;25h[62;36H[?25l[30m[48;5;250m90[39;49m[51;1H[?12l[?25h[?12;25h[62;37H[?25l[30m[48;5;250m1[39;49m[52;1H[?12l[?25h[?12;25h[62;37H[?25l[30m[48;5;250m2[39;49m[53;1H[?12l[?25h[?12;25h[62;37H[?25l[30m[48;5;250m3[39;49m[54;1H[?12l[?25h[?12;25h[62;37H[?25l[30m[48;5;250m4[39;49m[55;1H[?12l[?25h[?12;25h[62;37H[?25l[30m[48;5;250m5[39;49m[56;1H[?12l[?25h[?12;25h[62;37H[?25l[30m[48;5;250m6[39;49m[57;1H[?12l[?25h[?12;25h[62;37H[?25l[30m[48;5;250m7[39;49m[58;1H[?12l[?25h[?12;25h[62;37H[?25l[30m[48;5;250m8[39;49m[59;1H[?12l[?25h[?12;25h[62;37H[?25l[30m[48;5;250m9[39;49m[60;1H[?12l[?25h[?12;25h[62;35H[?25l[30m[48;5;250m600[39;49m[A[?12l[?25h[?12;25h[1;61r[2;1H[30M[1;63r[32;1H[?25l    10d8:       48 c1 e8 3f             shr    $0x3f,%rax[K
    10dc:       48 01 c6                add    %rax,%rsi[K
    10df:       48 d1 fe                sar    %rsi[K
    10e2:       74 14                   je     10f8 <register_tm_clones+0x38>[K
    10e4:       48 8b 05 05 2f 00 00    mov    0x2f05(%rip),%rax        # 3ff0 <_ITM_registerTMCloneTable>[K
    10eb:       48 85 c0                test   %rax,%rax[K
    10ee:       74 08                   je     10f8 <register_tm_clones+0x38>[K
    10f0:       ff e0                   jmpq   *%rax[K
    10f2:       66 0f 1f 44 00 00       nopw   0x0(%rax,%rax,1)[K
    10f8:       c3                      retq[K
    10f9:       0f 1f 80 00 00 00 00    nopl   0x0(%rax)[K
[K
0000000000001100 <__do_global_dtors_aux>:[K
    1100:       80 3d 61 2f 00 00 00    cmpb   $0x0,0x2f61(%rip)        # 4068 <completed.7325>[K
    1107:       75 2f                   jne    1138 <__do_global_dtors_aux+0x38>[K
    1109:       55                      push   %rbp[K
    110a:       48 83 3d e6 2e 00 00    cmpq   $0x0,0x2ee6(%rip)        # 3ff8 <__cxa_finalize@GLIBC_2.2.5>[K
    1111:       00[K
    1112:       48 89 e5                mov    %rsp,%rbp[K
    1115:       74 0c                   je     1123 <__do_global_dtors_aux+0x23>[K
    1117:       48 8b 3d 12 2f 00 00    mov    0x2f12(%rip),%rdi        # 4030 <__dso_handle>[K
    111e:       e8 2d ff ff ff          callq  1050 <__cxa_finalize@plt>[K
    1123:       e8 68 ff ff ff          callq  1090 <deregister_tm_clones>[K
    1128:       c6 05 39 2f 00 00 01    movb   $0x1,0x2f39(%rip)        # 4068 <completed.7325>[K
    112f:       5d                      pop    %rbp[K
    1130:       c3                      retq[K
    1131:       0f 1f 80 00 00 00 00    nopl   0x0(%rax)[K
    1138:       c3                      retq[K
    1139:       0f 1f 80 00 00 00 00    nopl   0x0(%rax)[K
[K[62;30H[30m[48;5;250m80% L601[39;49m[32;1H[?12l[?25h[?12;25h[62;37H[?25l[30m[48;5;250m2[39;49m[33;1H[?12l[?25h[?12;25h[62;37H[?25l[30m[48;5;250m3[39;49m[34;1H[?12l[?25h[?12;25h[62;37H[?25l[30m[48;5;250m4[39;49m[35;1H[?12l[?25h[?12;25h[62;37H[?25l[30m[48;5;250m5[39;49m[36;1H[?12l[?25h[?12;25h[62;37H[?25l[30m[48;5;250m6[39;49m[37;1H[?12l[?25h[?12;25h[62;37H[?25l[30m[48;5;250m7[39;49m[38;1H[?12l[?25h[?12;25h[62;37H[?25l[30m[48;5;250m8[39;49m[39;1H[?12l[?25h[?12;25h[62;37H[?25l[30m[48;5;250m9[39;49m[40;1H[?12l[?25h[?12;25h[62;36H[?25l[30m[48;5;250m10[39;49m[41;1H[?12l[?25h[?12;25h[62;37H[?25l[30m[48;5;250m1[39;49m[42;1H[?12l[?25h[?12;25h[62;37H[?25l[30m[48;5;250m2[39;49m[43;1H[?12l[?25h[?12;25h[62;37H[?25l[30m[48;5;250m3[39;49m[44;1H[?12l[?25h[?12;25h[62;37H[?25l[30m[48;5;250m4[39;49m[45;1H[?12l[?25h[?12;25h[62;37H[?25l[30m[48;5;250m5[39;49m[46;1H[?12l[?25h[?12;25h[62;37H[?25l[30m[48;5;250m6[39;49m[47;1H[?12l[?25h[?12;25h[62;37H[?25l[30m[48;5;250m7[39;49m[48;1H[?12l[?25h[?12;25h[62;37H[?25l[30m[48;5;250m8[39;49m[49;1H[?12l[?25h[?12;25h[62;37H[?25l[30m[48;5;250m9[39;49m[50;1H[?12l[?25h[?12;25h[62;36H[?25l[30m[48;5;250m20[39;49m[51;1H[?12l[?25h[?12;25h[62;37H[?25l[30m[48;5;250m1[39;49m[52;1H[?12l[?25h[?12;25h[62;37H[?25l[30m[48;5;250m2[39;49m[53;1H[?12l[?25h[?12;25h[62;37H[?25l[30m[48;5;250m3[39;49m[54;1H[?12l[?25h[?12;25h[62;37H[?25l[30m[48;5;250m4[39;49m[55;1H[?12l[?25h[?12;25h[62;37H[?25l[30m[48;5;250m5[39;49m[56;1H[?12l[?25h[?12;25h[62;37H[?25l[30m[48;5;250m6[39;49m[57;1H[?12l[?25h[?12;25h[62;37H[?25l[30m[48;5;250m7[39;49m[58;1H[?12l[?25h[?12;25h[62;37H[?25l[30m[48;5;250m8[39;49m[59;1H[?12l[?25h[?12;25h[62;37H[?25l[30m[48;5;250m9[39;49m[60;1H[?12l[?25h[?12;25h[62;36H[?25l[30m[48;5;250m30[39;49m[A[?12l[?25h[?12;25h[1;60r[2;1H[30M[1;63r[31;1H[K
[?25l0000000000001140 <frame_dummy>:[K
    1140:       e9 7b ff ff ff          jmpq   10c0 <register_tm_clones>[K
[K
0000000000001145 <hello>:[K
    1145:       55                      push   %rbp[K
    1146:       48 89 e5                mov    %rsp,%rbp[K
    1149:       48 83 ec 10             sub    $0x10,%rsp[K
    114d:       48 89 7d f8             mov    %rdi,-0x8(%rbp)[K
    1151:       48 89 75 f0             mov    %rsi,-0x10(%rbp)[K
    1155:       48 8b 55 f0             mov    -0x10(%rbp),%rdx[K
    1159:       48 8b 45 f8             mov    -0x8(%rbp),%rax[K
    115d:       48 8d 35 a0 0e 00 00    lea    0xea0(%rip),%rsi        # 2004 <_IO_stdin_used+0x4>[K
    1164:       48 89 c7                mov    %rax,%rdi[K
    1167:       b8 00 00 00 00          mov    $0x0,%eax[K
    116c:       e8 bf fe ff ff          callq  1030 <fprintf@plt>[K
    1171:       90                      nop[K
    1172:       c9                      leaveq[K
    1173:       c3                      retq[K
[K
0000000000001174 <main>:[K
    1174:       55                      push   %rbp[K
    1175:       48 89 e5                mov    %rsp,%rbp[K
    1178:       48 83 ec 20             sub    $0x20,%rsp[K
    117c:       89 7d ec                mov    %edi,-0x14(%rbp)[K
    117f:       48 89 75 e0             mov    %rsi,-0x20(%rbp)[K
    1183:       83 7d ec 01             cmpl   $0x1,-0x14(%rbp)[K
    1187:       75 2c                   jne    11b5 <main+0x41>[K
    1189:       48 8b 45 e0             mov    -0x20(%rbp),%rax[K
    118d:       48 8b 10                mov    (%rax),%rdx[K[61;5H1190:       48 8b 05 c9 2e 00 00    mov    0x2ec9(%rip),%rax        # 4060 <stderr@@GLIBC_2.2.5>[62;31H[30m[48;5;250m5% L631[39;49m[32;1H[?12l[?25h[?12;25h[62;37H[?25l[30m[48;5;250m2[39;49m[33;1H[?12l[?25h[?12;25h[62;37H[?25l[30m[48;5;250m3[39;49m[34;1H[?12l[?25h[?12;25h[62;37H[?25l[30m[48;5;250m4[39;49m[35;1H[?12l[?25h[?12;25h[62;37H[?25l[30m[48;5;250m5[39;49m[36;1H[?12l[?25h[?12;25h[62;37H[?25l[30m[48;5;250m6[39;49m[37;1H[?12l[?25h[?12;25h[62;37H[?25l[30m[48;5;250m7[39;49m[38;1H[?12l[?25h[?12;25h[62;37H[?25l[30m[48;5;250m8[39;49m[39;1H[?12l[?25h[?12;25h[62;37H[?25l[30m[48;5;250m9[39;49m[40;1H[?12l[?25h[?12;25h[62;36H[?25l[30m[48;5;250m40[39;49m[41;1H[?12l[?25h[?12;25h[62;37H[?25l[30m[48;5;250m1[39;49m[42;1H[?12l[?25h[?12;25h[62;37H[?25l[30m[48;5;250m2[39;49m[43;1H[?12l[?25h[?12;25h[62;37H[?25l[30m[48;5;250m3[39;49m[44;1H[?12l[?25h[?12;25h[62;37H[?25l[30m[48;5;250m4[39;49m[45;1H[?12l[?25h[?12;25h[62;37H[?25l[30m[48;5;250m5[39;49m[46;1H[?12l[?25h[?12;25h[62;37H[?25l[30m[48;5;250m6[39;49m[47;1H[?12l[?25h[?12;25h[62;37H[?25l[30m[48;5;250m7[39;49m[48;1H[?12l[?25h[?12;25h[62;37H[?25l[30m[48;5;250m8[39;49m[49;1H[?12l[?25h[?12;25h[62;37H[?25l[30m[48;5;250m9[39;49m[50;1H[?12l[?25h[?12;25h[62;36H[?25l[30m[48;5;250m50[39;49m[51;1H[?12l[?25h[?12;25h[62;37H[?25l[30m[48;5;250m1[39;49m[52;1H[?12l[?25h[?12;25h[62;37H[?25l[30m[48;5;250m2[39;49m[53;1H[?12l[?25h[?12;25h[62;37H[?25l[30m[48;5;250m3[39;49m[54;1H[?12l[?25h[?12;25h[62;37H[?25l[30m[48;5;250m4[39;49m[55;1H[?12l[?25h[?12;25h[62;37H[?25l[30m[48;5;250m5[39;49m[56;1H[?12l[?25h[?12;25h[62;37H[?25l[30m[48;5;250m6[39;49m[57;1H[?12l[?25h[?12;25h[62;37H[?25l[30m[48;5;250m7[39;49m[58;1H[?12l[?25h[?12;25h[62;37H[?25l[30m[48;5;250m8[39;49m[59;1H[?12l[?25h[?12;25h[62;37H[?25l[30m[48;5;250m9[39;49m[60;1H[?12l[?25h[?12;25h[62;36H[?25l[30m[48;5;250m60[39;49m[A[?12l[?25h[?12;25h[1;61r[2;1H[30M[1;63r[32;1H[?25l    1197:       48 8d 35 70 0e 00 00    lea    0xe70(%rip),%rsi        # 200e <_IO_stdin_used+0xe>[K
    119e:       48 89 c7                mov    %rax,%rdi[K
    11a1:       b8 00 00 00 00          mov    $0x0,%eax[K
    11a6:       e8 85 fe ff ff          callq  1030 <fprintf@plt>[K
    11ab:       bf ef be ad de          mov    $0xdeadbeef,%edi[K
    11b0:       e8 8b fe ff ff          callq  1040 <exit@plt>[K
    11b5:       c7 45 fc 01 00 00 00    movl   $0x1,-0x4(%rbp)[K
    11bc:       eb 2d                   jmp    11eb <main+0x77>[K
    11be:       8b 45 fc                mov    -0x4(%rbp),%eax[K
    11c1:       48 98                   cltq[K
    11c3:       48 8d 14 c5 00 00 00    lea    0x0(,%rax,8),%rdx[K
    11ca:       00[K
    11cb:       48 8b 45 e0             mov    -0x20(%rbp),%rax[K
    11cf:       48 01 d0                add    %rdx,%rax[K
    11d2:       48 8b 10                mov    (%rax),%rdx[K
    11d5:       48 8b 05 64 2e 00 00    mov    0x2e64(%rip),%rax        # 4040 <stdout@@GLIBC_2.2.5>[K
    11dc:       48 89 d6                mov    %rdx,%rsi[K
    11df:       48 89 c7                mov    %rax,%rdi[K
    11e2:       e8 5e ff ff ff          callq  1145 <hello>[K
    11e7:       83 45 fc 01             addl   $0x1,-0x4(%rbp)[K
    11eb:       8b 45 fc                mov    -0x4(%rbp),%eax[K
    11ee:       3b 45 ec                cmp    -0x14(%rbp),%eax[K
    11f1:       7c cb                   jl     11be <main+0x4a>[K
    11f3:       b8 00 00 00 00          mov    $0x0,%eax[K
    11f8:       c9                      leaveq[K
    11f9:       c3                      retq[K
    11fa:       66 0f 1f 44 00 00       nopw   0x0(%rax,%rax,1)[K
[K
0000000000001200 <__libc_csu_init>:[K
    1200:       41 57                   push   %r15[K[62;31H[30m[48;5;250m9% L661[39;49m[32;1H[?12l[?25h[?12;25h[62;37H[?25l[30m[48;5;250m2[39;49m[33;1H[?12l[?25h[?12;25h[62;37H[?25l[30m[48;5;250m3[39;49m[34;1H[?12l[?25h[?12;25h[62;37H[?25l[30m[48;5;250m4[39;49m[35;1H[?12l[?25h[?12;25h[62;37H[?25l[30m[48;5;250m5[39;49m[36;1H[?12l[?25h[?12;25h[62;37H[?25l[30m[48;5;250m6[39;49m[37;1H[?12l[?25h[?12;25h[62;37H[?25l[30m[48;5;250m7[39;49m[38;1H[?12l[?25h[?12;25h[62;37H[?25l[30m[48;5;250m8[39;49m[39;1H[?12l[?25h[?12;25h[62;37H[?25l[30m[48;5;250m9[39;49m[40;1H[?12l[?25h[?12;25h[62;36H[?25l[30m[48;5;250m70[39;49m[41;1H[?12l[?25h[?12;25h[62;37H[?25l[30m[48;5;250m1[39;49m[42;1H[?12l[?25h[?12;25h[62;37H[?25l[30m[48;5;250m2[39;49m[43;1H[?12l[?25h[?12;25h[62;37H[?25l[30m[48;5;250m3[39;49m[44;1H[?12l[?25h[?12;25h[62;37H[?25l[30m[48;5;250m4[39;49m[45;1H[?12l[?25h[?12;25h[62;37H[?25l[30m[48;5;250m5[39;49m[46;1H[?12l[?25h[?12;25h[62;37H[?25l[30m[48;5;250m6[39;49m[47;1H[?12l[?25h[?12;25h[62;37H[?25l[30m[48;5;250m7[39;49m[48;1H[?12l[?25h[?12;25h[62;37H[?25l[30m[48;5;250m8[39;49m[49;1H[?12l[?25h[?12;25h[62;37H[?25l[30m[48;5;250m9[39;49m[50;1H[?12l[?25h[?12;25h[62;36H[?25l[30m[48;5;250m80[39;49m[51;1H[?12l[?25h[?12;25h[62;37H[?25l[30m[48;5;250m1[39;49m[52;1H[?12l[?25h[?12;25h[62;37H[?25l[30m[48;5;250m2[39;49m[53;1H[?12l[?25h[?12;25h[62;37H[?25l[30m[48;5;250m3[39;49m[54;1H[?12l[?25h[?12;25h[62;37H[?25l[30m[48;5;250m4[39;49m[55;1H[?12l[?25h[?12;25h[62;37H[?25l[30m[48;5;250m5[39;49m[56;1H[?12l[?25h[?12;25h[62;37H[?25l[30m[48;5;250m6[39;49m[57;1H[?12l[?25h[?12;25h[62;37H[?25l[30m[48;5;250m7[39;49m[58;1H[?12l[?25h[?12;25h[62;37H[?25l[30m[48;5;250m8[39;49m[59;1H[?12l[?25h[?12;25h[62;37H[?25l[30m[48;5;250m9[39;49m[60;1H[?12l[?25h[?12;25h[62;36H[?25l[30m[48;5;250m90[39;49m[A[?12l[?25h[?12;25h[1;61r[2;1H[30M[1;63r[32;1H[?25l    1202:       49 89 d7                mov    %rdx,%r15[K
    1205:       41 56                   push   %r14[K
    1207:       49 89 f6                mov    %rsi,%r14[K
    120a:       41 55                   push   %r13[K
    120c:       41 89 fd                mov    %edi,%r13d[K
    120f:       41 54                   push   %r12[K
    1211:       4c 8d 25 d0 2b 00 00    lea    0x2bd0(%rip),%r12        # 3de8 <__frame_dummy_init_array_entry>[K
    1218:       55                      push   %rbp[K
    1219:       48 8d 2d d0 2b 00 00    lea    0x2bd0(%rip),%rbp        # 3df0 <__init_array_end>[K
    1220:       53                      push   %rbx[K
    1221:       4c 29 e5                sub    %r12,%rbp[K
    1224:       48 83 ec 08             sub    $0x8,%rsp[K
    1228:       e8 d3 fd ff ff          callq  1000 <_init>[K
    122d:       48 c1 fd 03             sar    $0x3,%rbp[K
    1231:       74 1b                   je     124e <__libc_csu_init+0x4e>[K
    1233:       31 db                   xor    %ebx,%ebx[K
    1235:       0f 1f 00                nopl   (%rax)[K
    1238:       4c 89 fa                mov    %r15,%rdx[K
    123b:       4c 89 f6                mov    %r14,%rsi[K
    123e:       44 89 ef                mov    %r13d,%edi[K
    1241:       41 ff 14 dc             callq  *(%r12,%rbx,8)[K
    1245:       48 83 c3 01             add    $0x1,%rbx[K
    1249:       48 39 dd                cmp    %rbx,%rbp[K
    124c:       75 ea                   jne    1238 <__libc_csu_init+0x38>[K
    124e:       48 83 c4 08             add    $0x8,%rsp[K
    1252:       5b                      pop    %rbx[K
    1253:       5d                      pop    %rbp[K
    1254:       41 5c                   pop    %r12[K
    1256:       41 5d                   pop    %r13[K
    1258:       41 5e                   pop    %r14[K[62;30H[30m[48;5;250m92% L691[39;49m[32;1H[?12l[?25h[?12;25h[62;37H[?25l[30m[48;5;250m2[39;49m[33;1H[?12l[?25h[?12;25h[62;37H[?25l[30m[48;5;250m3[39;49m[34;1H[?12l[?25h[?12;25h[62;37H[?25l[30m[48;5;250m4[39;49m[35;1H[?12l[?25h[?12;25h[62;37H[?25l[30m[48;5;250m5[39;49m[36;1H[?12l[?25h[?12;25h[62;37H[?25l[30m[48;5;250m6[39;49m[37;1H[?12l[?25h[?12;25h[62;37H[?25l[30m[48;5;250m7[39;49m[38;1H[?12l[?25h[?12;25h[62;37H[?25l[30m[48;5;250m8[39;49m[39;1H[?12l[?25h[?12;25h[62;37H[?25l[30m[48;5;250m9[39;49m[40;1H[?12l[?25h[?12;25h[62;35H[?25l[30m[48;5;250m700[39;49m[41;1H[?12l[?25h[?12;25h[62;37H[?25l[30m[48;5;250m1[39;49m[42;1H[?12l[?25h[?12;25h[62;37H[?25l[30m[48;5;250m2[39;49m[43;1H[?12l[?25h[?12;25h[62;37H[?25l[30m[48;5;250m3[39;49m[44;1H[?12l[?25h[?12;25h[62;37H[?25l[30m[48;5;250m4[39;49m[45;1H[?12l[?25h[?12;25h[62;37H[?25l[30m[48;5;250m5[39;49m[46;1H[?12l[?25h[?12;25h[62;37H[?25l[30m[48;5;250m6[39;49m[47;1H[?12l[?25h[?12;25h[62;37H[?25l[30m[48;5;250m7[39;49m[48;1H[?12l[?25h[?12;25h[62;37H[?25l[30m[48;5;250m8[39;49m[49;1H[?12l[?25h[?12;25h[62;37H[?25l[30m[48;5;250m9[39;49m[50;1H[?12l[?25h[?12;25h[62;36H[?25l[30m[48;5;250m10[39;49m[51;1H[?12l[?25h[?12;25h[62;37H[?25l[30m[48;5;250m1[39;49m[52;1H[?12l[?25h[?12;25h[62;37H[?25l[30m[48;5;250m2[39;49m[53;1H[?12l[?25h[?12;25h[62;37H[?25l[30m[48;5;250m3[39;49m[54;1H[?12l[?25h[?12;25h[62;37H[?25l[30m[48;5;250m4[39;49m[55;1H[?12l[?25h[?12;25h[62;37H[?25l[30m[48;5;250m5[39;49m[56;1H[?12l[?25h[?12;25h[62;37H[?25l[30m[48;5;250m6[39;49m[57;1H[?12l[?25h[?12;25h[62;37H[?25l[30m[48;5;250m7[39;49m[58;1H[?12l[?25h[?12;25h[62;37H[?25l[30m[48;5;250m8[39;49m[59;1H[?12l[?25h[?12;25h[62;37H[?25l[30m[48;5;250m9[39;49m[60;1H[?12l[?25h[?12;25h[62;36H[?25l[30m[48;5;250m20[39;49m[A[?12l[?25h[?12;25h[1;61r[2;1H[30M[1;63r[32;1H[?25l    125a:       41 5f                   pop    %r15[K
    125c:       c3                      retq[K
    125d:       0f 1f 00                nopl   (%rax)[K
[K
0000000000001260 <__libc_csu_fini>:[K
    1260:       c3                      retq[K
[K
Disassembly of section .fini:[K
[K
0000000000001264 <_fini>:[K
    1264:       48 83 ec 08             sub    $0x8,%rsp[K
    1268:       48 83 c4 08             add    $0x8,%rsp[K
    126c:       c3                      retq[K
[K
[K
[K
[K
[K
[K
[K
[K
[K
[K
[K
[K
[K
[K
[K
[K
[K[62;30H[30m[48;5;250mBot L721[39;49m[32;1H[?12l[?25h[?12;25h[62;37H[?25l[30m[48;5;250m2[39;49m[33;1H[?12l[?25h[?12;25h[62;37H[?25l[30m[48;5;250m3[39;49m[34;1H[?12l[?25h[?12;25h[62;37H[?25l[30m[48;5;250m4[39;49m[35;1H[?12l[?25h[?12;25h[62;37H[?25l[30m[48;5;250m5[39;49m[36;1H[?12l[?25h[?12;25h[62;37H[?25l[30m[48;5;250m6[39;49m[37;1H[?12l[?25h[?12;25h[62;37H[?25l[30m[48;5;250m7[39;49m[38;1H[?12l[?25h[?12;25h[62;37H[?25l[30m[48;5;250m8[39;49m[39;1H[?12l[?25h[?12;25h[62;37H[?25l[30m[48;5;250m9[39;49m[40;1H[?12l[?25h[?12;25h[62;36H[?25l[30m[48;5;250m30[39;49m[41;1H[?12l[?25h[?12;25h[62;37H[?25l[30m[48;5;250m1[39;49m[42;1H[?12l[?25h[?12;25h[62;37H[?25l[30m[48;5;250m2[39;49m[43;1H[?12l[?25h[?12;25h[62;37H[?25l[30m[48;5;250m3[39;49m[44;1H[?12l[?25h[?12;25h[62;37H[?25l[30m[48;5;250m4[39;49m[45;1H[?12l[?25h[?12;25h[63d[?25lEnd of buffer[45;1H[?12l[?25h[?12;25h[63d[K[62;37H[?25l[30m[48;5;250m3[39;49m[44;1H[?12l[?25h[?12;25h[63d[K[?2004l[?1l>[?12l[?25h[?1049l[23;0;0t[39;49mbhogan9@remote02:~/projects/i220a/submit/lab7/exercises$ objdump -d hello | grep -A40 main.:
0000000000001174 <main>:
    1174:	55                   	push   %rbp
    1175:	48 89 e5             	mov    %rsp,%rbp
    1178:	48 83 ec 20          	sub    $0x20,%rsp
    117c:	89 7d ec             	mov    %edi,-0x14(%rbp)
    117f:	48 89 75 e0          	mov    %rsi,-0x20(%rbp)
    1183:	83 7d ec 01          	cmpl   $0x1,-0x14(%rbp)
    1187:	75 2c                	jne    11b5 <main+0x41>
    1189:	48 8b 45 e0          	mov    -0x20(%rbp),%rax
    118d:	48 8b 10             	mov    (%rax),%rdx
    1190:	48 8b 05 c9 2e 00 00 	mov    0x2ec9(%rip),%rax        # 4060 <stderr@@GLIBC_2.2.5>
    1197:	48 8d 35 70 0e 00 00 	lea    0xe70(%rip),%rsi        # 200e <_IO_stdin_used+0xe>
    119e:	48 89 c7             	mov    %rax,%rdi
    11a1:	b8 00 00 00 00       	mov    $0x0,%eax
    11a6:	e8 85 fe ff ff       	callq  1030 <fprintf@plt>
    11ab:	bf ef be ad de       	mov    $0xdeadbeef,%edi
    11b0:	e8 8b fe ff ff       	callq  1040 <exit@plt>
    11b5:	c7 45 fc 01 00 00 00 	movl   $0x1,-0x4(%rbp)
    11bc:	eb 2d                	jmp    11eb <main+0x77>
    11be:	8b 45 fc             	mov    -0x4(%rbp),%eax
    11c1:	48 98                	cltq   
    11c3:	48 8d 14 c5 00 00 00 	lea    0x0(,%rax,8),%rdx
    11ca:	00 
    11cb:	48 8b 45 e0          	mov    -0x20(%rbp),%rax
    11cf:	48 01 d0             	add    %rdx,%rax
    11d2:	48 8b 10             	mov    (%rax),%rdx
    11d5:	48 8b 05 64 2e 00 00 	mov    0x2e64(%rip),%rax        # 4040 <stdout@@GLIBC_2.2.5>
    11dc:	48 89 d6             	mov    %rdx,%rsi
    11df:	48 89 c7             	mov    %rax,%rdi
    11e2:	e8 5e ff ff ff       	callq  1145 <hello>
    11e7:	83 45 fc 01          	addl   $0x1,-0x4(%rbp)
    11eb:	8b 45 fc             	mov    -0x4(%rbp),%eax
    11ee:	3b 45 ec             	cmp    -0x14(%rbp),%eax
    11f1:	7c cb                	jl     11be <main+0x4a>
    11f3:	b8 00 00 00 00       	mov    $0x0,%eax
    11f8:	c9                   	leaveq 
    11f9:	c3                   	retq   
    11fa:	66 0f 1f 44 00 00    	nopw   0x0(%rax,%rax,1)

0000000000001200 <__libc_csu_init>:
    1200:	41 57                	push   %r15
bhogan9@remote02:~/projects/i220a/submit/lab7/exercises$ ^C
bhogan9@remote02:~/projects/i220a/submit/lab7/exercises$ las[K[Ks -l hello
-rwxr-x--- 1 bhogan9 bhogan9 19392 Oct 17 23:23 hello
bhogan9@remote02:~/projects/i220a/submit/lab7/exercises$ strip hello
bhogan9@remote02:~/projects/i220a/submit/lab7/exercises$ ls -l hello
-rwxr-x--- 1 bhogan9 bhogan9 14416 Oct 17 23:32 hello
bhogan9@remote02:~/projects/i220a/submit/lab7/exercises$ make clean
rm -f hello hello.s *.objdump *~
bhogan9@remote02:~/projects/i220a/submit/lab7/exercises$ make cleanls -l hellostrip[C[C[C[C[C[Cls -l[C[C[C[C[C[Cobjdump -d hello | grep -A40 main.:[15Pemacs hello.objdump objdump -d -s -x hello > hello.objdump[18Pemacs hello.objdump objdump -d -s -x hello > hello.objdump[18Pemacs hello.objdump objdump -d hello > hello.objdump[19Psize -A hello[3Phello./hello Ben[7Pmake./hello Ben[1Psize hello-A helloobjdump -d hello > hello.objdump[C[C[C[1P[1P[1P[1P[1P[C[C[C[C[C[C[C[C[C[C[C[C[C[C[C[C[K[K[K[K[K[K[K[K[K[K[K[K[K[K[K[K[K[K[K[K[K[K[K[K[K[K[Kls
hello.c  Makefile  mystery.o
bhogan9@remote02:~/projects/i220a/submit/lab7/exercises$ objdump -d mystery.o > mus[K[Kystery.on[Kbjdump
bhogan9@remote02:~/projects/i220a/submit/lab7/exercises$ ls
hello.c  Makefile  mystery.o  mystery.objdump
bhogan9@remote02:~/projects/i220a/submit/lab7/exercises$ enm[K[Kmacs mystery.objdump 
[?1049h[22;0;0t[?12;25h[?1h=[H[2J[63d[K[?1l>[?12l[?25h[?1049l[23;0;0t[39;49m[?1049h[22;0;0t[?12;25h[?1h=[H[2J[62d[?25l[30m[47m-UUU:----F1  [39;49m[1m[30m[47m*scratch*   [0m[39;49m[30m[47m   All L1     (Fundamental) ----------------------------------------------------------------[39;49m
[A[2d[?12l[?25h[?12;25h[63d[?25lLoading /etc/emacs/site-start.d/00debian.el (source)...done[K[H
[?12l[?25h[?12;25h[63;33H[?25l50a2ps.el (source)...[K[H
[?12l[?25h[?12;25h[63;54H[?25ldone[H
[?12l[?25h[?12;25h[63;36H[?25lsymptote.el (source)...[H
[?12l[?25h[?12;25h[63;59H[?25ldone[H
[?12l[?25h[?12;25h[63;36H[?25lutoconf.el (source)...[K[H
[?12l[?25h[?12;25h[63;58H[?25ldone[H
[?12l[?25h[?12;25h[63;35H[?25lcmake-data.el (source)...[K[H
[?12l[?25h[?12;25h[63;60H[?25ldone[H
[?12l[?25h[?12;25h[63;35H[?25ldevhelp.el (source)...[K[H
[?12l[?25h[?12;25h[63;57H[?25ldone[H
[?12l[?25h[?12;25h[63;36H[?25lictionaries-common.el (source)...[H
[?12l[?25h[?12;25h[63;9H[?25ldebian-ispell...[K[H
[?12l[?25h[?12;25h[63;9H[?25l/var/cache/dictionaries-common/emacsen-ispell-default.el (source)...[H
[?12l[?25h[?12;25h[63;77H[?25ldone[H
[?12l[?25h[?12;25h[63;9H[?25ldebian-ispell...done[K[H
[?12l[?25h[?12;25h[63;9H[?25l/var/cache/dictionaries-common/emacsen-ispell-dicts.el (source)...[H
[?12l[?25h[?12;25h[63;75H[?25ldone[H
[?12l[?25h[?12;25h[63;10H[?25letc/emacs/site-start.d/50dictionaries-common[6P[H
[?12l[?25h[?12;25h[63;35H[?25lerlang-mode.el (source)...[K[H
[?12l[?25h[?12;25h[63;61H[?25ldone[H
[?12l[?25h[?12;25h[63;35H[?25lhaskell-mode.el (source)...[K[H
[?12l[?25h[?12;25h[63;10H[?25lusr/share/emacs/site-lisp/elpa/haskel[34@l-mode-16.1/haskell-mode-autoloads[H
[?12l[?25h[?12;25h[63;96H[?25ldone[H
[?12l[?25h[?12;25h[63;10H[?25letc/emacs/site-start.d/50haskell-mode[34P[H
[?12l[?25h[?12;25h[63;35H[?25llatex-cjk-common.el (source)...[H
[?12l[?25h[?12;25h[63;10H[?25lusr/share/emacs/site-lisp/latex-cjk-commo[9@n/cjk-enc[H
[?12l[?25h[?12;25h[63;75H[?25ldone[H
[?12l[?25h[?12;25h[63;10H[?25letc/emacs/site-start.d/50latex-cjk-common[9P[H
[?12l[?25h[?12;25h[63;45H[?25lthai.el (source)...[K[H
[?12l[?25h[?12;25h[63;64H[?25ldone[H
[?12l[?25h[?12;25h[63;35H[?25lpsvn.el (source)...[K[H
[?12l[?25h[?12;25h[63;54H[?25ldone[H
[?12l[?25h[?12;25h[63;36H[?25lython-docutils.el (source)...[H
[?12l[?25h[?12;25h[63;65H[?25ldone[H
[?12l[?25h[?12;25h[63;35H[?25ltcsh.el (source)...[K[H
[?12l[?25h[?12;25h[63;54H[?25ldone[H
[?12l[?25h[?12;25h[63;36H[?25lexlive-lang-english.el (source)...[H
[?12l[?25h[?12;25h[63;70H[?25ldone[H
[?12l[?25h[?12;25h[>0c[63d[?25lLoading /etc/emacs/site-start.d/50texlive-lang-english.el (source)...done[K[H[7mFile Edit Options Buffers Tools Lisp-Interaction Help                                                                [0m[39;49m[27m
[A
[K
[K
[K
[K
[K
[K
[K
[K
[K
[K
[K
[K
[K
[K
[K
[K
[K
[K
[K
[K
[K
[K
[K
[K
[K
[K
[K
[K
[K
[K
[K
[K
[K
[K
[K
[K
[K
[K
[K
[K
[K
[K
[K
[K
[K
[K
[K
[K
[K
[K
[K
[K
[K
[K
[K
[K
[K
[K
[K
[K
[30m[48;5;250m-UUU:----F1  [39;49m[1m[30m[48;5;250m*scratch*   [0m[39;49m[30m[48;5;250m   All L1     (Lisp Interaction ElDoc) -----------------------------------------------------[39;49m
[A[2d[?12l[?25h[?12;25h[?2004h[63d[?25lFor information about GNU Emacs and the GNU system, type C-h C-a.[K[H
[?12l[?25h[?12;25h[63d[?25lFor information about GNU Emacs and the GNU system, type C-h C-a.[K[H[7mFile Edit Options Buffers Tools Help                                                                                 [0m[39;49m[27m
[A
[K
mystery.o:     file format elf64-x86-64[K
[K
[K
Disassembly of section .text:[K
[K
0000000000000000 <mystery>:[K
   0:   55                      push   %rbp[K
   1:   48 89 e5                mov    %rsp,%rbp[K
   4:   89 7d fc                mov    %edi,-0x4(%rbp)[K
   7:   8b 45 fc                mov    -0x4(%rbp),%eax[K
   a:   25 ff ff 7f 00          and    $0x7fffff,%eax[K
   f:   c9                      leaveq[K
  10:   c3                      retq[K
[K
[K
[K
[K
[K
[K
[K
[K
[K
[K
[K
[K
[K
[K
[K
[K
[K
[K
[K
[K
[K
[K
[K
[K
[K
[K
[K
[K
[K
[K
[K
[K
[K
[K
[K
[K
[K
[K
[K
[K
[K
[K
[K
[K
[K
[K
[30m[48;5;250m-UU-:----F1  [39;49m[1m[30m[48;5;250mmystery.objdump[0m[39;49m[30m[48;5;250m   All L1     (Fundamental) -------------------------------------------------------------[39;49m
[A[2d[?12l[?25h[?12;25h[63d[K[2d[63d[K[?2004l[?1l>[?12l[?25h[?1049l[23;0;0t[39;49mbhogan9@remote02:~/projects/i220a/submit/lab7/exercises$ make
cc -g -Wall  -std=c11    hello.c   -o hello
cc -g -Wall  -std=c11 -S hello.c
bhogan9@remote02:~/projects/i220a/submit/lab7/exercises$ h[Kgdb hello
GNU gdb (Debian 8.2.1-2+b3) 8.2.1
Copyright (C) 2018 Free Software Foundation, Inc.
License GPLv3+: GNU GPL version 3 or later <http://gnu.org/licenses/gpl.html>
This is free software: you are free to change and redistribute it.
There is NO WARRANTY, to the extent permitted by law.
Type "show copying" and "show warranty" for details.
This GDB was configured as "x86_64-linux-gnu".
Type "show configuration" for configuration details.
For bug reporting instructions, please see:
<http://www.gnu.org/software/gdb/bugs/>.
Find the GDB manual and other documentation resources online at:
    <http://www.gnu.org/software/gdb/documentation/>.

For help, type "help".
Type "apropos word" to search for commands related to "word"...
Reading symbols from hello...done.
(gdb) b main
Breakpoint 1 at 0x1183: file hello.c, line 16.
(gdb) r
Starting program: /import/linux/home1/bhogan9/projects/i220a/submit/lab7/exercises/hello 

Breakpoint 1, main (argc=1, argv=0x7fffffffe808) at hello.c:16
16	  if (argc == 1) {
(gdb) disas /m
Dump of assembler code for function main:
15	{
   0x0000555555555174 <+0>:	push   %rbp
   0x0000555555555175 <+1>:	mov    %rsp,%rbp
   0x0000555555555178 <+4>:	sub    $0x20,%rsp
   0x000055555555517c <+8>:	mov    %edi,-0x14(%rbp)
   0x000055555555517f <+11>:	mov    %rsi,-0x20(%rbp)

16	  if (argc == 1) {
=> 0x0000555555555183 <+15>:	cmpl   $0x1,-0x14(%rbp)
   0x0000555555555187 <+19>:	jne    0x5555555551b5 <main+65>

17	    fprintf(stderr, "usage: %s NAME...\n", argv[0]);
   0x0000555555555189 <+21>:	mov    -0x20(%rbp),%rax
   0x000055555555518d <+25>:	mov    (%rax),%rdx
   0x0000555555555190 <+28>:	mov    0x2ec9(%rip),%rax        # 0x555555558060 <stderr@@GLIBC_2.2.5>
   0x0000555555555197 <+35>:	lea    0xe70(%rip),%rsi        # 0x55555555600e
   0x000055555555519e <+42>:	mov    %rax,%rdi
   0x00005555555551a1 <+45>:	mov    $0x0,%eax
   0x00005555555551a6 <+50>:	callq  0x555555555030 <fprintf@plt>

18	    exit(0xdeadbeef);
   0x00005555555551ab <+55>:	mov    $0xdeadbeef,%edi
   0x00005555555551b0 <+60>:	callq  0x555555555040 <exit@plt>

19	  }
20	  for (int i = 1; i < argc; i++) {
   0x00005555555551b5 <+65>:	movl   $0x1,-0x4(%rbp)
   0x00005555555551bc <+72>:	jmp    0x5555555551eb <main+119>
   0x00005555555551e7 <+115>:	addl   $0x1,-0x4(%rbp)
   0x00005555555551eb <+119>:	mov    -0x4(%rbp),%eax
   0x00005555555551ee <+122>:	cmp    -0x14(%rbp),%eax
   0x00005555555551f1 <+125>:	jl     0x5555555551be <main+74>

21	    hello(stdout, argv[i]);
   0x00005555555551be <+74>:	mov    -0x4(%rbp),%eax
   0x00005555555551c1 <+77>:	cltq   
   0x00005555555551c3 <+79>:	lea    0x0(,%rax,8),%rdx
   0x00005555555551cb <+87>:	mov    -0x20(%rbp),%rax
   0x00005555555551cf <+91>:	add    %rdx,%rax
   0x00005555555551d2 <+94>:	mov    (%rax),%rdx
   0x00005555555551d5 <+97>:	mov    0x2e64(%rip),%rax        # 0x555555558040 <stdout@@GLIBC_2.2.5>
   0x00005555555551dc <+104>:	mov    %rdx,%rsi
   0x00005555555551df <+107>:	mov    %rax,%rdi
   0x00005555555551e2 <+110>:	callq  0x555555555145 <hello>

22	  }
23	  return 0;
   0x00005555555551f3 <+127>:	mov    $0x0,%eax

24	}
   0x00005555555551f8 <+132>:	leaveq 
   0x00005555555551f9 <+133>:	retq   

End of assembler dump.
(gdb) i retg[K[Kg
rax            0x555555555174      93824992235892
rbx            0x0                 0
rcx            0x7ffff7f8d718      140737353668376
rdx            0x7fffffffe818      140737488349208
rsi            0x7fffffffe808      140737488349192
rdi            0x1                 1
rbp            0x7fffffffe720      0x7fffffffe720
rsp            0x7fffffffe700      0x7fffffffe700
r8             0x7ffff7f8ed80      140737353674112
r9             0x7ffff7f8ed80      140737353674112
r10            0x3                 3
r11            0x0                 0
r12            0x555555555060      93824992235616
r13            0x7fffffffe800      140737488349184
r14            0x0                 0
r15            0x0                 0
rip            0x555555555183      0x555555555183 <main+15>
eflags         0x206               [ PF IF ]
cs             0x33                51
ss             0x2b                43
ds             0x0                 0
es             0x0                 0
fs             0x0                 0
gs             0x0                 0
(gdb) $pc
Undefined command: "$pc".  Try "help".
(gdb) i $pc
Undefined info command: "$pc".  Try "help info".
(gdb) p argc
$1 = 1
(gdb) p *($rbp - 20)
Attempt to dereference a generic pointer.
(gdb) p **int[K[K[K[K(int *)($rbp - 20)
$2 = 1
(gdb) p argv
$3 = (const char **) 0x7fffffffe808
(gdb) p *(const char***)($rbp - 32)
$4 = (const char **) 0x7fffffffe808
(gdb) p argv[0]
$5 = 0x7fffffffea7b "/import/linux/home1/bhogan9/projects/i220a/submit/lab7/exercises/hello"
(gdb) p (*(const char [K ***) ([K[K($rbp - 0x20))[0]
$6 = 0x7fffffffea7b "/import/linux/home1/bhogan9/projects/i220a/submit/lab7/exercises/hello"
(gdb) dispkay [K[K[Klay[K[K[K[Klau[Ky /i *$pc
1: x/i *$pc
=> 0x555555555183 <main+15>:	cmpl   $0x1,-0x14(%rbp)
(gdb) p $eflags
$7 = [ PF IF ]
(gdb) nexti
0x0000555555555187	16	  if (argc == 1) {
1: x/i *$pc
=> 0x555555555187 <main+19>:	jne    0x5555555551b5 <main+65>
(gdb) p $eflags
$8 = [ PF ZF IF ]
(gdb) ni
17	    fprintf(stderr, "usage: %s NAME...\n", argv[0]);
1: x/i *$pc
=> 0x555555555189 <main+21>:	mov    -0x20(%rbp),%rax
(gdb) p (char *)0xnnnnn
Invalid number "0xnnnnn".
(gdb) ni
0x000055555555518d	17	    fprintf(stderr, "usage: %s NAME...\n", argv[0]);
1: x/i *$pc
=> 0x55555555518d <main+25>:	mov    (%rax),%rdx
(gdb) ni
0x0000555555555190	17	    fprintf(stderr, "usage: %s NAME...\n", argv[0]);
1: x/i *$pc
=> 0x555555555190 <main+28>:	mov    0x2ec9(%rip),%rax        # 0x555555558060 <stderr@@GLIBC_2.2.5>
(gdb) ni
0x0000555555555197	17	    fprintf(stderr, "usage: %s NAME...\n", argv[0]);
1: x/i *$pc
=> 0x555555555197 <main+35>:	lea    0xe70(%rip),%rsi        # 0x55555555600e
(gdb) ni
0x000055555555519e	17	    fprintf(stderr, "usage: %s NAME...\n", argv[0]);
1: x/i *$pc
=> 0x55555555519e <main+42>:	mov    %rax,%rdi
(gdb) ni
0x00005555555551a1	17	    fprintf(stderr, "usage: %s NAME...\n", argv[0]);
1: x/i *$pc
=> 0x5555555551a1 <main+45>:	mov    $0x0,%eax
(gdb) ni
0x00005555555551a6	17	    fprintf(stderr, "usage: %s NAME...\n", argv[0]);
1: x/i *$pc
=> 0x5555555551a6 <main+50>:	callq  0x555555555030 <fprintf@plt>
(gdb) ni
usage: /import/linux/home1/bhogan9/projects/i220a/submit/lab7/exercises/hello NAME...
18	    exit(0xdeadbeef);
1: x/i *$pc
=> 0x5555555551ab <main+55>:	mov    $0xdeadbeef,%edi
(gdb) ni
0x00005555555551b0	18	    exit(0xdeadbeef);
1: x/i *$pc
=> 0x5555555551b0 <main+60>:	callq  0x555555555040 <exit@plt>
(gdb) ni
[Inferior 1 (process 2101702) exited with code 0357]
(gdb) ni
The program is not being run.
(gdb) q
bhogan9@remote02:~/projects/i220a/submit/lab7/exercises$ exit

Script done on 2020-10-17 23:45:41-04:00 [COMMAND_EXIT_CODE="0"]
Script started on 2020-10-18 22:18:12-04:00 [TERM="xterm-256color" TTY="/dev/pts/7" COLUMNS="104" LINES="49"]
bhogan9@remote06:~/projects/i220a/submit/lab7$ cd exercises/
bhogan9@remote06:~/projects/i220a/submit/lab7/exercises$ gbd [K[K[Kdb hello
GNU gdb (Debian 8.2.1-2+b3) 8.2.1
Copyright (C) 2018 Free Software Foundation, Inc.
License GPLv3+: GNU GPL version 3 or later <http://gnu.org/licenses/gpl.html>
This is free software: you are free to change and redistribute it.
There is NO WARRANTY, to the extent permitted by law.
Type "show copying" and "show warranty" for details.
This GDB was configured as "x86_64-linux-gnu".
Type "show configuration" for configuration details.
For bug reporting instructions, please see:
<http://www.gnu.org/software/gdb/bugs/>.
Find the GDB manual and other documentation resources online at:
    <http://www.gnu.org/software/gdb/documentation/>.

For help, type "help".
Type "apropos word" to search for commands related to "word"...
Reading symbols from hello...done.
(gdb) b hello()
Function "hello()" not defined.
Make breakpoint pending on future shared library load? (y or [n]) n'[K
(gdb) b hello
Breakpoint 1 at 0x1155: file hello.c, line 8.
(gdb) r
Starting program: /import/linux/home1/bhogan9/projects/i220a/submit/lab7/exercises/hello 
usage: /import/linux/home1/bhogan9/projects/i220a/submit/lab7/exercises/hello NAME...
[Inferior 1 (process 2762558) exited with code 0357]
(gdb) rb hello
Note: breakpoint 1 also set at pc 0x555555555155.
Breakpoint 2 at 0x555555555155: file hello.c, line 8.
(gdb) b hellor[Kb hello\\\\\\\\\\\\\\\\\\\\[K[K[K[K[K[K[K[K[K[K[K[K[K[K[K[K[K[K[K[K[K[K[K[K[K[K[Kr joe
Starting program: /import/linux/home1/bhogan9/projects/i220a/submit/lab7/exercises/hello joe

Breakpoint 1, hello (out=0x7ffff7f8e760 <_IO_2_1_stdout_>, who=0x7fffffffeaf5 "joe") at hello.c:8
8	  fprintf(out, "hello %s\n", who);
(gdb) disas /m
Dump of assembler code for function hello:
7	{
   0x0000555555555145 <+0>:	push   %rbp
   0x0000555555555146 <+1>:	mov    %rsp,%rbp
   0x0000555555555149 <+4>:	sub    $0x10,%rsp
   0x000055555555514d <+8>:	mov    %rdi,-0x8(%rbp)
   0x0000555555555151 <+12>:	mov    %rsi,-0x10(%rbp)

8	  fprintf(out, "hello %s\n", who);
=> 0x0000555555555155 <+16>:	mov    -0x10(%rbp),%rdx
   0x0000555555555159 <+20>:	mov    -0x8(%rbp),%rax
   0x000055555555515d <+24>:	lea    0xea0(%rip),%rsi        # 0x555555556004
   0x0000555555555164 <+31>:	mov    %rax,%rdi
   0x0000555555555167 <+34>:	mov    $0x0,%eax
   0x000055555555516c <+39>:	callq  0x555555555030 <fprintf@plt>

9	}
   0x0000555555555171 <+44>:	nop
   0x0000555555555172 <+45>:	leaveq 
   0x0000555555555173 <+46>:	retq   

End of assembler dump.
(gdb) p ([K*[K(*(const char [K ***)($rbp [K)[[K){0[K[K[0]
$1 = 0x555555555200 <__libc_csu_init> "AWI\211\327AVI\211\366AUA\211\375ATL\215%\320+"
(gdb) p (*(const char ***)($rbp))[0]-))[0]0))[0]x))[0]2))[0]0))[0]
Cannot access memory at address 0x1
(gdb) p (*(const char ***)($rbp-0x20))[0][1P0))[0]10))[0]
$2 = 0x4c45485300656f6a <error: Cannot access memory at address 0x4c45485300656f6a>
(gdb) p (*(const char ***)($rbp-0x10))[0][K[K[K[K[K[K[K[K[K[K[K[K[Krbp-0x20))[0]\)[0][1P)[0][1P))[0][1P))[0][1P))[0][1P))[0]1))[0]7))[0]
Cannot access memory at address 0x7fffffffeaf500
(gdb) p (*(const char ***)($rbp-17))[0][1P))[0]6))[0]
$3 = 0x4c45485300656f6a <error: Cannot access memory at address 0x4c45485300656f6a>
(gdb) p (*(const char ***)($rbp-16))[0]\[K\[K[K[K[K
$4 = (const char **) 0x7fffffffeaf5
(gdb) p (*(const char ***)($rbp-16))[1P))[1P))8))
$5 = (const char **) 0x7ffff7f8e760 <_IO_2_1_stdout_>
(gdb) p (*(const char ***)($rbp-8))[1P))4))
$6 = (const char **) 0xffffe75000007fff
(gdb) p (*(const char ***)($rbp-4))[1P))[1P))
$7 = (const char **) 0x7fffffffe750
(gdb) p (*(const char ***)($rbp))[0]
$8 = 0x555555555200 <__libc_csu_init> "AWI\211\327AVI\211\366AUA\211\375ATL\215%\320+"
(gdb) p (*(const char ***)($rbp))[0]-))[0]4))[0]
Cannot access memory at address 0xffffe75000007fff
(gdb) p (*(const char ***)($rbp-4))[0][1P))[0]8))[0]
$9 = 0xfbad2084 <error: Cannot access memory at address 0xfbad2084>
(gdb) p $rbp
$10 = (void *) 0x7fffffffe720
(gdb) p $rbp[0]
Attempt to dereference a generic pointer.
(gdb) p $rbp[0][C[C($rbp[0]*$rbp[0]c$rbp[0]o$rbp[0][1P$rbp[0]($rbp[0][1P$rbp[0][1P$rbp[0]*$rbp[0][1P$rbp[0]($rbp[0]c$rbp[0]o$rbp[0]n$rbp[0]s$rbp[0]t$rbp[0] $rbp[0]c$rbp[0]h$rbp[0]a$rbp[0]r$rbp[0] $rbp[0]*$rbp[0]*$rbp[0]*$rbp[0])$rbp[0])$rbp[0]
A syntax error in expression, near `)$rbp[0]'.
(gdb) p (*(const char ***))$rbp[0][C $rbp[0]
A syntax error in expression, near `) $rbp[0]'.
(gdb) p (*(const char ***)) $rbp[0][C[C[C[1P$rbp[0][C[C[C[1P$rbp[0][1P)$rbp[0][C[1P[1P
Attempt to dereference a generic pointer.
(gdb) p (const char **)$rbp[0]*)$rbp[0][1@*
A syntax error in expression, near `const char ***)$rbp[0]'.
(gdb) p (*const char ***)$rbp[0][1P)$rbp[0]
A syntax error in expression, near `const char **)$rbp[0]'.
(gdb) p (*const char **)$rbp[0][C[1P)$rbp[0]
A syntax error in expression, near `const char *)$rbp[0]'.
(gdb) p (*const char *)$rbp[0][C[1P)$rbp[0]
A syntax error in expression, near `const char )$rbp[0]'.
(gdb) p (*const char )$rbp[0]*)$rbp[0]*)$rbp[0]*)$rbp[0][1P
Attempt to dereference a generic pointer.
(gdb) p (char *)0x555555555030
$11 = 0x555555555030 <fprintf@plt> "\377%\342/"
(gdb) p (char *)0x555555555030[C[C[C[C[C[C[C[C[C[Const char ***)$rbp[0][C[C[C[C[C[C[C[C[C[2P*const char )$rbp[0]*)$rbp[0]*)$rbp[0]*)$rbp[0][C[C[C[C[C[C[C[C[C[2Pconst char **)$rbp[0][C[C[C[C[C[C[C[C[C*(const char ***)) $rbp[0][1P$rbp[0][C[C[C[C[C[C[C[C$rbp[0][K[K(*(const char ***)($rbp-8))[0]4))[0][2P))[0][K-4))8))16))[0]7))[0][Krbp-0x20))[0][5P))[0][C[C[C[C[C[Cdisas /m[K[C[C[C[C[C[C[3Pr joedisas /m
Dump of assembler code for function hello:
7	{
   0x0000555555555145 <+0>:	push   %rbp
   0x0000555555555146 <+1>:	mov    %rsp,%rbp
   0x0000555555555149 <+4>:	sub    $0x10,%rsp
   0x000055555555514d <+8>:	mov    %rdi,-0x8(%rbp)
   0x0000555555555151 <+12>:	mov    %rsi,-0x10(%rbp)

8	  fprintf(out, "hello %s\n", who);
=> 0x0000555555555155 <+16>:	mov    -0x10(%rbp),%rdx
   0x0000555555555159 <+20>:	mov    -0x8(%rbp),%rax
   0x000055555555515d <+24>:	lea    0xea0(%rip),%rsi        # 0x555555556004
   0x0000555555555164 <+31>:	mov    %rax,%rdi
   0x0000555555555167 <+34>:	mov    $0x0,%eax
   0x000055555555516c <+39>:	callq  0x555555555030 <fprintf@plt>

9	}
   0x0000555555555171 <+44>:	nop
   0x0000555555555172 <+45>:	leaveq 
   0x0000555555555173 <+46>:	retq   

End of assembler dump.
(gdb) p $rdx
$12 = 140737488349941
(gdb) p $rdx[C[K[Ks[Kbp
$13 = (void *) 0x7fffffffe720
(gdb) p $rbp[K[Kax
$14 = 140737353672544
(gdb) p $rax]]][K[K[K[K[K[K[K(*(const char***)($rax))[0]
Cannot access memory at address 0xfbad2084
(gdb) p (*(const char***)($rax))[0][K[K[K
$15 = (const char **) 0xfbad2084
(gdb) p (*(const char***)($rax))[1P))[1P))[1P))d))x))
Cannot access memory at address 0xffffffffffffeaf5
(gdb) p (*(const char***)($dx))[1P))[1P))r))d))x))
$16 = (const char **) 0x4c45485300656f6a
(gdb) p (char *)0x555555556004
$17 = 0x555555556004 "hello %s\n"
(gdb) p (char *)0x555555556004[K[K[K[K[K[K[K[K[K[K[K[K[K[K[K[K[K[K[K[K[K*(const char**[K[K &&&[K[K[K***))[K ($rbp)-)8)
A syntax error in expression, near `'.
(gdb) p (*(const char ***) ($rbp-8))
$18 = (const char **) 0x7ffff7f8e760 <_IO_2_1_stdout_>
(gdb) p (*(const char ***) ($rbp-8))[1P))1))0))
$19 = (const char **) 0x7ffff7f8e7600000
(gdb) p (*(const char ***) ($rbp-10))[1P8))10))[1P))[1P))[1P))[1P))[1P))[1P))e))a))x))
Cannot access memory at address 0xfffffffff7f8e760
(gdb) p (*(const char ***) ($eax))[0]
Cannot access memory at address 0xfffffffff7f8e760
(gdb) p (*(const char ***) ($eax))[0][1P]4]
Cannot access memory at address 0xfffffffff7f8e760
(gdb) p (*(const char ***) ($eax))[4][1P))[4][1P))[4][1P))[4]r))[4]b))[4]p))[4]
$20 = 0x200040000 <error: Cannot access memory at address 0x200040000>
(gdb) p (*(const char ***) ($rbp))[4][K[K[K
$21 = (const char **) 0x7fffffffe750
(gdb) p (*(const char ***) ($rbp))[C[C[C[C[C[C[C[C[C[C[C[C
$22 = (const char **) 0x7fffffffe750
(gdb) p (*(const char ***) ($rbp))[4]eax))[4]0][Krbp-10))[1P8))[K[C[C[C[C[C[C[C[C[C[5Pchar *)0x555555556004[K[K[K[K[K[K[K[K[K[K[K[K[Kx7fffffffe750][K
$23 = 0x7fffffffe750 ""
(gdb) p (char *)0x7fffffffe750fe750
$24 = 0x7ffffffffe750 <error: Cannot access memory at address 0x7ffffffffe750>
(gdb) p (char *)0x7ffffffffe750[1Pe750[C[C[C[C[C[C[C[C[C*(const char ***) ($rbp))[4]eax))[4]0][Krbp-10))[1P8))[K[C[C[C[C[C[C[C[C[C[5Pchar *)0x555555556004[C[C[C[C[C[C[C[C[C*(const char***)($rdx))[C[C[C[C[C[C[C[C[C[2Pchar *)0x555555556004
$25 = 0x555555556004 "hello %s\n"
(gdb) p (char *)0x555555556004\\[K[K[K[K[K[K[K[K[K[K[K[K[K[K[K[K[K)%rdx
A syntax error in expression, near `%rdx'.
(gdb) p (char *)%rdx[K[K[K[K[K[K[K[K[K[K[K[K%rdx
A syntax error in expression, near `%rdx'.
(gdb) p %rdx[C[1Prdx$rdx
$26 = 140737488349941
(gdb) p $rdx%rdx(char *)%rdx[C[C[C[C[C[C[C[C[8P%rdx$rdx[Kp (const ch[K[K[K[K[K[K[Khar *) $rdx
$27 = 0x7fffffffeaf5 "joe"
(gdb) q
A debugging session is active.

	Inferior 1 [process 2762733] will be killed.

Quit anyway? (y or n) y
bhogan9@remote06:~/projects/i220a/submit/lab7/exercises$ gd[Kdb hello
GNU gdb (Debian 8.2.1-2+b3) 8.2.1
Copyright (C) 2018 Free Software Foundation, Inc.
License GPLv3+: GNU GPL version 3 or later <http://gnu.org/licenses/gpl.html>
This is free software: you are free to change and redistribute it.
There is NO WARRANTY, to the extent permitted by law.
Type "show copying" and "show warranty" for details.
This GDB was configured as "x86_64-linux-gnu".
Type "show configuration" for configuration details.
For bug reporting instructions, please see:
<http://www.gnu.org/software/gdb/bugs/>.
Find the GDB manual and other documentation resources online at:
    <http://www.gnu.org/software/gdb/documentation/>.

For help, type "help".
Type "apropos word" to search for commands related to "word"...
Reading symbols from hello...done.
(gdb) b mian[K[K[K[K[K[Kstart joe
Temporary breakpoint 1 at 0x1183: file hello.c, line 16.
Starting program: /import/linux/home1/bhogan9/projects/i220a/submit/lab7/exercises/hello joe

Temporary breakpoint 1, main (argc=2, argv=0x7fffffffe838) at hello.c:16
16	  if (argc == 1) {
(gdb) disass /n[Km
Dump of assembler code for function main:
15	{
   0x0000555555555174 <+0>:	push   %rbp
   0x0000555555555175 <+1>:	mov    %rsp,%rbp
   0x0000555555555178 <+4>:	sub    $0x20,%rsp
   0x000055555555517c <+8>:	mov    %edi,-0x14(%rbp)
   0x000055555555517f <+11>:	mov    %rsi,-0x20(%rbp)

16	  if (argc == 1) {
=> 0x0000555555555183 <+15>:	cmpl   $0x1,-0x14(%rbp)
   0x0000555555555187 <+19>:	jne    0x5555555551b5 <main+65>

17	    fprintf(stderr, "usage: %s NAME...\n", argv[0]);
   0x0000555555555189 <+21>:	mov    -0x20(%rbp),%rax
   0x000055555555518d <+25>:	mov    (%rax),%rdx
   0x0000555555555190 <+28>:	mov    0x2ec9(%rip),%rax        # 0x555555558060 <stderr@@GLIBC_2.2.5>
   0x0000555555555197 <+35>:	lea    0xe70(%rip),%rsi        # 0x55555555600e
   0x000055555555519e <+42>:	mov    %rax,%rdi
   0x00005555555551a1 <+45>:	mov    $0x0,%eax
   0x00005555555551a6 <+50>:	callq  0x555555555030 <fprintf@plt>

18	    exit(0xdeadbeef);
   0x00005555555551ab <+55>:	mov    $0xdeadbeef,%edi
   0x00005555555551b0 <+60>:	callq  0x555555555040 <exit@plt>

19	  }
20	  for (int i = 1; i < argc; i++) {
   0x00005555555551b5 <+65>:	movl   $0x1,-0x4(%rbp)
   0x00005555555551bc <+72>:	jmp    0x5555555551eb <main+119>
   0x00005555555551e7 <+115>:	addl   $0x1,-0x4(%rbp)
   0x00005555555551eb <+119>:	mov    -0x4(%rbp),%eax
   0x00005555555551ee <+122>:	cmp    -0x14(%rbp),%eax
   0x00005555555551f1 <+125>:	jl     0x5555555551be <main+74>

21	    hello(stdout, argv[i]);
   0x00005555555551be <+74>:	mov    -0x4(%rbp),%eax
   0x00005555555551c1 <+77>:	cltq   
   0x00005555555551c3 <+79>:	lea    0x0(,%rax,8),%rdx
   0x00005555555551cb <+87>:	mov    -0x20(%rbp),%rax
   0x00005555555551cf <+91>:	add    %rdx,%rax
   0x00005555555551d2 <+94>:	mov    (%rax),%rdx
   0x00005555555551d5 <+97>:	mov    0x2e64(%rip),%rax        # 0x555555558040 <stdout@@GLIBC_2.2.5>
   0x00005555555551dc <+104>:	mov    %rdx,%rsi
   0x00005555555551df <+107>:	mov    %rax,%rdi
   0x00005555555551e2 <+110>:	callq  0x555555555145 <hello>

22	  }
23	  return 0;
--Type <RET> for more, q to quit, c to continue without paging--c
   0x00005555555551f3 <+127>:	mov    $0x0,%eax

24	}
   0x00005555555551f8 <+132>:	leaveq 
   0x00005555555551f9 <+133>:	retq   

End of assembler dump.
(gdb) b *00005555555551ee[C[C[C[C[C[C[C[C[C[C[C[C
Invalid number "00005555555551ee".
(gdb) b *00005555555551ee[C[C[C[C05555555551ee[C[C[C[C[C[C[C[C[C[Cx00005555555551ee[C[C[C[C[C[C[C[C[C[C[C
Breakpoint 2 at 0x5555555551ee: file hello.c, line 20.
(gdb) c
Continuing.

Breakpoint 2, 0x00005555555551ee in main (argc=2, argv=0x7fffffffe838) at hello.c:20
20	  for (int i = 1; i < argc; i++) {
(gdb) i
"info" must be followed by the name of an info command.
List of info subcommands:

info address -- Describe where symbol SYM is stored
info all-registers -- List of all registers and their contents
info args -- Argument variables of current stack frame
info auto-load -- Print current status of auto-loaded files
info auxv -- Display the inferior's auxiliary vector
info bookmarks -- Status of user-settable bookmarks
info breakpoints -- Status of specified breakpoints (all user-settable breakpoints if no argument)
info checkpoints -- IDs of currently known checkpoints
info classes -- All Objective-C classes
info common -- Print out the values contained in a Fortran COMMON block
info copying -- Conditions for redistributing copies of GDB
info dcache -- Print information on the dcache performance
info display -- Expressions to display when program stops
info exceptions -- List all Ada exception names
info extensions -- All filename extensions associated with a source language
info files -- Names of targets and files being debugged
info float -- Print the status of the floating point unit
info frame -- All about selected stack frame
info frame-filter -- List all registered Python frame-filters
info functions -- All function names
info guile -- Prefix command for Guile info displays
info handle -- What debugger does when program gets various signals
info inferiors -- Print a list of inferiors being managed
info line -- Core addresses of the code for a source line
info locals -- Local variables of current stack frame
info macro -- Show the definition of MACRO
info macros -- Show the definitions of all macros at LINESPEC
info mem -- Memory region attributes
info os -- Show OS data ARG
info pretty-printer -- GDB command to list all registered pretty-printers
info probes -- Show available static probes
info proc -- Show /proc process information about any running process
info program -- Execution status of the program
info record -- Info record options
info registers -- List of integer registers and their contents
info scope -- List the variables local to a scope
info selectors -- All Objective-C selectors
info set -- Show all GDB settings
info sharedlibrary -- Status of loaded shared object libraries
info signals -- What debugger does when program gets various signals
info skip -- Display the status of skips
info source -- Information about the current source file
info sources -- Source files in the program
info stack -- Backtrace of the stack
info static-tracepoint-markers -- List target static tracepoints markers
info symbol -- Describe what symbol is at location ADDR
--Type <RET> for more, q to quit, c to continue without paging--c
info target -- Names of targets and files being debugged
info tasks -- Provide information about all known Ada tasks
info terminal -- Print inferior's saved terminal status
info threads -- Display currently known threads
info tracepoints -- Status of specified tracepoints (all tracepoints if no argument)
info tvariables -- Status of trace state variables and their values
info type-printers -- GDB command to list all registered type-printers
info types -- All type names
info unwinder -- GDB command to list unwinders
info variables -- All global and static variable names
info vector -- Print the status of the vector unit
info vtbl -- Show the virtual function table for a C++ object
info warranty -- Various kinds of warranty you do not have
info watchpoints -- Status of specified watchpoints (all watchpoints if no argument)
info win -- List of all displayed windows
info xmethod -- GDB command to list registered xmethod matchers

Type "help info" followed by info subcommand name for full documentation.
Type "apropos word" to search for commands related to "word".
Command name abbreviations are allowed if unambiguous.
(gdb) p i
$1 = 1
(gdb) c
Continuing.
hello joe

Breakpoint 2, 0x00005555555551ee in main (argc=2, argv=0x7fffffffe838) at hello.c:20
20	  for (int i = 1; i < argc; i++) {
(gdb) p $eax
$2 = 2
(gdb) e[Kset $eax = $eax - 1
(gdb) c
Continuing.
hello (null)

Breakpoint 2, 0x00005555555551ee in main (argc=2, argv=0x7fffffffe838) at hello.c:20
20	  for (int i = 1; i < argc; i++) {
(gdb) q
A debugging session is active.

	Inferior 1 [process 2772619] will be killed.

Quit anyway? (y or n) y
bhogan9@remote06:~/projects/i220a/submit/lab7/exercises$ exit

Script done on 2020-10-18 22:57:49-04:00 [COMMAND_EXIT_CODE="0"]
